        -:    0:Source:/Library/Developer/CommandLineTools/SDKs/MacOSX.sdk/usr/include/c++/v1/locale
        -:    0:Graph:hello.gcno
        -:    0:Data:hello.gcda
        -:    0:Runs:1
        -:    0:Programs:1
        -:    1:// -*- C++ -*-
        -:    2://===----------------------------------------------------------------------===//
        -:    3://
        -:    4:// Part of the LLVM Project, under the Apache License v2.0 with LLVM Exceptions.
        -:    5:// See https://llvm.org/LICENSE.txt for license information.
        -:    6:// SPDX-License-Identifier: Apache-2.0 WITH LLVM-exception
        -:    7://
        -:    8://===----------------------------------------------------------------------===//
        -:    9:
        -:   10:#ifndef _LIBCPP_LOCALE
        -:   11:#define _LIBCPP_LOCALE
        -:   12:
        -:   13:/*
        -:   14:    locale synopsis
        -:   15:
        -:   16:namespace std
        -:   17:{
        -:   18:
        -:   19:class locale
        -:   20:{
        -:   21:public:
        -:   22:    // types:
        -:   23:    class facet;
        -:   24:    class id;
        -:   25:
        -:   26:    typedef int category;
        -:   27:    static const category // values assigned here are for exposition only
        -:   28:        none     = 0x000,
        -:   29:        collate  = 0x010,
        -:   30:        ctype    = 0x020,
        -:   31:        monetary = 0x040,
        -:   32:        numeric  = 0x080,
        -:   33:        time     = 0x100,
        -:   34:        messages = 0x200,
        -:   35:        all = collate | ctype | monetary | numeric | time | messages;
        -:   36:
        -:   37:    // construct/copy/destroy:
        -:   38:    locale() noexcept;
        -:   39:    locale(const locale& other) noexcept;
        -:   40:    explicit locale(const char* std_name);
        -:   41:    explicit locale(const string& std_name);
        -:   42:    locale(const locale& other, const char* std_name, category);
        -:   43:    locale(const locale& other, const string& std_name, category);
        -:   44:    template <class Facet> locale(const locale& other, Facet* f);
        -:   45:    locale(const locale& other, const locale& one, category);
        -:   46:
        -:   47:    ~locale(); // not virtual
        -:   48:
        -:   49:    const locale& operator=(const locale& other) noexcept;
        -:   50:
        -:   51:    template <class Facet> locale combine(const locale& other) const;
        -:   52:
        -:   53:    // locale operations:
        -:   54:    basic_string<char> name() const;
        -:   55:    bool operator==(const locale& other) const;
        -:   56:    bool operator!=(const locale& other) const;
        -:   57:    template <class charT, class Traits, class Allocator>
        -:   58:      bool operator()(const basic_string<charT,Traits,Allocator>& s1,
        -:   59:                      const basic_string<charT,Traits,Allocator>& s2) const;
        -:   60:
        -:   61:    // global locale objects:
        -:   62:    static locale global(const locale&);
        -:   63:    static const locale& classic();
        -:   64:};
        -:   65:
        -:   66:template <class Facet> const Facet& use_facet(const locale&);
        -:   67:template <class Facet> bool has_facet(const locale&) noexcept;
        -:   68:
        -:   69:// 22.3.3, convenience interfaces:
        -:   70:template <class charT> bool isspace (charT c, const locale& loc);
        -:   71:template <class charT> bool isprint (charT c, const locale& loc);
        -:   72:template <class charT> bool iscntrl (charT c, const locale& loc);
        -:   73:template <class charT> bool isupper (charT c, const locale& loc);
        -:   74:template <class charT> bool islower (charT c, const locale& loc);
        -:   75:template <class charT> bool isalpha (charT c, const locale& loc);
        -:   76:template <class charT> bool isdigit (charT c, const locale& loc);
        -:   77:template <class charT> bool ispunct (charT c, const locale& loc);
        -:   78:template <class charT> bool isxdigit(charT c, const locale& loc);
        -:   79:template <class charT> bool isalnum (charT c, const locale& loc);
        -:   80:template <class charT> bool isgraph (charT c, const locale& loc);
        -:   81:template <class charT> charT toupper(charT c, const locale& loc);
        -:   82:template <class charT> charT tolower(charT c, const locale& loc);
        -:   83:
        -:   84:template<class Codecvt, class Elem = wchar_t,
        -:   85:         class Wide_alloc = allocator<Elem>,
        -:   86:         class Byte_alloc = allocator<char>>
        -:   87:class wstring_convert
        -:   88:{
        -:   89:public:
        -:   90:    typedef basic_string<char, char_traits<char>, Byte_alloc> byte_string;
        -:   91:    typedef basic_string<Elem, char_traits<Elem>, Wide_alloc> wide_string;
        -:   92:    typedef typename Codecvt::state_type                      state_type;
        -:   93:    typedef typename wide_string::traits_type::int_type       int_type;
        -:   94:
        -:   95:    wstring_convert(Codecvt* pcvt = new Codecvt);          // before C++14
        -:   96:    explicit wstring_convert(Codecvt* pcvt = new Codecvt); // before C++20
        -:   97:    wstring_convert() : wstring_convert(new Codecvt) {}    // C++20
        -:   98:    explicit wstring_convert(Codecvt* pcvt);               // C++20
        -:   99:
        -:  100:    wstring_convert(Codecvt* pcvt, state_type state);
        -:  101:    explicit wstring_convert(const byte_string& byte_err,           // explicit in C++14
        -:  102:                    const wide_string& wide_err = wide_string());
        -:  103:    wstring_convert(const wstring_convert&) = delete;               // C++14
        -:  104:    wstring_convert & operator=(const wstring_convert &) = delete;  // C++14
        -:  105:    ~wstring_convert();
        -:  106:
        -:  107:    wide_string from_bytes(char byte);
        -:  108:    wide_string from_bytes(const char* ptr);
        -:  109:    wide_string from_bytes(const byte_string& str);
        -:  110:    wide_string from_bytes(const char* first, const char* last);
        -:  111:
        -:  112:    byte_string to_bytes(Elem wchar);
        -:  113:    byte_string to_bytes(const Elem* wptr);
        -:  114:    byte_string to_bytes(const wide_string& wstr);
        -:  115:    byte_string to_bytes(const Elem* first, const Elem* last);
        -:  116:
        -:  117:    size_t converted() const; // noexcept in C++14
        -:  118:    state_type state() const;
        -:  119:};
        -:  120:
        -:  121:template <class Codecvt, class Elem = wchar_t, class Tr = char_traits<Elem>>
        -:  122:class wbuffer_convert
        -:  123:    : public basic_streambuf<Elem, Tr>
        -:  124:{
        -:  125:public:
        -:  126:    typedef typename Tr::state_type state_type;
        -:  127:
        -:  128:    wbuffer_convert(streambuf* bytebuf = 0, Codecvt* pcvt = new Codecvt,
        -:  129:                    state_type state = state_type());          // before C++14
        -:  130:    explicit wbuffer_convert(streambuf* bytebuf = nullptr, Codecvt* pcvt = new Codecvt,
        -:  131:                            state_type state = state_type()); // before C++20
        -:  132:    wbuffer_convert() : wbuffer_convert(nullptr) {} // C++20
        -:  133:    explicit wbuffer_convert(streambuf* bytebuf, Codecvt* pcvt = new Codecvt,
        -:  134:                            state_type state = state_type()); // C++20
        -:  135:
        -:  136:    wbuffer_convert(const wbuffer_convert&) = delete;               // C++14
        -:  137:    wbuffer_convert & operator=(const wbuffer_convert &) = delete;  // C++14
        -:  138:    ~wbuffer_convert();                                             // C++14
        -:  139:
        -:  140:    streambuf* rdbuf() const;
        -:  141:    streambuf* rdbuf(streambuf* bytebuf);
        -:  142:
        -:  143:    state_type state() const;
        -:  144:};
        -:  145:
        -:  146:// 22.4.1 and 22.4.1.3, ctype:
        -:  147:class ctype_base;
        -:  148:template <class charT> class ctype;
        -:  149:template <> class ctype<char>; // specialization
        -:  150:template <class charT> class ctype_byname;
        -:  151:template <> class ctype_byname<char>; // specialization
        -:  152:
        -:  153:class codecvt_base;
        -:  154:template <class internT, class externT, class stateT> class codecvt;
        -:  155:template <class internT, class externT, class stateT> class codecvt_byname;
        -:  156:
        -:  157:// 22.4.2 and 22.4.3, numeric:
        -:  158:template <class charT, class InputIterator> class num_get;
        -:  159:template <class charT, class OutputIterator> class num_put;
        -:  160:template <class charT> class numpunct;
        -:  161:template <class charT> class numpunct_byname;
        -:  162:
        -:  163:// 22.4.4, col lation:
        -:  164:template <class charT> class collate;
        -:  165:template <class charT> class collate_byname;
        -:  166:
        -:  167:// 22.4.5, date and time:
        -:  168:class time_base;
        -:  169:template <class charT, class InputIterator> class time_get;
        -:  170:template <class charT, class InputIterator> class time_get_byname;
        -:  171:template <class charT, class OutputIterator> class time_put;
        -:  172:template <class charT, class OutputIterator> class time_put_byname;
        -:  173:
        -:  174:// 22.4.6, money:
        -:  175:class money_base;
        -:  176:template <class charT, class InputIterator> class money_get;
        -:  177:template <class charT, class OutputIterator> class money_put;
        -:  178:template <class charT, bool Intl> class moneypunct;
        -:  179:template <class charT, bool Intl> class moneypunct_byname;
        -:  180:
        -:  181:// 22.4.7, message retrieval:
        -:  182:class messages_base;
        -:  183:template <class charT> class messages;
        -:  184:template <class charT> class messages_byname;
        -:  185:
        -:  186:}  // std
        -:  187:
        -:  188:*/
        -:  189:
        -:  190:#include <__algorithm/copy.h>
        -:  191:#include <__algorithm/equal.h>
        -:  192:#include <__algorithm/find.h>
        -:  193:#include <__algorithm/max.h>
        -:  194:#include <__algorithm/reverse.h>
        -:  195:#include <__algorithm/unwrap_iter.h>
        -:  196:#include <__assert> // all public C++ headers provide the assertion handler
        -:  197:#include <__config>
        -:  198:#include <__debug>
        -:  199:#include <__iterator/access.h>
        -:  200:#include <__iterator/back_insert_iterator.h>
        -:  201:#include <__iterator/istreambuf_iterator.h>
        -:  202:#include <__iterator/ostreambuf_iterator.h>
        -:  203:#include <__locale>
        -:  204:#include <cstdarg> // TODO: Remove this include
        -:  205:#include <cstdio>
        -:  206:#include <cstdlib>
        -:  207:#include <ctime>
        -:  208:#include <ios>
        -:  209:#include <limits>
        -:  210:#include <memory>
        -:  211:#include <streambuf>
        -:  212:#include <version>
        -:  213:
        -:  214:#ifndef _LIBCPP_REMOVE_TRANSITIVE_INCLUDES
        -:  215:#  include <iterator>
        -:  216:#endif
        -:  217:
        -:  218:#if defined(__unix__) || (defined(__APPLE__) && defined(__MACH__))
        -:  219:// Most unix variants have catopen.  These are the specific ones that don't.
        -:  220:#  if !defined(__BIONIC__) && !defined(_NEWLIB_VERSION) && !defined(__EMSCRIPTEN__)
        -:  221:#    define _LIBCPP_HAS_CATOPEN 1
        -:  222:#    include <nl_types.h>
        -:  223:#  endif
        -:  224:#endif
        -:  225:
        -:  226:#ifdef _LIBCPP_LOCALE__L_EXTENSIONS
        -:  227:#include <__bsd_locale_defaults.h>
        -:  228:#else
        -:  229:#include <__bsd_locale_fallbacks.h>
        -:  230:#endif
        -:  231:
        -:  232:#if !defined(_LIBCPP_HAS_NO_PRAGMA_SYSTEM_HEADER)
        -:  233:#  pragma GCC system_header
        -:  234:#endif
        -:  235:
        -:  236:_LIBCPP_PUSH_MACROS
        -:  237:#include <__undef_macros>
        -:  238:
        -:  239:
        -:  240:_LIBCPP_BEGIN_NAMESPACE_STD
        -:  241:
        -:  242:#if defined(__APPLE__) || defined(__FreeBSD__)
        -:  243:#  define _LIBCPP_GET_C_LOCALE 0
        -:  244:#elif defined(__NetBSD__)
        -:  245:#  define _LIBCPP_GET_C_LOCALE LC_C_LOCALE
        -:  246:#else
        -:  247:#  define _LIBCPP_GET_C_LOCALE __cloc()
        -:  248:   // Get the C locale object
        -:  249:   _LIBCPP_FUNC_VIS locale_t __cloc();
        -:  250:#define __cloc_defined
        -:  251:#endif
        -:  252:
        -:  253:// __scan_keyword
        -:  254:// Scans [__b, __e) until a match is found in the basic_strings range
        -:  255://  [__kb, __ke) or until it can be shown that there is no match in [__kb, __ke).
        -:  256://  __b will be incremented (visibly), consuming CharT until a match is found
        -:  257://  or proved to not exist.  A keyword may be "", in which will match anything.
        -:  258://  If one keyword is a prefix of another, and the next CharT in the input
        -:  259://  might match another keyword, the algorithm will attempt to find the longest
        -:  260://  matching keyword.  If the longer matching keyword ends up not matching, then
        -:  261://  no keyword match is found.  If no keyword match is found, __ke is returned
        -:  262://  and failbit is set in __err.
        -:  263://  Else an iterator pointing to the matching keyword is found.  If more than
        -:  264://  one keyword matches, an iterator to the first matching keyword is returned.
        -:  265://  If on exit __b == __e, eofbit is set in __err.  If __case_sensitive is false,
        -:  266://  __ct is used to force to lower case before comparing characters.
        -:  267://  Examples:
        -:  268://  Keywords:  "a", "abb"
        -:  269://  If the input is "a", the first keyword matches and eofbit is set.
        -:  270://  If the input is "abc", no match is found and "ab" are consumed.
        -:  271:template <class _InputIterator, class _ForwardIterator, class _Ctype>
        -:  272:_LIBCPP_HIDDEN
        -:  273:_ForwardIterator
        -:  274:__scan_keyword(_InputIterator& __b, _InputIterator __e,
        -:  275:               _ForwardIterator __kb, _ForwardIterator __ke,
        -:  276:               const _Ctype& __ct, ios_base::iostate& __err,
        -:  277:               bool __case_sensitive = true)
        -:  278:{
        -:  279:    typedef typename iterator_traits<_InputIterator>::value_type _CharT;
        -:  280:    size_t __nkw = static_cast<size_t>(_VSTD::distance(__kb, __ke));
        -:  281:    const unsigned char __doesnt_match = '\0';
        -:  282:    const unsigned char __might_match = '\1';
        -:  283:    const unsigned char __does_match = '\2';
        -:  284:    unsigned char __statbuf[100];
        -:  285:    unsigned char* __status = __statbuf;
        -:  286:    unique_ptr<unsigned char, void(*)(void*)> __stat_hold(nullptr, free);
        -:  287:    if (__nkw > sizeof(__statbuf))
        -:  288:    {
        -:  289:        __status = (unsigned char*)malloc(__nkw);
        -:  290:        if (__status == nullptr)
        -:  291:            __throw_bad_alloc();
        -:  292:        __stat_hold.reset(__status);
        -:  293:    }
        -:  294:    size_t __n_might_match = __nkw;  // At this point, any keyword might match
        -:  295:    size_t __n_does_match = 0;       // but none of them definitely do
        -:  296:    // Initialize all statuses to __might_match, except for "" keywords are __does_match
        -:  297:    unsigned char* __st = __status;
        -:  298:    for (_ForwardIterator __ky = __kb; __ky != __ke; ++__ky, (void) ++__st)
        -:  299:    {
        -:  300:        if (!__ky->empty())
        -:  301:            *__st = __might_match;
        -:  302:        else
        -:  303:        {
        -:  304:            *__st = __does_match;
        -:  305:            --__n_might_match;
        -:  306:            ++__n_does_match;
        -:  307:        }
        -:  308:    }
        -:  309:    // While there might be a match, test keywords against the next CharT
        -:  310:    for (size_t __indx = 0; __b != __e && __n_might_match > 0; ++__indx)
        -:  311:    {
        -:  312:        // Peek at the next CharT but don't consume it
        -:  313:        _CharT __c = *__b;
        -:  314:        if (!__case_sensitive)
        -:  315:            __c = __ct.toupper(__c);
        -:  316:        bool __consume = false;
        -:  317:        // For each keyword which might match, see if the __indx character is __c
        -:  318:        // If a match if found, consume __c
        -:  319:        // If a match is found, and that is the last character in the keyword,
        -:  320:        //    then that keyword matches.
        -:  321:        // If the keyword doesn't match this character, then change the keyword
        -:  322:        //    to doesn't match
        -:  323:        __st = __status;
        -:  324:        for (_ForwardIterator __ky = __kb; __ky != __ke; ++__ky, (void) ++__st)
        -:  325:        {
        -:  326:            if (*__st == __might_match)
        -:  327:            {
        -:  328:                _CharT __kc = (*__ky)[__indx];
        -:  329:                if (!__case_sensitive)
        -:  330:                    __kc = __ct.toupper(__kc);
        -:  331:                if (__c == __kc)
        -:  332:                {
        -:  333:                    __consume = true;
        -:  334:                    if (__ky->size() == __indx+1)
        -:  335:                    {
        -:  336:                        *__st = __does_match;
        -:  337:                        --__n_might_match;
        -:  338:                        ++__n_does_match;
        -:  339:                    }
        -:  340:                }
        -:  341:                else
        -:  342:                {
        -:  343:                    *__st = __doesnt_match;
        -:  344:                    --__n_might_match;
        -:  345:                }
        -:  346:            }
        -:  347:        }
        -:  348:        // consume if we matched a character
        -:  349:        if (__consume)
        -:  350:        {
        -:  351:            ++__b;
        -:  352:            // If we consumed a character and there might be a matched keyword that
        -:  353:            //   was marked matched on a previous iteration, then such keywords
        -:  354:            //   which are now marked as not matching.
        -:  355:            if (__n_might_match + __n_does_match > 1)
        -:  356:            {
        -:  357:                __st = __status;
        -:  358:                for (_ForwardIterator __ky = __kb; __ky != __ke; ++__ky, (void) ++__st)
        -:  359:                {
        -:  360:                    if (*__st == __does_match && __ky->size() != __indx+1)
        -:  361:                    {
        -:  362:                        *__st = __doesnt_match;
        -:  363:                        --__n_does_match;
        -:  364:                    }
        -:  365:                }
        -:  366:            }
        -:  367:        }
        -:  368:    }
        -:  369:    // We've exited the loop because we hit eof and/or we have no more "might matches".
        -:  370:    if (__b == __e)
        -:  371:        __err |= ios_base::eofbit;
        -:  372:    // Return the first matching result
        -:  373:    for (__st = __status; __kb != __ke; ++__kb, (void) ++__st)
        -:  374:        if (*__st == __does_match)
        -:  375:            break;
        -:  376:    if (__kb == __ke)
        -:  377:        __err |= ios_base::failbit;
        -:  378:    return __kb;
        -:  379:}
        -:  380:
        -:  381:struct _LIBCPP_TYPE_VIS __num_get_base
        -:  382:{
        -:  383:    static const int __num_get_buf_sz = 40;
        -:  384:
        -:  385:    static int __get_base(ios_base&);
        -:  386:    static const char __src[33];
        -:  387:};
        -:  388:
        -:  389:_LIBCPP_FUNC_VIS
        -:  390:void __check_grouping(const string& __grouping, unsigned* __g, unsigned* __g_end,
        -:  391:                      ios_base::iostate& __err);
        -:  392:
        -:  393:template <class _CharT>
        -:  394:struct __num_get
        -:  395:    : protected __num_get_base
        -:  396:{
        -:  397:    static string __stage2_float_prep(ios_base& __iob, _CharT* __atoms, _CharT& __decimal_point,
        -:  398:                                      _CharT& __thousands_sep);
        -:  399:
        -:  400:    static int __stage2_float_loop(_CharT __ct, bool& __in_units, char& __exp,
        -:  401:                                   char* __a, char*& __a_end,
        -:  402:                                   _CharT __decimal_point, _CharT __thousands_sep,
        -:  403:                                   const string& __grouping, unsigned* __g,
        -:  404:                                   unsigned*& __g_end, unsigned& __dc, _CharT* __atoms);
        -:  405:#ifndef _LIBCPP_ABI_OPTIMIZED_LOCALE_NUM_GET
        -:  406:    static string __stage2_int_prep(ios_base& __iob, _CharT* __atoms, _CharT& __thousands_sep);
        -:  407:    static int __stage2_int_loop(_CharT __ct, int __base, char* __a, char*& __a_end,
        -:  408:                  unsigned& __dc, _CharT __thousands_sep, const string& __grouping,
        -:  409:                  unsigned* __g, unsigned*& __g_end, _CharT* __atoms);
        -:  410:
        -:  411:#else
        -:  412:    static string __stage2_int_prep(ios_base& __iob, _CharT& __thousands_sep)
        -:  413:    {
        -:  414:        locale __loc = __iob.getloc();
        -:  415:        const numpunct<_CharT>& __np = use_facet<numpunct<_CharT> >(__loc);
        -:  416:        __thousands_sep = __np.thousands_sep();
        -:  417:        return __np.grouping();
        -:  418:    }
        -:  419:
        -:  420:    const _CharT* __do_widen(ios_base& __iob, _CharT* __atoms) const
        -:  421:    {
        -:  422:      return __do_widen_p(__iob, __atoms);
        -:  423:    }
        -:  424:
        -:  425:
        -:  426:    static int __stage2_int_loop(_CharT __ct, int __base, char* __a, char*& __a_end,
        -:  427:                  unsigned& __dc, _CharT __thousands_sep, const string& __grouping,
        -:  428:                  unsigned* __g, unsigned*& __g_end, const _CharT* __atoms);
        -:  429:private:
        -:  430:    template<typename _Tp>
        -:  431:    const _Tp* __do_widen_p(ios_base& __iob, _Tp* __atoms) const
        -:  432:    {
        -:  433:      locale __loc = __iob.getloc();
        -:  434:      use_facet<ctype<_Tp> >(__loc).widen(__src, __src + 26, __atoms);
        -:  435:      return __atoms;
        -:  436:    }
        -:  437:
        -:  438:    const char* __do_widen_p(ios_base& __iob, char* __atoms) const
        -:  439:    {
        -:  440:      (void)__iob;
        -:  441:      (void)__atoms;
        -:  442:      return __src;
        -:  443:    }
        -:  444:#endif
        -:  445:};
        -:  446:
        -:  447:#ifndef _LIBCPP_ABI_OPTIMIZED_LOCALE_NUM_GET
        -:  448:template <class _CharT>
        -:  449:string
        -:  450:__num_get<_CharT>::__stage2_int_prep(ios_base& __iob, _CharT* __atoms, _CharT& __thousands_sep)
        -:  451:{
        -:  452:    locale __loc = __iob.getloc();
        -:  453:    use_facet<ctype<_CharT> >(__loc).widen(__src, __src + 26, __atoms);
        -:  454:    const numpunct<_CharT>& __np = use_facet<numpunct<_CharT> >(__loc);
        -:  455:    __thousands_sep = __np.thousands_sep();
        -:  456:    return __np.grouping();
        -:  457:}
        -:  458:#endif
        -:  459:
        -:  460:template <class _CharT>
        -:  461:string
        -:  462:__num_get<_CharT>::__stage2_float_prep(ios_base& __iob, _CharT* __atoms, _CharT& __decimal_point,
        -:  463:                    _CharT& __thousands_sep)
        -:  464:{
        -:  465:    locale __loc = __iob.getloc();
        -:  466:    use_facet<ctype<_CharT> >(__loc).widen(__src, __src + 32, __atoms);
        -:  467:    const numpunct<_CharT>& __np = use_facet<numpunct<_CharT> >(__loc);
        -:  468:    __decimal_point = __np.decimal_point();
        -:  469:    __thousands_sep = __np.thousands_sep();
        -:  470:    return __np.grouping();
        -:  471:}
        -:  472:
        -:  473:template <class _CharT>
        -:  474:int
        -:  475:#ifndef _LIBCPP_ABI_OPTIMIZED_LOCALE_NUM_GET
        -:  476:__num_get<_CharT>::__stage2_int_loop(_CharT __ct, int __base, char* __a, char*& __a_end,
        -:  477:                  unsigned& __dc, _CharT __thousands_sep, const string& __grouping,
        -:  478:                  unsigned* __g, unsigned*& __g_end, _CharT* __atoms)
        -:  479:#else
        -:  480:__num_get<_CharT>::__stage2_int_loop(_CharT __ct, int __base, char* __a, char*& __a_end,
        -:  481:                  unsigned& __dc, _CharT __thousands_sep, const string& __grouping,
        -:  482:                  unsigned* __g, unsigned*& __g_end, const _CharT* __atoms)
        -:  483:
        -:  484:#endif
        -:  485:{
        -:  486:    if (__a_end == __a && (__ct == __atoms[24] || __ct == __atoms[25]))
        -:  487:    {
        -:  488:        *__a_end++ = __ct == __atoms[24] ? '+' : '-';
        -:  489:        __dc = 0;
        -:  490:        return 0;
        -:  491:    }
        -:  492:    if (__grouping.size() != 0 && __ct == __thousands_sep)
        -:  493:    {
        -:  494:        if (__g_end-__g < __num_get_buf_sz)
        -:  495:        {
        -:  496:            *__g_end++ = __dc;
        -:  497:            __dc = 0;
        -:  498:        }
        -:  499:        return 0;
        -:  500:    }
        -:  501:    ptrdiff_t __f = find(__atoms, __atoms + 26, __ct) - __atoms;
        -:  502:    if (__f >= 24)
        -:  503:        return -1;
        -:  504:    switch (__base)
        -:  505:    {
        -:  506:    case 8:
        -:  507:    case 10:
        -:  508:        if (__f >= __base)
        -:  509:            return -1;
        -:  510:        break;
        -:  511:    case 16:
        -:  512:        if (__f < 22)
        -:  513:            break;
        -:  514:        if (__a_end != __a && __a_end - __a <= 2 && __a_end[-1] == '0')
        -:  515:        {
        -:  516:            __dc = 0;
        -:  517:            *__a_end++ = __src[__f];
        -:  518:            return 0;
        -:  519:        }
        -:  520:        return -1;
        -:  521:    }
        -:  522:    *__a_end++ = __src[__f];
        -:  523:    ++__dc;
        -:  524:    return 0;
        -:  525:}
        -:  526:
        -:  527:template <class _CharT>
        -:  528:int
        -:  529:__num_get<_CharT>::__stage2_float_loop(_CharT __ct, bool& __in_units, char& __exp, char* __a, char*& __a_end,
        -:  530:                    _CharT __decimal_point, _CharT __thousands_sep, const string& __grouping,
        -:  531:                    unsigned* __g, unsigned*& __g_end, unsigned& __dc, _CharT* __atoms)
        -:  532:{
        -:  533:    if (__ct == __decimal_point)
        -:  534:    {
        -:  535:        if (!__in_units)
        -:  536:            return -1;
        -:  537:        __in_units = false;
        -:  538:        *__a_end++ = '.';
        -:  539:        if (__grouping.size() != 0 && __g_end-__g < __num_get_buf_sz)
        -:  540:            *__g_end++ = __dc;
        -:  541:        return 0;
        -:  542:    }
        -:  543:    if (__ct == __thousands_sep && __grouping.size() != 0)
        -:  544:    {
        -:  545:        if (!__in_units)
        -:  546:            return -1;
        -:  547:        if (__g_end-__g < __num_get_buf_sz)
        -:  548:        {
        -:  549:            *__g_end++ = __dc;
        -:  550:            __dc = 0;
        -:  551:        }
        -:  552:        return 0;
        -:  553:    }
        -:  554:    ptrdiff_t __f = find(__atoms, __atoms + 32, __ct) - __atoms;
        -:  555:    if (__f >= 32)
        -:  556:        return -1;
        -:  557:    char __x = __src[__f];
        -:  558:    if (__x == '-' || __x == '+')
        -:  559:    {
        -:  560:        if (__a_end == __a || (__a_end[-1] & 0x5F) == (__exp & 0x7F))
        -:  561:        {
        -:  562:            *__a_end++ = __x;
        -:  563:            return 0;
        -:  564:        }
        -:  565:        return -1;
        -:  566:    }
        -:  567:    if (__x == 'x' || __x == 'X')
        -:  568:        __exp = 'P';
        -:  569:    else if ((__x & 0x5F) == __exp)
        -:  570:    {
        -:  571:        __exp |= (char) 0x80;
        -:  572:        if (__in_units)
        -:  573:        {
        -:  574:            __in_units = false;
        -:  575:            if (__grouping.size() != 0 && __g_end-__g < __num_get_buf_sz)
        -:  576:                *__g_end++ = __dc;
        -:  577:        }
        -:  578:    }
        -:  579:    *__a_end++ = __x;
        -:  580:    if (__f >= 22)
        -:  581:        return 0;
        -:  582:    ++__dc;
        -:  583:    return 0;
        -:  584:}
        -:  585:
        -:  586:extern template struct _LIBCPP_EXTERN_TEMPLATE_TYPE_VIS __num_get<char>;
        -:  587:#ifndef _LIBCPP_HAS_NO_WIDE_CHARACTERS
        -:  588:extern template struct _LIBCPP_EXTERN_TEMPLATE_TYPE_VIS __num_get<wchar_t>;
        -:  589:#endif
        -:  590:
        -:  591:template <class _CharT, class _InputIterator = istreambuf_iterator<_CharT> >
        -:  592:class _LIBCPP_TEMPLATE_VIS num_get
        -:  593:    : public locale::facet,
        -:  594:      private __num_get<_CharT>
        -:  595:{
        -:  596:public:
        -:  597:    typedef _CharT char_type;
        -:  598:    typedef _InputIterator iter_type;
        -:  599:
        -:  600:    _LIBCPP_INLINE_VISIBILITY
        -:  601:    explicit num_get(size_t __refs = 0)
        -:  602:        : locale::facet(__refs) {}
        -:  603:
        -:  604:    _LIBCPP_INLINE_VISIBILITY
        -:  605:    iter_type get(iter_type __b, iter_type __e, ios_base& __iob,
        -:  606:                  ios_base::iostate& __err, bool& __v) const
        -:  607:    {
        -:  608:        return do_get(__b, __e, __iob, __err, __v);
        -:  609:    }
        -:  610:
        -:  611:    _LIBCPP_INLINE_VISIBILITY
        -:  612:    iter_type get(iter_type __b, iter_type __e, ios_base& __iob,
        -:  613:                  ios_base::iostate& __err, long& __v) const
        -:  614:    {
        -:  615:        return do_get(__b, __e, __iob, __err, __v);
        -:  616:    }
        -:  617:
        -:  618:    _LIBCPP_INLINE_VISIBILITY
        -:  619:    iter_type get(iter_type __b, iter_type __e, ios_base& __iob,
        -:  620:                  ios_base::iostate& __err, long long& __v) const
        -:  621:    {
        -:  622:        return do_get(__b, __e, __iob, __err, __v);
        -:  623:    }
        -:  624:
        -:  625:    _LIBCPP_INLINE_VISIBILITY
        -:  626:    iter_type get(iter_type __b, iter_type __e, ios_base& __iob,
        -:  627:                  ios_base::iostate& __err, unsigned short& __v) const
        -:  628:    {
        -:  629:        return do_get(__b, __e, __iob, __err, __v);
        -:  630:    }
        -:  631:
        -:  632:    _LIBCPP_INLINE_VISIBILITY
        -:  633:    iter_type get(iter_type __b, iter_type __e, ios_base& __iob,
        -:  634:                  ios_base::iostate& __err, unsigned int& __v) const
        -:  635:    {
        -:  636:        return do_get(__b, __e, __iob, __err, __v);
        -:  637:    }
        -:  638:
        -:  639:    _LIBCPP_INLINE_VISIBILITY
        -:  640:    iter_type get(iter_type __b, iter_type __e, ios_base& __iob,
        -:  641:                  ios_base::iostate& __err, unsigned long& __v) const
        -:  642:    {
        -:  643:        return do_get(__b, __e, __iob, __err, __v);
        -:  644:    }
        -:  645:
        -:  646:    _LIBCPP_INLINE_VISIBILITY
        -:  647:    iter_type get(iter_type __b, iter_type __e, ios_base& __iob,
        -:  648:                  ios_base::iostate& __err, unsigned long long& __v) const
        -:  649:    {
        -:  650:        return do_get(__b, __e, __iob, __err, __v);
        -:  651:    }
        -:  652:
        -:  653:    _LIBCPP_INLINE_VISIBILITY
        -:  654:    iter_type get(iter_type __b, iter_type __e, ios_base& __iob,
        -:  655:                  ios_base::iostate& __err, float& __v) const
        -:  656:    {
        -:  657:        return do_get(__b, __e, __iob, __err, __v);
        -:  658:    }
        -:  659:
        -:  660:    _LIBCPP_INLINE_VISIBILITY
        -:  661:    iter_type get(iter_type __b, iter_type __e, ios_base& __iob,
        -:  662:                  ios_base::iostate& __err, double& __v) const
        -:  663:    {
        -:  664:        return do_get(__b, __e, __iob, __err, __v);
        -:  665:    }
        -:  666:
        -:  667:    _LIBCPP_INLINE_VISIBILITY
        -:  668:    iter_type get(iter_type __b, iter_type __e, ios_base& __iob,
        -:  669:                  ios_base::iostate& __err, long double& __v) const
        -:  670:    {
        -:  671:        return do_get(__b, __e, __iob, __err, __v);
        -:  672:    }
        -:  673:
        -:  674:    _LIBCPP_INLINE_VISIBILITY
        -:  675:    iter_type get(iter_type __b, iter_type __e, ios_base& __iob,
        -:  676:                  ios_base::iostate& __err, void*& __v) const
        -:  677:    {
        -:  678:        return do_get(__b, __e, __iob, __err, __v);
        -:  679:    }
        -:  680:
        -:  681:    static locale::id id;
        -:  682:
        -:  683:protected:
        -:  684:    _LIBCPP_INLINE_VISIBILITY
        -:  685:    ~num_get() {}
        -:  686:
        -:  687:    template <class _Fp>
        -:  688:    _LIBCPP_METHOD_TEMPLATE_IMPLICIT_INSTANTIATION_VIS
        -:  689:    iter_type __do_get_floating_point
        -:  690:                            (iter_type __b, iter_type __e, ios_base& __iob,
        -:  691:                             ios_base::iostate& __err, _Fp& __v) const;
        -:  692:
        -:  693:    template <class _Signed>
        -:  694:    _LIBCPP_METHOD_TEMPLATE_IMPLICIT_INSTANTIATION_VIS
        -:  695:    iter_type __do_get_signed
        -:  696:                            (iter_type __b, iter_type __e, ios_base& __iob,
        -:  697:                             ios_base::iostate& __err, _Signed& __v) const;
        -:  698:
        -:  699:    template <class _Unsigned>
        -:  700:    _LIBCPP_METHOD_TEMPLATE_IMPLICIT_INSTANTIATION_VIS
        -:  701:    iter_type __do_get_unsigned
        -:  702:                            (iter_type __b, iter_type __e, ios_base& __iob,
        -:  703:                             ios_base::iostate& __err, _Unsigned& __v) const;
        -:  704:
        -:  705:
        -:  706:    virtual iter_type do_get(iter_type __b, iter_type __e, ios_base& __iob,
        -:  707:                             ios_base::iostate& __err, bool& __v) const;
        -:  708:
        -:  709:    virtual iter_type do_get(iter_type __b, iter_type __e, ios_base& __iob,
        -:  710:                             ios_base::iostate& __err, long& __v) const
        -:  711:    { return this->__do_get_signed ( __b, __e, __iob, __err, __v ); }
        -:  712:
        -:  713:    virtual iter_type do_get(iter_type __b, iter_type __e, ios_base& __iob,
        -:  714:                             ios_base::iostate& __err, long long& __v) const
        -:  715:    { return this->__do_get_signed ( __b, __e, __iob, __err, __v ); }
        -:  716:
        -:  717:    virtual iter_type do_get(iter_type __b, iter_type __e, ios_base& __iob,
        -:  718:                             ios_base::iostate& __err, unsigned short& __v) const
        -:  719:    { return this->__do_get_unsigned ( __b, __e, __iob, __err, __v ); }
        -:  720:
        -:  721:    virtual iter_type do_get(iter_type __b, iter_type __e, ios_base& __iob,
        -:  722:                             ios_base::iostate& __err, unsigned int& __v) const
        -:  723:    { return this->__do_get_unsigned ( __b, __e, __iob, __err, __v ); }
        -:  724:
        -:  725:    virtual iter_type do_get(iter_type __b, iter_type __e, ios_base& __iob,
        -:  726:                             ios_base::iostate& __err, unsigned long& __v) const
        -:  727:    { return this->__do_get_unsigned ( __b, __e, __iob, __err, __v ); }
        -:  728:
        -:  729:    virtual iter_type do_get(iter_type __b, iter_type __e, ios_base& __iob,
        -:  730:                             ios_base::iostate& __err, unsigned long long& __v) const
        -:  731:    { return this->__do_get_unsigned ( __b, __e, __iob, __err, __v ); }
        -:  732:
        -:  733:    virtual iter_type do_get(iter_type __b, iter_type __e, ios_base& __iob,
        -:  734:                             ios_base::iostate& __err, float& __v) const
        -:  735:    { return this->__do_get_floating_point ( __b, __e, __iob, __err, __v ); }
        -:  736:
        -:  737:    virtual iter_type do_get(iter_type __b, iter_type __e, ios_base& __iob,
        -:  738:                             ios_base::iostate& __err, double& __v) const
        -:  739:    { return this->__do_get_floating_point ( __b, __e, __iob, __err, __v ); }
        -:  740:
        -:  741:    virtual iter_type do_get(iter_type __b, iter_type __e, ios_base& __iob,
        -:  742:                             ios_base::iostate& __err, long double& __v) const
        -:  743:    { return this->__do_get_floating_point ( __b, __e, __iob, __err, __v ); }
        -:  744:
        -:  745:    virtual iter_type do_get(iter_type __b, iter_type __e, ios_base& __iob,
        -:  746:                             ios_base::iostate& __err, void*& __v) const;
        -:  747:};
        -:  748:
        -:  749:template <class _CharT, class _InputIterator>
        -:  750:locale::id
        -:  751:num_get<_CharT, _InputIterator>::id;
        -:  752:
        -:  753:template <class _Tp>
        -:  754:_LIBCPP_HIDDEN _Tp
        -:  755:__num_get_signed_integral(const char* __a, const char* __a_end,
        -:  756:                          ios_base::iostate& __err, int __base)
        -:  757:{
        -:  758:    if (__a != __a_end)
        -:  759:    {
        -:  760:        typename remove_reference<decltype(errno)>::type __save_errno = errno;
        -:  761:        errno = 0;
        -:  762:        char *__p2;
        -:  763:        long long __ll = strtoll_l(__a, &__p2, __base, _LIBCPP_GET_C_LOCALE);
        -:  764:        typename remove_reference<decltype(errno)>::type __current_errno = errno;
        -:  765:        if (__current_errno == 0)
        -:  766:            errno = __save_errno;
        -:  767:        if (__p2 != __a_end)
        -:  768:        {
        -:  769:            __err = ios_base::failbit;
        -:  770:            return 0;
        -:  771:        }
        -:  772:        else if (__current_errno == ERANGE         ||
        -:  773:                 __ll < numeric_limits<_Tp>::min() ||
        -:  774:                 numeric_limits<_Tp>::max() < __ll)
        -:  775:        {
        -:  776:            __err = ios_base::failbit;
        -:  777:            if (__ll > 0)
        -:  778:                return numeric_limits<_Tp>::max();
        -:  779:            else
        -:  780:                return numeric_limits<_Tp>::min();
        -:  781:        }
        -:  782:        return static_cast<_Tp>(__ll);
        -:  783:    }
        -:  784:    __err = ios_base::failbit;
        -:  785:    return 0;
        -:  786:}
        -:  787:
        -:  788:template <class _Tp>
        -:  789:_LIBCPP_HIDDEN _Tp
        -:  790:__num_get_unsigned_integral(const char* __a, const char* __a_end,
        -:  791:                            ios_base::iostate& __err, int __base)
        -:  792:{
        -:  793:    if (__a != __a_end)
        -:  794:    {
        -:  795:        const bool __negate = *__a == '-';
        -:  796:        if (__negate && ++__a == __a_end) {
        -:  797:          __err = ios_base::failbit;
        -:  798:          return 0;
        -:  799:        }
        -:  800:        typename remove_reference<decltype(errno)>::type __save_errno = errno;
        -:  801:        errno = 0;
        -:  802:        char *__p2;
        -:  803:        unsigned long long __ll = strtoull_l(__a, &__p2, __base, _LIBCPP_GET_C_LOCALE);
        -:  804:        typename remove_reference<decltype(errno)>::type __current_errno = errno;
        -:  805:        if (__current_errno == 0)
        -:  806:            errno = __save_errno;
        -:  807:        if (__p2 != __a_end)
        -:  808:        {
        -:  809:            __err = ios_base::failbit;
        -:  810:            return 0;
        -:  811:        }
        -:  812:        else if (__current_errno == ERANGE || numeric_limits<_Tp>::max() < __ll)
        -:  813:        {
        -:  814:            __err = ios_base::failbit;
        -:  815:            return numeric_limits<_Tp>::max();
        -:  816:        }
        -:  817:        _Tp __res = static_cast<_Tp>(__ll);
        -:  818:        if (__negate) __res = -__res;
        -:  819:        return __res;
        -:  820:    }
        -:  821:    __err = ios_base::failbit;
        -:  822:    return 0;
        -:  823:}
        -:  824:
        -:  825:template <class _Tp>
        -:  826:_LIBCPP_INLINE_VISIBILITY
        -:  827:_Tp __do_strtod(const char* __a, char** __p2);
        -:  828:
        -:  829:template <>
        -:  830:inline _LIBCPP_INLINE_VISIBILITY
        -:  831:float __do_strtod<float>(const char* __a, char** __p2) {
        -:  832:    return strtof_l(__a, __p2, _LIBCPP_GET_C_LOCALE);
        -:  833:}
        -:  834:
        -:  835:template <>
        -:  836:inline _LIBCPP_INLINE_VISIBILITY
        -:  837:double __do_strtod<double>(const char* __a, char** __p2) {
        -:  838:    return strtod_l(__a, __p2, _LIBCPP_GET_C_LOCALE);
        -:  839:}
        -:  840:
        -:  841:template <>
        -:  842:inline _LIBCPP_INLINE_VISIBILITY
        -:  843:long double __do_strtod<long double>(const char* __a, char** __p2) {
        -:  844:    return strtold_l(__a, __p2, _LIBCPP_GET_C_LOCALE);
        -:  845:}
        -:  846:
        -:  847:template <class _Tp>
        -:  848:_LIBCPP_HIDDEN
        -:  849:_Tp
        -:  850:__num_get_float(const char* __a, const char* __a_end, ios_base::iostate& __err)
        -:  851:{
        -:  852:    if (__a != __a_end)
        -:  853:    {
        -:  854:        typename remove_reference<decltype(errno)>::type __save_errno = errno;
        -:  855:        errno = 0;
        -:  856:        char *__p2;
        -:  857:        _Tp __ld = __do_strtod<_Tp>(__a, &__p2);
        -:  858:        typename remove_reference<decltype(errno)>::type __current_errno = errno;
        -:  859:        if (__current_errno == 0)
        -:  860:            errno = __save_errno;
        -:  861:        if (__p2 != __a_end)
        -:  862:        {
        -:  863:            __err = ios_base::failbit;
        -:  864:            return 0;
        -:  865:        }
        -:  866:        else if (__current_errno == ERANGE)
        -:  867:            __err = ios_base::failbit;
        -:  868:        return __ld;
        -:  869:    }
        -:  870:    __err = ios_base::failbit;
        -:  871:    return 0;
        -:  872:}
        -:  873:
        -:  874:template <class _CharT, class _InputIterator>
        -:  875:_InputIterator
        -:  876:num_get<_CharT, _InputIterator>::do_get(iter_type __b, iter_type __e,
        -:  877:                                        ios_base& __iob,
        -:  878:                                        ios_base::iostate& __err,
        -:  879:                                        bool& __v) const
        -:  880:{
        -:  881:    if ((__iob.flags() & ios_base::boolalpha) == 0)
        -:  882:    {
        -:  883:        long __lv = -1;
        -:  884:        __b = do_get(__b, __e, __iob, __err, __lv);
        -:  885:        switch (__lv)
        -:  886:        {
        -:  887:        case 0:
        -:  888:            __v = false;
        -:  889:            break;
        -:  890:        case 1:
        -:  891:            __v = true;
        -:  892:            break;
        -:  893:        default:
        -:  894:            __v = true;
        -:  895:            __err = ios_base::failbit;
        -:  896:            break;
        -:  897:        }
        -:  898:        return __b;
        -:  899:    }
        -:  900:    const ctype<_CharT>& __ct = use_facet<ctype<_CharT> >(__iob.getloc());
        -:  901:    const numpunct<_CharT>& __np = use_facet<numpunct<_CharT> >(__iob.getloc());
        -:  902:    typedef typename numpunct<_CharT>::string_type string_type;
        -:  903:    const string_type __names[2] = {__np.truename(), __np.falsename()};
        -:  904:    const string_type* __i = _VSTD::__scan_keyword(__b, __e, __names, __names+2,
        -:  905:                                                   __ct, __err);
        -:  906:    __v = __i == __names;
        -:  907:    return __b;
        -:  908:}
        -:  909:
        -:  910:// signed
        -:  911:
        -:  912:template <class _CharT, class _InputIterator>
        -:  913:template <class _Signed>
        -:  914:_InputIterator
        -:  915:num_get<_CharT, _InputIterator>::__do_get_signed(iter_type __b, iter_type __e,
        -:  916:                                        ios_base& __iob,
        -:  917:                                        ios_base::iostate& __err,
        -:  918:                                        _Signed& __v) const
        -:  919:{
        -:  920:    // Stage 1
        -:  921:    int __base = this->__get_base(__iob);
        -:  922:    // Stage 2
        -:  923:    char_type __thousands_sep;
        -:  924:    const int __atoms_size = 26;
        -:  925:#ifdef _LIBCPP_ABI_OPTIMIZED_LOCALE_NUM_GET
        -:  926:    char_type __atoms1[__atoms_size];
        -:  927:    const char_type *__atoms = this->__do_widen(__iob, __atoms1);
        -:  928:    string __grouping = this->__stage2_int_prep(__iob, __thousands_sep);
        -:  929:#else
        -:  930:    char_type __atoms[__atoms_size];
        -:  931:    string __grouping = this->__stage2_int_prep(__iob, __atoms, __thousands_sep);
        -:  932:#endif
        -:  933:    string __buf;
        -:  934:    __buf.resize(__buf.capacity());
        -:  935:    char* __a = &__buf[0];
        -:  936:    char* __a_end = __a;
        -:  937:    unsigned __g[__num_get_base::__num_get_buf_sz];
        -:  938:    unsigned* __g_end = __g;
        -:  939:    unsigned __dc = 0;
        -:  940:    for (; __b != __e; ++__b)
        -:  941:    {
        -:  942:        if (__a_end == __a + __buf.size())
        -:  943:        {
        -:  944:            size_t __tmp = __buf.size();
        -:  945:            __buf.resize(2*__buf.size());
        -:  946:            __buf.resize(__buf.capacity());
        -:  947:            __a = &__buf[0];
        -:  948:            __a_end = __a + __tmp;
        -:  949:        }
        -:  950:        if (this->__stage2_int_loop(*__b, __base, __a, __a_end, __dc,
        -:  951:                                    __thousands_sep, __grouping, __g, __g_end,
        -:  952:                                    __atoms))
        -:  953:            break;
        -:  954:    }
        -:  955:    if (__grouping.size() != 0 && __g_end-__g < __num_get_base::__num_get_buf_sz)
        -:  956:        *__g_end++ = __dc;
        -:  957:    // Stage 3
        -:  958:    __v = __num_get_signed_integral<_Signed>(__a, __a_end, __err, __base);
        -:  959:    // Digit grouping checked
        -:  960:    __check_grouping(__grouping, __g, __g_end, __err);
        -:  961:    // EOF checked
        -:  962:    if (__b == __e)
        -:  963:        __err |= ios_base::eofbit;
        -:  964:    return __b;
        -:  965:}
        -:  966:
        -:  967:// unsigned
        -:  968:
        -:  969:template <class _CharT, class _InputIterator>
        -:  970:template <class _Unsigned>
        -:  971:_InputIterator
        -:  972:num_get<_CharT, _InputIterator>::__do_get_unsigned(iter_type __b, iter_type __e,
        -:  973:                                        ios_base& __iob,
        -:  974:                                        ios_base::iostate& __err,
        -:  975:                                        _Unsigned& __v) const
        -:  976:{
        -:  977:    // Stage 1
        -:  978:    int __base = this->__get_base(__iob);
        -:  979:    // Stage 2
        -:  980:    char_type __thousands_sep;
        -:  981:    const int __atoms_size = 26;
        -:  982:#ifdef _LIBCPP_ABI_OPTIMIZED_LOCALE_NUM_GET
        -:  983:    char_type __atoms1[__atoms_size];
        -:  984:    const char_type *__atoms = this->__do_widen(__iob, __atoms1);
        -:  985:    string __grouping = this->__stage2_int_prep(__iob, __thousands_sep);
        -:  986:#else
        -:  987:    char_type __atoms[__atoms_size];
        -:  988:    string __grouping = this->__stage2_int_prep(__iob, __atoms, __thousands_sep);
        -:  989:#endif
        -:  990:    string __buf;
        -:  991:    __buf.resize(__buf.capacity());
        -:  992:    char* __a = &__buf[0];
        -:  993:    char* __a_end = __a;
        -:  994:    unsigned __g[__num_get_base::__num_get_buf_sz];
        -:  995:    unsigned* __g_end = __g;
        -:  996:    unsigned __dc = 0;
        -:  997:    for (; __b != __e; ++__b)
        -:  998:    {
        -:  999:        if (__a_end == __a + __buf.size())
        -: 1000:        {
        -: 1001:            size_t __tmp = __buf.size();
        -: 1002:            __buf.resize(2*__buf.size());
        -: 1003:            __buf.resize(__buf.capacity());
        -: 1004:            __a = &__buf[0];
        -: 1005:            __a_end = __a + __tmp;
        -: 1006:        }
        -: 1007:        if (this->__stage2_int_loop(*__b, __base, __a, __a_end, __dc,
        -: 1008:                                    __thousands_sep, __grouping, __g, __g_end,
        -: 1009:                                    __atoms))
        -: 1010:            break;
        -: 1011:    }
        -: 1012:    if (__grouping.size() != 0 && __g_end-__g < __num_get_base::__num_get_buf_sz)
        -: 1013:        *__g_end++ = __dc;
        -: 1014:    // Stage 3
        -: 1015:    __v = __num_get_unsigned_integral<_Unsigned>(__a, __a_end, __err, __base);
        -: 1016:    // Digit grouping checked
        -: 1017:    __check_grouping(__grouping, __g, __g_end, __err);
        -: 1018:    // EOF checked
        -: 1019:    if (__b == __e)
        -: 1020:        __err |= ios_base::eofbit;
        -: 1021:    return __b;
        -: 1022:}
        -: 1023:
        -: 1024:// floating point
        -: 1025:
        -: 1026:template <class _CharT, class _InputIterator>
        -: 1027:template <class _Fp>
        -: 1028:_InputIterator
        -: 1029:num_get<_CharT, _InputIterator>::__do_get_floating_point(iter_type __b, iter_type __e,
        -: 1030:                                        ios_base& __iob,
        -: 1031:                                        ios_base::iostate& __err,
        -: 1032:                                        _Fp& __v) const
        -: 1033:{
        -: 1034:    // Stage 1, nothing to do
        -: 1035:    // Stage 2
        -: 1036:    char_type __atoms[32];
        -: 1037:    char_type __decimal_point;
        -: 1038:    char_type __thousands_sep;
        -: 1039:    string __grouping = this->__stage2_float_prep(__iob, __atoms,
        -: 1040:                                                  __decimal_point,
        -: 1041:                                                  __thousands_sep);
        -: 1042:    string __buf;
        -: 1043:    __buf.resize(__buf.capacity());
        -: 1044:    char* __a = &__buf[0];
        -: 1045:    char* __a_end = __a;
        -: 1046:    unsigned __g[__num_get_base::__num_get_buf_sz];
        -: 1047:    unsigned* __g_end = __g;
        -: 1048:    unsigned __dc = 0;
        -: 1049:    bool __in_units = true;
        -: 1050:    char __exp = 'E';
        -: 1051:    for (; __b != __e; ++__b)
        -: 1052:    {
        -: 1053:        if (__a_end == __a + __buf.size())
        -: 1054:        {
        -: 1055:            size_t __tmp = __buf.size();
        -: 1056:            __buf.resize(2*__buf.size());
        -: 1057:            __buf.resize(__buf.capacity());
        -: 1058:            __a = &__buf[0];
        -: 1059:            __a_end = __a + __tmp;
        -: 1060:        }
        -: 1061:        if (this->__stage2_float_loop(*__b, __in_units, __exp, __a, __a_end,
        -: 1062:                                      __decimal_point, __thousands_sep,
        -: 1063:                                      __grouping, __g, __g_end,
        -: 1064:                                      __dc, __atoms))
        -: 1065:            break;
        -: 1066:    }
        -: 1067:    if (__grouping.size() != 0 && __in_units && __g_end-__g < __num_get_base::__num_get_buf_sz)
        -: 1068:        *__g_end++ = __dc;
        -: 1069:    // Stage 3
        -: 1070:    __v = __num_get_float<_Fp>(__a, __a_end, __err);
        -: 1071:    // Digit grouping checked
        -: 1072:    __check_grouping(__grouping, __g, __g_end, __err);
        -: 1073:    // EOF checked
        -: 1074:    if (__b == __e)
        -: 1075:        __err |= ios_base::eofbit;
        -: 1076:    return __b;
        -: 1077:}
        -: 1078:
        -: 1079:template <class _CharT, class _InputIterator>
        -: 1080:_InputIterator
        -: 1081:num_get<_CharT, _InputIterator>::do_get(iter_type __b, iter_type __e,
        -: 1082:                                        ios_base& __iob,
        -: 1083:                                        ios_base::iostate& __err,
        -: 1084:                                        void*& __v) const
        -: 1085:{
        -: 1086:    // Stage 1
        -: 1087:    int __base = 16;
        -: 1088:    // Stage 2
        -: 1089:    char_type __atoms[26];
        -: 1090:    char_type __thousands_sep = 0;
        -: 1091:    string __grouping;
        -: 1092:    use_facet<ctype<_CharT> >(__iob.getloc()).widen(__num_get_base::__src,
        -: 1093:                                                    __num_get_base::__src + 26, __atoms);
        -: 1094:    string __buf;
        -: 1095:    __buf.resize(__buf.capacity());
        -: 1096:    char* __a = &__buf[0];
        -: 1097:    char* __a_end = __a;
        -: 1098:    unsigned __g[__num_get_base::__num_get_buf_sz];
        -: 1099:    unsigned* __g_end = __g;
        -: 1100:    unsigned __dc = 0;
        -: 1101:    for (; __b != __e; ++__b)
        -: 1102:    {
        -: 1103:        if (__a_end == __a + __buf.size())
        -: 1104:        {
        -: 1105:            size_t __tmp = __buf.size();
        -: 1106:            __buf.resize(2*__buf.size());
        -: 1107:            __buf.resize(__buf.capacity());
        -: 1108:            __a = &__buf[0];
        -: 1109:            __a_end = __a + __tmp;
        -: 1110:        }
        -: 1111:        if (this->__stage2_int_loop(*__b, __base, __a, __a_end, __dc,
        -: 1112:                                    __thousands_sep, __grouping,
        -: 1113:                                    __g, __g_end, __atoms))
        -: 1114:            break;
        -: 1115:    }
        -: 1116:    // Stage 3
        -: 1117:    __buf.resize(__a_end - __a);
        -: 1118:    if (__libcpp_sscanf_l(__buf.c_str(), _LIBCPP_GET_C_LOCALE, "%p", &__v) != 1)
        -: 1119:        __err = ios_base::failbit;
        -: 1120:    // EOF checked
        -: 1121:    if (__b == __e)
        -: 1122:        __err |= ios_base::eofbit;
        -: 1123:    return __b;
        -: 1124:}
        -: 1125:
        -: 1126:extern template class _LIBCPP_EXTERN_TEMPLATE_TYPE_VIS num_get<char>;
        -: 1127:#ifndef _LIBCPP_HAS_NO_WIDE_CHARACTERS
        -: 1128:extern template class _LIBCPP_EXTERN_TEMPLATE_TYPE_VIS num_get<wchar_t>;
        -: 1129:#endif
        -: 1130:
        -: 1131:struct _LIBCPP_TYPE_VIS __num_put_base
        -: 1132:{
        -: 1133:protected:
        -: 1134:    static void __format_int(char* __fmt, const char* __len, bool __signd,
        -: 1135:                             ios_base::fmtflags __flags);
        -: 1136:    static bool __format_float(char* __fmt, const char* __len,
        -: 1137:                               ios_base::fmtflags __flags);
        -: 1138:    static char* __identify_padding(char* __nb, char* __ne,
        -: 1139:                                    const ios_base& __iob);
        -: 1140:};
        -: 1141:
        -: 1142:template <class _CharT>
        -: 1143:struct __num_put
        -: 1144:    : protected __num_put_base
        -: 1145:{
        -: 1146:    static void __widen_and_group_int(char* __nb, char* __np, char* __ne,
        -: 1147:                                      _CharT* __ob, _CharT*& __op, _CharT*& __oe,
        -: 1148:                                      const locale& __loc);
        -: 1149:    static void __widen_and_group_float(char* __nb, char* __np, char* __ne,
        -: 1150:                                        _CharT* __ob, _CharT*& __op, _CharT*& __oe,
        -: 1151:                                        const locale& __loc);
        -: 1152:};
        -: 1153:
        -: 1154:template <class _CharT>
        -: 1155:void
        -: 1156:__num_put<_CharT>::__widen_and_group_int(char* __nb, char* __np, char* __ne,
        -: 1157:                                         _CharT* __ob, _CharT*& __op, _CharT*& __oe,
        -: 1158:                                         const locale& __loc)
        -: 1159:{
        -: 1160:    const ctype<_CharT>&    __ct = use_facet<ctype<_CharT> >   (__loc);
        -: 1161:    const numpunct<_CharT>& __npt = use_facet<numpunct<_CharT> >(__loc);
        -: 1162:    string __grouping = __npt.grouping();
        -: 1163:    if (__grouping.empty())
        -: 1164:    {
        -: 1165:        __ct.widen(__nb, __ne, __ob);
        -: 1166:        __oe = __ob + (__ne - __nb);
        -: 1167:    }
        -: 1168:    else
        -: 1169:    {
        -: 1170:        __oe = __ob;
        -: 1171:        char* __nf = __nb;
        -: 1172:        if (*__nf == '-' || *__nf == '+')
        -: 1173:            *__oe++ = __ct.widen(*__nf++);
        -: 1174:        if (__ne - __nf >= 2 && __nf[0] == '0' && (__nf[1] == 'x' ||
        -: 1175:                                                   __nf[1] == 'X'))
        -: 1176:        {
        -: 1177:            *__oe++ = __ct.widen(*__nf++);
        -: 1178:            *__oe++ = __ct.widen(*__nf++);
        -: 1179:        }
        -: 1180:        reverse(__nf, __ne);
        -: 1181:        _CharT __thousands_sep = __npt.thousands_sep();
        -: 1182:        unsigned __dc = 0;
        -: 1183:        unsigned __dg = 0;
        -: 1184:        for (char* __p = __nf; __p < __ne; ++__p)
        -: 1185:        {
        -: 1186:            if (static_cast<unsigned>(__grouping[__dg]) > 0 &&
        -: 1187:                __dc == static_cast<unsigned>(__grouping[__dg]))
        -: 1188:            {
        -: 1189:                *__oe++ = __thousands_sep;
        -: 1190:                __dc = 0;
        -: 1191:                if (__dg < __grouping.size()-1)
        -: 1192:                    ++__dg;
        -: 1193:            }
        -: 1194:            *__oe++ = __ct.widen(*__p);
        -: 1195:            ++__dc;
        -: 1196:        }
        -: 1197:        reverse(__ob + (__nf - __nb), __oe);
        -: 1198:    }
        -: 1199:    if (__np == __ne)
        -: 1200:        __op = __oe;
        -: 1201:    else
        -: 1202:        __op = __ob + (__np - __nb);
        -: 1203:}
        -: 1204:
        -: 1205:template <class _CharT>
        -: 1206:void
        -: 1207:__num_put<_CharT>::__widen_and_group_float(char* __nb, char* __np, char* __ne,
        -: 1208:                                           _CharT* __ob, _CharT*& __op, _CharT*& __oe,
        -: 1209:                                           const locale& __loc)
        -: 1210:{
        -: 1211:    const ctype<_CharT>&    __ct = use_facet<ctype<_CharT> >   (__loc);
        -: 1212:    const numpunct<_CharT>& __npt = use_facet<numpunct<_CharT> >(__loc);
        -: 1213:    string __grouping = __npt.grouping();
        -: 1214:    __oe = __ob;
        -: 1215:    char* __nf = __nb;
        -: 1216:    if (*__nf == '-' || *__nf == '+')
        -: 1217:        *__oe++ = __ct.widen(*__nf++);
        -: 1218:    char* __ns;
        -: 1219:    if (__ne - __nf >= 2 && __nf[0] == '0' && (__nf[1] == 'x' ||
        -: 1220:                                               __nf[1] == 'X'))
        -: 1221:    {
        -: 1222:        *__oe++ = __ct.widen(*__nf++);
        -: 1223:        *__oe++ = __ct.widen(*__nf++);
        -: 1224:        for (__ns = __nf; __ns < __ne; ++__ns)
        -: 1225:            if (!isxdigit_l(*__ns, _LIBCPP_GET_C_LOCALE))
        -: 1226:                break;
        -: 1227:    }
        -: 1228:    else
        -: 1229:    {
        -: 1230:        for (__ns = __nf; __ns < __ne; ++__ns)
        -: 1231:            if (!isdigit_l(*__ns, _LIBCPP_GET_C_LOCALE))
        -: 1232:                break;
        -: 1233:    }
        -: 1234:    if (__grouping.empty())
        -: 1235:    {
        -: 1236:        __ct.widen(__nf, __ns, __oe);
        -: 1237:        __oe += __ns - __nf;
        -: 1238:    }
        -: 1239:    else
        -: 1240:    {
        -: 1241:        reverse(__nf, __ns);
        -: 1242:        _CharT __thousands_sep = __npt.thousands_sep();
        -: 1243:        unsigned __dc = 0;
        -: 1244:        unsigned __dg = 0;
        -: 1245:        for (char* __p = __nf; __p < __ns; ++__p)
        -: 1246:        {
        -: 1247:            if (__grouping[__dg] > 0 && __dc == static_cast<unsigned>(__grouping[__dg]))
        -: 1248:            {
        -: 1249:                *__oe++ = __thousands_sep;
        -: 1250:                __dc = 0;
        -: 1251:                if (__dg < __grouping.size()-1)
        -: 1252:                    ++__dg;
        -: 1253:            }
        -: 1254:            *__oe++ = __ct.widen(*__p);
        -: 1255:            ++__dc;
        -: 1256:        }
        -: 1257:        reverse(__ob + (__nf - __nb), __oe);
        -: 1258:    }
        -: 1259:    for (__nf = __ns; __nf < __ne; ++__nf)
        -: 1260:    {
        -: 1261:        if (*__nf == '.')
        -: 1262:        {
        -: 1263:            *__oe++ = __npt.decimal_point();
        -: 1264:            ++__nf;
        -: 1265:            break;
        -: 1266:        }
        -: 1267:        else
        -: 1268:            *__oe++ = __ct.widen(*__nf);
        -: 1269:    }
        -: 1270:    __ct.widen(__nf, __ne, __oe);
        -: 1271:    __oe += __ne - __nf;
        -: 1272:    if (__np == __ne)
        -: 1273:        __op = __oe;
        -: 1274:    else
        -: 1275:        __op = __ob + (__np - __nb);
        -: 1276:}
        -: 1277:
        -: 1278:extern template struct _LIBCPP_EXTERN_TEMPLATE_TYPE_VIS __num_put<char>;
        -: 1279:#ifndef _LIBCPP_HAS_NO_WIDE_CHARACTERS
        -: 1280:extern template struct _LIBCPP_EXTERN_TEMPLATE_TYPE_VIS __num_put<wchar_t>;
        -: 1281:#endif
        -: 1282:
        -: 1283:template <class _CharT, class _OutputIterator = ostreambuf_iterator<_CharT> >
        -: 1284:class _LIBCPP_TEMPLATE_VIS num_put
        -: 1285:    : public locale::facet,
        -: 1286:      private __num_put<_CharT>
        -: 1287:{
        -: 1288:public:
        -: 1289:    typedef _CharT char_type;
        -: 1290:    typedef _OutputIterator iter_type;
        -: 1291:
        -: 1292:    _LIBCPP_INLINE_VISIBILITY
        -: 1293:    explicit num_put(size_t __refs = 0)
        -: 1294:        : locale::facet(__refs) {}
        -: 1295:
        -: 1296:    _LIBCPP_INLINE_VISIBILITY
        -: 1297:    iter_type put(iter_type __s, ios_base& __iob, char_type __fl,
        -: 1298:                  bool __v) const
        -: 1299:    {
        -: 1300:        return do_put(__s, __iob, __fl, __v);
        -: 1301:    }
        -: 1302:
        -: 1303:    _LIBCPP_INLINE_VISIBILITY
        -: 1304:    iter_type put(iter_type __s, ios_base& __iob, char_type __fl,
        -: 1305:                  long __v) const
        -: 1306:    {
        -: 1307:        return do_put(__s, __iob, __fl, __v);
        -: 1308:    }
        -: 1309:
        -: 1310:    _LIBCPP_INLINE_VISIBILITY
        -: 1311:    iter_type put(iter_type __s, ios_base& __iob, char_type __fl,
        -: 1312:                  long long __v) const
        -: 1313:    {
        -: 1314:        return do_put(__s, __iob, __fl, __v);
        -: 1315:    }
        -: 1316:
        -: 1317:    _LIBCPP_INLINE_VISIBILITY
        -: 1318:    iter_type put(iter_type __s, ios_base& __iob, char_type __fl,
        -: 1319:                  unsigned long __v) const
        -: 1320:    {
        -: 1321:        return do_put(__s, __iob, __fl, __v);
        -: 1322:    }
        -: 1323:
        -: 1324:    _LIBCPP_INLINE_VISIBILITY
        -: 1325:    iter_type put(iter_type __s, ios_base& __iob, char_type __fl,
        -: 1326:                  unsigned long long __v) const
        -: 1327:    {
        -: 1328:        return do_put(__s, __iob, __fl, __v);
        -: 1329:    }
        -: 1330:
        -: 1331:    _LIBCPP_INLINE_VISIBILITY
        -: 1332:    iter_type put(iter_type __s, ios_base& __iob, char_type __fl,
        -: 1333:                  double __v) const
        -: 1334:    {
        -: 1335:        return do_put(__s, __iob, __fl, __v);
        -: 1336:    }
        -: 1337:
        -: 1338:    _LIBCPP_INLINE_VISIBILITY
        -: 1339:    iter_type put(iter_type __s, ios_base& __iob, char_type __fl,
        -: 1340:                  long double __v) const
        -: 1341:    {
        -: 1342:        return do_put(__s, __iob, __fl, __v);
        -: 1343:    }
        -: 1344:
        -: 1345:    _LIBCPP_INLINE_VISIBILITY
        -: 1346:    iter_type put(iter_type __s, ios_base& __iob, char_type __fl,
        -: 1347:                  const void* __v) const
        -: 1348:    {
        -: 1349:        return do_put(__s, __iob, __fl, __v);
        -: 1350:    }
        -: 1351:
        -: 1352:    static locale::id id;
        -: 1353:
        -: 1354:protected:
        -: 1355:    _LIBCPP_INLINE_VISIBILITY
        -: 1356:    ~num_put() {}
        -: 1357:
        -: 1358:    virtual iter_type do_put(iter_type __s, ios_base& __iob, char_type __fl,
        -: 1359:                             bool __v) const;
        -: 1360:    virtual iter_type do_put(iter_type __s, ios_base& __iob, char_type __fl,
        -: 1361:                             long __v) const;
        -: 1362:    virtual iter_type do_put(iter_type __s, ios_base& __iob, char_type __fl,
        -: 1363:                             long long __v) const;
        -: 1364:    virtual iter_type do_put(iter_type __s, ios_base& __iob, char_type __fl,
        -: 1365:                             unsigned long) const;
        -: 1366:    virtual iter_type do_put(iter_type __s, ios_base& __iob, char_type __fl,
        -: 1367:                             unsigned long long) const;
        -: 1368:    virtual iter_type do_put(iter_type __s, ios_base& __iob, char_type __fl,
        -: 1369:                             double __v) const;
        -: 1370:    virtual iter_type do_put(iter_type __s, ios_base& __iob, char_type __fl,
        -: 1371:                             long double __v) const;
        -: 1372:    virtual iter_type do_put(iter_type __s, ios_base& __iob, char_type __fl,
        -: 1373:                             const void* __v) const;
        -: 1374:
        -: 1375:    template <class _Integral>
        -: 1376:    _LIBCPP_HIDE_FROM_ABI inline
        -: 1377:    _OutputIterator __do_put_integral(iter_type __s, ios_base& __iob,
        -: 1378:                                      char_type __fl, _Integral __v,
        -: 1379:                                      char const* __len) const;
        -: 1380:
        -: 1381:    template <class _Float>
        -: 1382:    _LIBCPP_HIDE_FROM_ABI inline
        -: 1383:    _OutputIterator __do_put_floating_point(iter_type __s, ios_base& __iob,
        -: 1384:                                            char_type __fl, _Float __v,
        -: 1385:                                            char const* __len) const;
        -: 1386:};
        -: 1387:
        -: 1388:template <class _CharT, class _OutputIterator>
        -: 1389:locale::id
        -: 1390:num_put<_CharT, _OutputIterator>::id;
        -: 1391:
        -: 1392:template <class _CharT, class _OutputIterator>
        -: 1393:_LIBCPP_HIDDEN
        -: 1394:_OutputIterator
        -: 1395:__pad_and_output(_OutputIterator __s,
        -: 1396:                 const _CharT* __ob, const _CharT* __op, const _CharT* __oe,
        -: 1397:                 ios_base& __iob, _CharT __fl)
        -: 1398:{
        -: 1399:    streamsize __sz = __oe - __ob;
        -: 1400:    streamsize __ns = __iob.width();
        -: 1401:    if (__ns > __sz)
        -: 1402:        __ns -= __sz;
        -: 1403:    else
        -: 1404:        __ns = 0;
        -: 1405:    for (;__ob < __op; ++__ob, ++__s)
        -: 1406:        *__s = *__ob;
        -: 1407:    for (; __ns; --__ns, ++__s)
        -: 1408:        *__s = __fl;
        -: 1409:    for (; __ob < __oe; ++__ob, ++__s)
        -: 1410:        *__s = *__ob;
        -: 1411:    __iob.width(0);
        -: 1412:    return __s;
        -: 1413:}
        -: 1414:
        -: 1415:template <class _CharT, class _Traits>
        -: 1416:_LIBCPP_HIDDEN
        -: 1417:ostreambuf_iterator<_CharT, _Traits>
        1: 1418:__pad_and_output(ostreambuf_iterator<_CharT, _Traits> __s,
        -: 1419:                 const _CharT* __ob, const _CharT* __op, const _CharT* __oe,
        -: 1420:                 ios_base& __iob, _CharT __fl)
        -: 1421:{
        1: 1422:    if (__s.__sbuf_ == nullptr)
    #####: 1423:        return __s;
        1: 1424:    streamsize __sz = __oe - __ob;
        1: 1425:    streamsize __ns = __iob.width();
        1: 1426:    if (__ns > __sz)
    #####: 1427:        __ns -= __sz;
        -: 1428:    else
        1: 1429:        __ns = 0;
        1: 1430:    streamsize __np = __op - __ob;
        1: 1431:    if (__np > 0)
        -: 1432:    {
    #####: 1433:        if (__s.__sbuf_->sputn(__ob, __np) != __np)
        -: 1434:        {
    #####: 1435:            __s.__sbuf_ = nullptr;
    #####: 1436:            return __s;
        -: 1437:        }
    #####: 1438:    }
        1: 1439:    if (__ns > 0)
        -: 1440:    {
    #####: 1441:        basic_string<_CharT, _Traits> __sp(__ns, __fl);
    #####: 1442:        if (__s.__sbuf_->sputn(__sp.data(), __ns) != __ns)
        -: 1443:        {
    #####: 1444:            __s.__sbuf_ = nullptr;
    #####: 1445:            return __s;
        -: 1446:        }
    #####: 1447:    }
        1: 1448:    __np = __oe - __op;
        1: 1449:    if (__np > 0)
        -: 1450:    {
        1: 1451:        if (__s.__sbuf_->sputn(__op, __np) != __np)
        -: 1452:        {
    #####: 1453:            __s.__sbuf_ = nullptr;
    #####: 1454:            return __s;
        -: 1455:        }
        1: 1456:    }
        1: 1457:    __iob.width(0);
        1: 1458:    return __s;
        1: 1459:}
        -: 1460:
        -: 1461:template <class _CharT, class _OutputIterator>
        -: 1462:_OutputIterator
        -: 1463:num_put<_CharT, _OutputIterator>::do_put(iter_type __s, ios_base& __iob,
        -: 1464:                                         char_type __fl, bool __v) const
        -: 1465:{
        -: 1466:    if ((__iob.flags() & ios_base::boolalpha) == 0)
        -: 1467:        return do_put(__s, __iob, __fl, (unsigned long)__v);
        -: 1468:    const numpunct<char_type>& __np = use_facet<numpunct<char_type> >(__iob.getloc());
        -: 1469:    typedef typename numpunct<char_type>::string_type string_type;
        -: 1470:#ifdef _LIBCPP_ENABLE_DEBUG_MODE
        -: 1471:    string_type __tmp(__v ? __np.truename() : __np.falsename());
        -: 1472:    string_type __nm = _VSTD::move(__tmp);
        -: 1473:#else
        -: 1474:    string_type __nm = __v ? __np.truename() : __np.falsename();
        -: 1475:#endif
        -: 1476:    for (typename string_type::iterator __i = __nm.begin(); __i != __nm.end(); ++__i, ++__s)
        -: 1477:        *__s = *__i;
        -: 1478:    return __s;
        -: 1479:}
        -: 1480:
        -: 1481:template <class _CharT, class _OutputIterator>
        -: 1482:template <class _Integral>
        -: 1483:_LIBCPP_HIDE_FROM_ABI inline
        -: 1484:_OutputIterator
        -: 1485:num_put<_CharT, _OutputIterator>::__do_put_integral(iter_type __s, ios_base& __iob,
        -: 1486:                                                    char_type __fl, _Integral __v,
        -: 1487:                                                    char const* __len) const
        -: 1488:{
        -: 1489:    // Stage 1 - Get number in narrow char
        -: 1490:    char __fmt[8] = {'%', 0};
        -: 1491:    this->__format_int(__fmt+1, __len, is_signed<_Integral>::value, __iob.flags());
        -: 1492:    // Worst case is octal, with showbase enabled. Note that octal is always
        -: 1493:    // printed as an unsigned value.
        -: 1494:    using _Unsigned = typename make_unsigned<_Integral>::type;
        -: 1495:    _LIBCPP_CONSTEXPR const unsigned __nbuf
        -: 1496:        = (numeric_limits<_Unsigned>::digits / 3)        // 1 char per 3 bits
        -: 1497:        + ((numeric_limits<_Unsigned>::digits % 3) != 0) // round up
        -: 1498:        + 2; // base prefix + terminating null character
        -: 1499:    char __nar[__nbuf];
        -: 1500:    _LIBCPP_DIAGNOSTIC_PUSH
        -: 1501:    _LIBCPP_CLANG_DIAGNOSTIC_IGNORED("-Wformat-nonliteral")
        -: 1502:    _LIBCPP_GCC_DIAGNOSTIC_IGNORED("-Wformat-nonliteral")
        -: 1503:    int __nc = __libcpp_snprintf_l(__nar, sizeof(__nar), _LIBCPP_GET_C_LOCALE, __fmt, __v);
        -: 1504:    _LIBCPP_DIAGNOSTIC_POP
        -: 1505:    char* __ne = __nar + __nc;
        -: 1506:    char* __np = this->__identify_padding(__nar, __ne, __iob);
        -: 1507:    // Stage 2 - Widen __nar while adding thousands separators
        -: 1508:    char_type __o[2*(__nbuf-1) - 1];
        -: 1509:    char_type* __op;  // pad here
        -: 1510:    char_type* __oe;  // end of output
        -: 1511:    this->__widen_and_group_int(__nar, __np, __ne, __o, __op, __oe, __iob.getloc());
        -: 1512:    // [__o, __oe) contains thousands_sep'd wide number
        -: 1513:    // Stage 3 & 4
        -: 1514:    return __pad_and_output(__s, __o, __op, __oe, __iob, __fl);
        -: 1515:}
        -: 1516:
        -: 1517:template <class _CharT, class _OutputIterator>
        -: 1518:_OutputIterator
        -: 1519:num_put<_CharT, _OutputIterator>::do_put(iter_type __s, ios_base& __iob,
        -: 1520:                                         char_type __fl, long __v) const
        -: 1521:{
        -: 1522:    return this->__do_put_integral(__s, __iob, __fl, __v, "l");
        -: 1523:}
        -: 1524:
        -: 1525:template <class _CharT, class _OutputIterator>
        -: 1526:_OutputIterator
        -: 1527:num_put<_CharT, _OutputIterator>::do_put(iter_type __s, ios_base& __iob,
        -: 1528:                                         char_type __fl, long long __v) const
        -: 1529:{
        -: 1530:    return this->__do_put_integral(__s, __iob, __fl, __v, "ll");
        -: 1531:}
        -: 1532:
        -: 1533:template <class _CharT, class _OutputIterator>
        -: 1534:_OutputIterator
        -: 1535:num_put<_CharT, _OutputIterator>::do_put(iter_type __s, ios_base& __iob,
        -: 1536:                                         char_type __fl, unsigned long __v) const
        -: 1537:{
        -: 1538:    return this->__do_put_integral(__s, __iob, __fl, __v, "l");
        -: 1539:}
        -: 1540:
        -: 1541:template <class _CharT, class _OutputIterator>
        -: 1542:_OutputIterator
        -: 1543:num_put<_CharT, _OutputIterator>::do_put(iter_type __s, ios_base& __iob,
        -: 1544:                                         char_type __fl, unsigned long long __v) const
        -: 1545:{
        -: 1546:    return this->__do_put_integral(__s, __iob, __fl, __v, "ll");
        -: 1547:}
        -: 1548:
        -: 1549:template <class _CharT, class _OutputIterator>
        -: 1550:template <class _Float>
        -: 1551:_LIBCPP_HIDE_FROM_ABI inline
        -: 1552:_OutputIterator
        -: 1553:num_put<_CharT, _OutputIterator>::__do_put_floating_point(iter_type __s, ios_base& __iob,
        -: 1554:                                                          char_type __fl, _Float __v,
        -: 1555:                                                          char const* __len) const
        -: 1556:{
        -: 1557:    // Stage 1 - Get number in narrow char
        -: 1558:    char __fmt[8] = {'%', 0};
        -: 1559:    bool __specify_precision = this->__format_float(__fmt+1, __len, __iob.flags());
        -: 1560:    const unsigned __nbuf = 30;
        -: 1561:    char __nar[__nbuf];
        -: 1562:    char* __nb = __nar;
        -: 1563:    int __nc;
        -: 1564:    _LIBCPP_DIAGNOSTIC_PUSH
        -: 1565:    _LIBCPP_CLANG_DIAGNOSTIC_IGNORED("-Wformat-nonliteral")
        -: 1566:    _LIBCPP_GCC_DIAGNOSTIC_IGNORED("-Wformat-nonliteral")
        -: 1567:    if (__specify_precision)
        -: 1568:        __nc = __libcpp_snprintf_l(__nb, __nbuf, _LIBCPP_GET_C_LOCALE, __fmt,
        -: 1569:                                   (int)__iob.precision(), __v);
        -: 1570:    else
        -: 1571:        __nc = __libcpp_snprintf_l(__nb, __nbuf, _LIBCPP_GET_C_LOCALE, __fmt, __v);
        -: 1572:    unique_ptr<char, void(*)(void*)> __nbh(nullptr, free);
        -: 1573:    if (__nc > static_cast<int>(__nbuf-1))
        -: 1574:    {
        -: 1575:        if (__specify_precision)
[...]
        -: 3969:wbuffer_convert<_Codecvt, _Elem, _Tr>::
        -: 3970:    wbuffer_convert(streambuf* __bytebuf, _Codecvt* __pcvt, state_type __state)
        -: 3971:    : __extbuf_(nullptr),
        -: 3972:      __extbufnext_(nullptr),
        -: 3973:      __extbufend_(nullptr),
        -: 3974:      __ebs_(0),
        -: 3975:      __intbuf_(0),
        -: 3976:      __ibs_(0),
        -: 3977:      __bufptr_(__bytebuf),
        -: 3978:      __cv_(__pcvt),
        -: 3979:      __st_(__state),
        -: 3980:      __cm_(0),
        -: 3981:      __owns_eb_(false),
        -: 3982:      __owns_ib_(false),
        -: 3983:      __always_noconv_(__cv_ ? __cv_->always_noconv() : false)
        -: 3984:{
        -: 3985:    setbuf(0, 4096);
        -: 3986:}
        -: 3987:
        -: 3988:template <class _Codecvt, class _Elem, class _Tr>
        -: 3989:wbuffer_convert<_Codecvt, _Elem, _Tr>::~wbuffer_convert()
        -: 3990:{
        -: 3991:    __close();
        -: 3992:    delete __cv_;
        -: 3993:    if (__owns_eb_)
        -: 3994:        delete [] __extbuf_;
        -: 3995:    if (__owns_ib_)
        -: 3996:        delete [] __intbuf_;
        -: 3997:}
        -: 3998:
        -: 3999:template <class _Codecvt, class _Elem, class _Tr>
        -: 4000:typename wbuffer_convert<_Codecvt, _Elem, _Tr>::int_type
        -: 4001:wbuffer_convert<_Codecvt, _Elem, _Tr>::underflow()
        -: 4002:{
        -: 4003:_LIBCPP_SUPPRESS_DEPRECATED_POP
        -: 4004:    if (__cv_ == 0 || __bufptr_ == 0)
        -: 4005:        return traits_type::eof();
        -: 4006:    bool __initial = __read_mode();
        -: 4007:    char_type __1buf;
        -: 4008:    if (this->gptr() == 0)
        -: 4009:        this->setg(&__1buf, &__1buf+1, &__1buf+1);
        -: 4010:    const size_t __unget_sz = __initial ? 0 : min<size_t>((this->egptr() - this->eback()) / 2, 4);
        -: 4011:    int_type __c = traits_type::eof();
        -: 4012:    if (this->gptr() == this->egptr())
        -: 4013:    {
        -: 4014:        _VSTD::memmove(this->eback(), this->egptr() - __unget_sz, __unget_sz * sizeof(char_type));
        -: 4015:        if (__always_noconv_)
        -: 4016:        {
        -: 4017:            streamsize __nmemb = static_cast<streamsize>(this->egptr() - this->eback() - __unget_sz);
        -: 4018:            __nmemb = __bufptr_->sgetn((char*)this->eback() + __unget_sz, __nmemb);
        -: 4019:            if (__nmemb != 0)
        -: 4020:            {
        -: 4021:                this->setg(this->eback(),
        -: 4022:                           this->eback() + __unget_sz,
        -: 4023:                           this->eback() + __unget_sz + __nmemb);
        -: 4024:                __c = *this->gptr();
        -: 4025:            }
        -: 4026:        }
        -: 4027:        else
        -: 4028:        {
        -: 4029:             _LIBCPP_ASSERT(!(__extbufnext_ == NULL && (__extbufend_ != __extbufnext_)), "underflow moving from NULL" );
        -: 4030:             if (__extbufend_ != __extbufnext_)
        -: 4031:                _VSTD::memmove(__extbuf_, __extbufnext_, __extbufend_ - __extbufnext_);
        -: 4032:            __extbufnext_ = __extbuf_ + (__extbufend_ - __extbufnext_);
        -: 4033:            __extbufend_ = __extbuf_ + (__extbuf_ == __extbuf_min_ ? sizeof(__extbuf_min_) : __ebs_);
        -: 4034:            streamsize __nmemb = _VSTD::min(static_cast<streamsize>(this->egptr() - this->eback() - __unget_sz),
        -: 4035:                                 static_cast<streamsize>(__extbufend_ - __extbufnext_));
        -: 4036:            codecvt_base::result __r;
        -: 4037:            // FIXME: Do we ever need to restore the state here?
        -: 4038:            //state_type __svs = __st_;
        -: 4039:            streamsize __nr = __bufptr_->sgetn(const_cast<char*>(__extbufnext_), __nmemb);
        -: 4040:            if (__nr != 0)
        -: 4041:            {
        -: 4042:                __extbufend_ = __extbufnext_ + __nr;
        -: 4043:                char_type*  __inext;
        -: 4044:                __r = __cv_->in(__st_, __extbuf_, __extbufend_, __extbufnext_,
        -: 4045:                                       this->eback() + __unget_sz,
        -: 4046:                                       this->egptr(), __inext);
        -: 4047:                if (__r == codecvt_base::noconv)
        -: 4048:                {
        -: 4049:                    this->setg((char_type*)__extbuf_, (char_type*)__extbuf_,
        -: 4050:                               (char_type*) const_cast<char *>(__extbufend_));
        -: 4051:                    __c = *this->gptr();
        -: 4052:                }
        -: 4053:                else if (__inext != this->eback() + __unget_sz)
        -: 4054:                {
        -: 4055:                    this->setg(this->eback(), this->eback() + __unget_sz, __inext);
        -: 4056:                    __c = *this->gptr();
        -: 4057:                }
        -: 4058:            }
        -: 4059:        }
        -: 4060:    }
        -: 4061:    else
        -: 4062:        __c = *this->gptr();
        -: 4063:    if (this->eback() == &__1buf)
        -: 4064:        this->setg(0, 0, 0);
        -: 4065:    return __c;
        -: 4066:}
        -: 4067:
        -: 4068:_LIBCPP_SUPPRESS_DEPRECATED_PUSH
        -: 4069:template <class _Codecvt, class _Elem, class _Tr>
        -: 4070:typename wbuffer_convert<_Codecvt, _Elem, _Tr>::int_type
        -: 4071:wbuffer_convert<_Codecvt, _Elem, _Tr>::pbackfail(int_type __c)
        -: 4072:{
        -: 4073:_LIBCPP_SUPPRESS_DEPRECATED_POP
        -: 4074:    if (__cv_ != 0 && __bufptr_ != 0 && this->eback() < this->gptr())
        -: 4075:    {
        -: 4076:        if (traits_type::eq_int_type(__c, traits_type::eof()))
        -: 4077:        {
        -: 4078:            this->gbump(-1);
        -: 4079:            return traits_type::not_eof(__c);
        -: 4080:        }
        -: 4081:        if (traits_type::eq(traits_type::to_char_type(__c), this->gptr()[-1]))
        -: 4082:        {
        -: 4083:            this->gbump(-1);
        -: 4084:            *this->gptr() = traits_type::to_char_type(__c);
        -: 4085:            return __c;
        -: 4086:        }
        -: 4087:    }
        -: 4088:    return traits_type::eof();
        -: 4089:}
        -: 4090:
        -: 4091:_LIBCPP_SUPPRESS_DEPRECATED_PUSH
        -: 4092:template <class _Codecvt, class _Elem, class _Tr>
        -: 4093:typename wbuffer_convert<_Codecvt, _Elem, _Tr>::int_type
        -: 4094:wbuffer_convert<_Codecvt, _Elem, _Tr>::overflow(int_type __c)
        -: 4095:{
        -: 4096:_LIBCPP_SUPPRESS_DEPRECATED_POP
        -: 4097:    if (__cv_ == 0 || __bufptr_ == 0)
        -: 4098:        return traits_type::eof();
        -: 4099:    __write_mode();
        -: 4100:    char_type __1buf;
        -: 4101:    char_type* __pb_save = this->pbase();
        -: 4102:    char_type* __epb_save = this->epptr();
        -: 4103:    if (!traits_type::eq_int_type(__c, traits_type::eof()))
        -: 4104:    {
        -: 4105:        if (this->pptr() == 0)
        -: 4106:            this->setp(&__1buf, &__1buf+1);
        -: 4107:        *this->pptr() = traits_type::to_char_type(__c);
        -: 4108:        this->pbump(1);
        -: 4109:    }
        -: 4110:    if (this->pptr() != this->pbase())
        -: 4111:    {
        -: 4112:        if (__always_noconv_)
        -: 4113:        {
        -: 4114:            streamsize __nmemb = static_cast<streamsize>(this->pptr() - this->pbase());
        -: 4115:            if (__bufptr_->sputn((const char*)this->pbase(), __nmemb) != __nmemb)
        -: 4116:                return traits_type::eof();
        -: 4117:        }
        -: 4118:        else
        -: 4119:        {
        -: 4120:            char* __extbe = __extbuf_;
        -: 4121:            codecvt_base::result __r;
        -: 4122:            do
        -: 4123:            {
        -: 4124:                const char_type* __e;
        -: 4125:                __r = __cv_->out(__st_, this->pbase(), this->pptr(), __e,
        -: 4126:                                        __extbuf_, __extbuf_ + __ebs_, __extbe);
        -: 4127:                if (__e == this->pbase())
        -: 4128:                    return traits_type::eof();
        -: 4129:                if (__r == codecvt_base::noconv)
        -: 4130:                {
        -: 4131:                    streamsize __nmemb = static_cast<size_t>(this->pptr() - this->pbase());
        -: 4132:                    if (__bufptr_->sputn((const char*)this->pbase(), __nmemb) != __nmemb)
        -: 4133:                        return traits_type::eof();
        -: 4134:                }
        -: 4135:                else if (__r == codecvt_base::ok || __r == codecvt_base::partial)
        -: 4136:                {
        -: 4137:                    streamsize __nmemb = static_cast<size_t>(__extbe - __extbuf_);
        -: 4138:                    if (__bufptr_->sputn(__extbuf_, __nmemb) != __nmemb)
        -: 4139:                        return traits_type::eof();
        -: 4140:                    if (__r == codecvt_base::partial)
        -: 4141:                    {
        -: 4142:                        this->setp(const_cast<char_type *>(__e), this->pptr());
        -: 4143:                        this->__pbump(this->epptr() - this->pbase());
        -: 4144:                    }
        -: 4145:                }
        -: 4146:                else
        -: 4147:                    return traits_type::eof();
        -: 4148:            } while (__r == codecvt_base::partial);
        -: 4149:        }
        -: 4150:        this->setp(__pb_save, __epb_save);
        -: 4151:    }
        -: 4152:    return traits_type::not_eof(__c);
        -: 4153:}
        -: 4154:
        -: 4155:_LIBCPP_SUPPRESS_DEPRECATED_PUSH
        -: 4156:template <class _Codecvt, class _Elem, class _Tr>
        -: 4157:basic_streambuf<_Elem, _Tr>*
        -: 4158:wbuffer_convert<_Codecvt, _Elem, _Tr>::setbuf(char_type* __s, streamsize __n)
        -: 4159:{
        -: 4160:_LIBCPP_SUPPRESS_DEPRECATED_POP
        -: 4161:    this->setg(0, 0, 0);
        -: 4162:    this->setp(0, 0);
        -: 4163:    if (__owns_eb_)
        -: 4164:        delete [] __extbuf_;
        -: 4165:    if (__owns_ib_)
        -: 4166:        delete [] __intbuf_;
        -: 4167:    __ebs_ = __n;
        -: 4168:    if (__ebs_ > sizeof(__extbuf_min_))
        -: 4169:    {
        -: 4170:        if (__always_noconv_ && __s)
        -: 4171:        {
        -: 4172:            __extbuf_ = (char*)__s;
        -: 4173:            __owns_eb_ = false;
        -: 4174:        }
        -: 4175:        else
        -: 4176:        {
        -: 4177:            __extbuf_ = new char[__ebs_];
        -: 4178:            __owns_eb_ = true;
        -: 4179:        }
        -: 4180:    }
        -: 4181:    else
        -: 4182:    {
        -: 4183:        __extbuf_ = __extbuf_min_;
        -: 4184:        __ebs_ = sizeof(__extbuf_min_);
        -: 4185:        __owns_eb_ = false;
        -: 4186:    }
        -: 4187:    if (!__always_noconv_)
        -: 4188:    {
        -: 4189:        __ibs_ = max<streamsize>(__n, sizeof(__extbuf_min_));
        -: 4190:        if (__s && __ibs_ >= sizeof(__extbuf_min_))
        -: 4191:        {
        -: 4192:            __intbuf_ = __s;
        -: 4193:            __owns_ib_ = false;
        -: 4194:        }
        -: 4195:        else
        -: 4196:        {
        -: 4197:            __intbuf_ = new char_type[__ibs_];
        -: 4198:            __owns_ib_ = true;
        -: 4199:        }
        -: 4200:    }
        -: 4201:    else
        -: 4202:    {
        -: 4203:        __ibs_ = 0;
        -: 4204:        __intbuf_ = 0;
        -: 4205:        __owns_ib_ = false;
        -: 4206:    }
        -: 4207:    return this;
        -: 4208:}
        -: 4209:
        -: 4210:_LIBCPP_SUPPRESS_DEPRECATED_PUSH
        -: 4211:template <class _Codecvt, class _Elem, class _Tr>
        -: 4212:typename wbuffer_convert<_Codecvt, _Elem, _Tr>::pos_type
        -: 4213:wbuffer_convert<_Codecvt, _Elem, _Tr>::seekoff(off_type __off, ios_base::seekdir __way,
        -: 4214:                                        ios_base::openmode __om)
        -: 4215:{
        -: 4216:    int __width = __cv_->encoding();
        -: 4217:    if (__cv_ == 0 || __bufptr_ == 0 || (__width <= 0 && __off != 0) || sync())
        -: 4218:        return pos_type(off_type(-1));
        -: 4219:    // __width > 0 || __off == 0, now check __way
        -: 4220:    if (__way != ios_base::beg && __way != ios_base::cur && __way != ios_base::end)
        -: 4221:        return pos_type(off_type(-1));
        -: 4222:    pos_type __r = __bufptr_->pubseekoff(__width * __off, __way, __om);
        -: 4223:    __r.state(__st_);
        -: 4224:    return __r;
        -: 4225:}
        -: 4226:
        -: 4227:template <class _Codecvt, class _Elem, class _Tr>
        -: 4228:typename wbuffer_convert<_Codecvt, _Elem, _Tr>::pos_type
        -: 4229:wbuffer_convert<_Codecvt, _Elem, _Tr>::seekpos(pos_type __sp, ios_base::openmode __wch)
        -: 4230:{
        -: 4231:    if (__cv_ == 0 || __bufptr_ == 0 || sync())
        -: 4232:        return pos_type(off_type(-1));
        -: 4233:    if (__bufptr_->pubseekpos(__sp, __wch) == pos_type(off_type(-1)))
        -: 4234:        return pos_type(off_type(-1));
        -: 4235:    return __sp;
        -: 4236:}
        -: 4237:
        -: 4238:template <class _Codecvt, class _Elem, class _Tr>
        -: 4239:int
        -: 4240:wbuffer_convert<_Codecvt, _Elem, _Tr>::sync()
        -: 4241:{
        -: 4242:_LIBCPP_SUPPRESS_DEPRECATED_POP
        -: 4243:    if (__cv_ == 0 || __bufptr_ == 0)
        -: 4244:        return 0;
        -: 4245:    if (__cm_ & ios_base::out)
        -: 4246:    {
        -: 4247:        if (this->pptr() != this->pbase())
        -: 4248:            if (overflow() == traits_type::eof())
        -: 4249:                return -1;
        -: 4250:        codecvt_base::result __r;
        -: 4251:        do
        -: 4252:        {
        -: 4253:            char* __extbe;
        -: 4254:            __r = __cv_->unshift(__st_, __extbuf_, __extbuf_ + __ebs_, __extbe);
        -: 4255:            streamsize __nmemb = static_cast<streamsize>(__extbe - __extbuf_);
        -: 4256:            if (__bufptr_->sputn(__extbuf_, __nmemb) != __nmemb)
        -: 4257:                return -1;
        -: 4258:        } while (__r == codecvt_base::partial);
        -: 4259:        if (__r == codecvt_base::error)
        -: 4260:            return -1;
        -: 4261:        if (__bufptr_->pubsync())
        -: 4262:            return -1;
        -: 4263:    }
        -: 4264:    else if (__cm_ & ios_base::in)
        -: 4265:    {
        -: 4266:        off_type __c;
        -: 4267:        if (__always_noconv_)
        -: 4268:            __c = this->egptr() - this->gptr();
        -: 4269:        else
        -: 4270:        {
        -: 4271:            int __width = __cv_->encoding();
        -: 4272:            __c = __extbufend_ - __extbufnext_;
        -: 4273:            if (__width > 0)
        -: 4274:                __c += __width * (this->egptr() - this->gptr());
        -: 4275:            else
        -: 4276:            {
        -: 4277:                if (this->gptr() != this->egptr())
        -: 4278:                {
        -: 4279:                    reverse(this->gptr(), this->egptr());
        -: 4280:                    codecvt_base::result __r;
        -: 4281:                    const char_type* __e = this->gptr();
        -: 4282:                    char* __extbe;
        -: 4283:                    do
        -: 4284:                    {
        -: 4285:                        __r = __cv_->out(__st_, __e, this->egptr(), __e,
        -: 4286:                                         __extbuf_, __extbuf_ + __ebs_, __extbe);
        -: 4287:                        switch (__r)
        -: 4288:                        {
        -: 4289:                        case codecvt_base::noconv:
        -: 4290:                            __c += this->egptr() - this->gptr();
        -: 4291:                            break;
        -: 4292:                        case codecvt_base::ok:
        -: 4293:                        case codecvt_base::partial:
        -: 4294:                            __c += __extbe - __extbuf_;
        -: 4295:                            break;
        -: 4296:                        default:
        -: 4297:                            return -1;
        -: 4298:                        }
        -: 4299:                    } while (__r == codecvt_base::partial);
        -: 4300:                }
        -: 4301:            }
        -: 4302:        }
        -: 4303:        if (__bufptr_->pubseekoff(-__c, ios_base::cur, __cm_) == pos_type(off_type(-1)))
        -: 4304:            return -1;
        -: 4305:        this->setg(0, 0, 0);
        -: 4306:        __cm_ = 0;
        -: 4307:    }
        -: 4308:    return 0;
        -: 4309:}
        -: 4310:
        -: 4311:_LIBCPP_SUPPRESS_DEPRECATED_PUSH
        -: 4312:template <class _Codecvt, class _Elem, class _Tr>
        -: 4313:bool
        -: 4314:wbuffer_convert<_Codecvt, _Elem, _Tr>::__read_mode()
        -: 4315:{
        -: 4316:    if (!(__cm_ & ios_base::in))
        -: 4317:    {
        -: 4318:        this->setp(0, 0);
        -: 4319:        if (__always_noconv_)
        -: 4320:            this->setg((char_type*)__extbuf_,
        -: 4321:                       (char_type*)__extbuf_ + __ebs_,
        -: 4322:                       (char_type*)__extbuf_ + __ebs_);
        -: 4323:        else
        -: 4324:            this->setg(__intbuf_, __intbuf_ + __ibs_, __intbuf_ + __ibs_);
        -: 4325:        __cm_ = ios_base::in;
        -: 4326:        return true;
        -: 4327:    }
        -: 4328:    return false;
        -: 4329:}
        -: 4330:
        -: 4331:template <class _Codecvt, class _Elem, class _Tr>
        -: 4332:void
        -: 4333:wbuffer_convert<_Codecvt, _Elem, _Tr>::__write_mode()
        -: 4334:{
        -: 4335:    if (!(__cm_ & ios_base::out))
        -: 4336:    {
        -: 4337:        this->setg(0, 0, 0);
        -: 4338:        if (__ebs_ > sizeof(__extbuf_min_))
        -: 4339:        {
        -: 4340:            if (__always_noconv_)
        -: 4341:                this->setp((char_type*)__extbuf_,
        -: 4342:                           (char_type*)__extbuf_ + (__ebs_ - 1));
        -: 4343:            else
        -: 4344:                this->setp(__intbuf_, __intbuf_ + (__ibs_ - 1));
        -: 4345:        }
        -: 4346:        else
        -: 4347:            this->setp(0, 0);
        -: 4348:        __cm_ = ios_base::out;
        -: 4349:    }
        -: 4350:}
        -: 4351:
        -: 4352:template <class _Codecvt, class _Elem, class _Tr>
        -: 4353:wbuffer_convert<_Codecvt, _Elem, _Tr>*
        -: 4354:wbuffer_convert<_Codecvt, _Elem, _Tr>::__close()
        -: 4355:{
        -: 4356:    wbuffer_convert* __rt = nullptr;
        -: 4357:    if (__cv_ != nullptr && __bufptr_ != nullptr)
        -: 4358:    {
        -: 4359:        __rt = this;
        -: 4360:        if ((__cm_ & ios_base::out) && sync())
        -: 4361:            __rt = nullptr;
        -: 4362:    }
        -: 4363:    return __rt;
        -: 4364:}
        -: 4365:
        -: 4366:_LIBCPP_SUPPRESS_DEPRECATED_POP
        -: 4367:
        -: 4368:_LIBCPP_END_NAMESPACE_STD
        -: 4369:
        -: 4370:_LIBCPP_POP_MACROS
        -: 4371:
        -: 4372:#endif // _LIBCPP_LOCALE
