        -:    0:Source:/Library/Developer/CommandLineTools/SDKs/MacOSX.sdk/usr/include/c++/v1/string
        -:    0:Graph:hello.gcno
        -:    0:Data:hello.gcda
        -:    0:Runs:1
        -:    0:Programs:1
        -:    1:// -*- C++ -*-
        -:    2://===----------------------------------------------------------------------===//
        -:    3://
        -:    4:// Part of the LLVM Project, under the Apache License v2.0 with LLVM Exceptions.
        -:    5:// See https://llvm.org/LICENSE.txt for license information.
        -:    6:// SPDX-License-Identifier: Apache-2.0 WITH LLVM-exception
        -:    7://
        -:    8://===----------------------------------------------------------------------===//
        -:    9:
        -:   10:#ifndef _LIBCPP_STRING
        -:   11:#define _LIBCPP_STRING
        -:   12:
        -:   13:/*
        -:   14:    string synopsis
        -:   15:
        -:   16:namespace std
        -:   17:{
        -:   18:
        -:   19:template <class stateT>
        -:   20:class fpos
        -:   21:{
        -:   22:private:
        -:   23:    stateT st;
        -:   24:public:
        -:   25:    fpos(streamoff = streamoff());
        -:   26:
        -:   27:    operator streamoff() const;
        -:   28:
        -:   29:    stateT state() const;
        -:   30:    void state(stateT);
        -:   31:
        -:   32:    fpos& operator+=(streamoff);
        -:   33:    fpos  operator+ (streamoff) const;
        -:   34:    fpos& operator-=(streamoff);
        -:   35:    fpos  operator- (streamoff) const;
        -:   36:};
        -:   37:
        -:   38:template <class stateT> streamoff operator-(const fpos<stateT>& x, const fpos<stateT>& y);
        -:   39:
        -:   40:template <class stateT> bool operator==(const fpos<stateT>& x, const fpos<stateT>& y);
        -:   41:template <class stateT> bool operator!=(const fpos<stateT>& x, const fpos<stateT>& y);
        -:   42:
        -:   43:template <class charT>
        -:   44:struct char_traits
        -:   45:{
        -:   46:    typedef charT     char_type;
        -:   47:    typedef ...       int_type;
        -:   48:    typedef streamoff off_type;
        -:   49:    typedef streampos pos_type;
        -:   50:    typedef mbstate_t state_type;
        -:   51:
        -:   52:    static void assign(char_type& c1, const char_type& c2) noexcept;
        -:   53:    static constexpr bool eq(char_type c1, char_type c2) noexcept;
        -:   54:    static constexpr bool lt(char_type c1, char_type c2) noexcept;
        -:   55:
        -:   56:    static int              compare(const char_type* s1, const char_type* s2, size_t n);
        -:   57:    static size_t           length(const char_type* s);
        -:   58:    static const char_type* find(const char_type* s, size_t n, const char_type& a);
        -:   59:    static char_type*       move(char_type* s1, const char_type* s2, size_t n);
        -:   60:    static char_type*       copy(char_type* s1, const char_type* s2, size_t n);
        -:   61:    static char_type*       assign(char_type* s, size_t n, char_type a);
        -:   62:
        -:   63:    static constexpr int_type  not_eof(int_type c) noexcept;
        -:   64:    static constexpr char_type to_char_type(int_type c) noexcept;
        -:   65:    static constexpr int_type  to_int_type(char_type c) noexcept;
        -:   66:    static constexpr bool      eq_int_type(int_type c1, int_type c2) noexcept;
        -:   67:    static constexpr int_type  eof() noexcept;
        -:   68:};
        -:   69:
        -:   70:template <> struct char_traits<char>;
        -:   71:template <> struct char_traits<wchar_t>;
        -:   72:template <> struct char_traits<char8_t>;  // C++20
        -:   73:template <> struct char_traits<char16_t>;
        -:   74:template <> struct char_traits<char32_t>;
        -:   75:
        -:   76:template<class charT, class traits = char_traits<charT>, class Allocator = allocator<charT> >
        -:   77:class basic_string
        -:   78:{
        -:   79:public:
        -:   80:// types:
        -:   81:    typedef traits traits_type;
        -:   82:    typedef typename traits_type::char_type value_type;
        -:   83:    typedef Allocator allocator_type;
        -:   84:    typedef typename allocator_type::size_type size_type;
        -:   85:    typedef typename allocator_type::difference_type difference_type;
        -:   86:    typedef typename allocator_type::reference reference;
        -:   87:    typedef typename allocator_type::const_reference const_reference;
        -:   88:    typedef typename allocator_type::pointer pointer;
        -:   89:    typedef typename allocator_type::const_pointer const_pointer;
        -:   90:    typedef implementation-defined iterator;
        -:   91:    typedef implementation-defined const_iterator;
        -:   92:    typedef std::reverse_iterator<iterator> reverse_iterator;
        -:   93:    typedef std::reverse_iterator<const_iterator> const_reverse_iterator;
        -:   94:
        -:   95:    static const size_type npos = -1;
        -:   96:
        -:   97:    basic_string()
        -:   98:        noexcept(is_nothrow_default_constructible<allocator_type>::value);                      // constexpr since C++20
        -:   99:    explicit basic_string(const allocator_type& a);                                             // constexpr since C++20
        -:  100:    basic_string(const basic_string& str);                                                      // constexpr since C++20
        -:  101:    basic_string(basic_string&& str)
        -:  102:        noexcept(is_nothrow_move_constructible<allocator_type>::value);                         // constexpr since C++20
        -:  103:    basic_string(const basic_string& str, size_type pos,
        -:  104:                 const allocator_type& a = allocator_type());                                   // constexpr since C++20
        -:  105:    basic_string(const basic_string& str, size_type pos, size_type n,
        -:  106:                 const Allocator& a = Allocator());                                             // constexpr since C++20
        -:  107:    template<class T>
        -:  108:        basic_string(const T& t, size_type pos, size_type n, const Allocator& a = Allocator()); // C++17, constexpr since C++20
        -:  109:    template <class T>
        -:  110:        explicit basic_string(const T& t, const Allocator& a = Allocator());                    // C++17, constexpr since C++20
        -:  111:    basic_string(const value_type* s, const allocator_type& a = allocator_type());              // constexpr since C++20
        -:  112:    basic_string(const value_type* s, size_type n, const allocator_type& a = allocator_type()); // constexpr since C++20
        -:  113:    basic_string(nullptr_t) = delete; // C++2b
        -:  114:    basic_string(size_type n, value_type c, const allocator_type& a = allocator_type());        // constexpr since C++20
        -:  115:    template<class InputIterator>
        -:  116:        basic_string(InputIterator begin, InputIterator end,
        -:  117:                     const allocator_type& a = allocator_type());                               // constexpr since C++20
        -:  118:    basic_string(initializer_list<value_type>, const Allocator& = Allocator());                 // constexpr since C++20
        -:  119:    basic_string(const basic_string&, const Allocator&);                                        // constexpr since C++20
        -:  120:    basic_string(basic_string&&, const Allocator&);                                             // constexpr since C++20
        -:  121:
        -:  122:    ~basic_string();                                                                            // constexpr since C++20
        -:  123:
        -:  124:    operator basic_string_view<charT, traits>() const noexcept;                                 // constexpr since C++20
        -:  125:
        -:  126:    basic_string& operator=(const basic_string& str);                                           // constexpr since C++20
        -:  127:    template <class T>
        -:  128:        basic_string& operator=(const T& t);                                                    // C++17, constexpr since C++20
        -:  129:    basic_string& operator=(basic_string&& str)
        -:  130:        noexcept(
        -:  131:             allocator_type::propagate_on_container_move_assignment::value ||
        -:  132:             allocator_type::is_always_equal::value );                                          // C++17, constexpr since C++20
        -:  133:    basic_string& operator=(const value_type* s);                                               // constexpr since C++20
        -:  134:    basic_string& operator=(nullptr_t) = delete; // C++2b
        -:  135:    basic_string& operator=(value_type c);                                                      // constexpr since C++20
        -:  136:    basic_string& operator=(initializer_list<value_type>);                                      // constexpr since C++20
        -:  137:
        -:  138:    iterator       begin() noexcept;                                                            // constexpr since C++20
        -:  139:    const_iterator begin() const noexcept;                                                      // constexpr since C++20
        -:  140:    iterator       end() noexcept;                                                              // constexpr since C++20
        -:  141:    const_iterator end() const noexcept;                                                        // constexpr since C++20
        -:  142:
        -:  143:    reverse_iterator       rbegin() noexcept;                                                   // constexpr since C++20
        -:  144:    const_reverse_iterator rbegin() const noexcept;                                             // constexpr since C++20
        -:  145:    reverse_iterator       rend() noexcept;                                                     // constexpr since C++20
        -:  146:    const_reverse_iterator rend() const noexcept;                                               // constexpr since C++20
        -:  147:
        -:  148:    const_iterator         cbegin() const noexcept;                                             // constexpr since C++20
        -:  149:    const_iterator         cend() const noexcept;                                               // constexpr since C++20
        -:  150:    const_reverse_iterator crbegin() const noexcept;                                            // constexpr since C++20
        -:  151:    const_reverse_iterator crend() const noexcept;                                              // constexpr since C++20
        -:  152:
        -:  153:    size_type size() const noexcept;                                                            // constexpr since C++20
        -:  154:    size_type length() const noexcept;                                                          // constexpr since C++20
        -:  155:    size_type max_size() const noexcept;                                                        // constexpr since C++20
        -:  156:    size_type capacity() const noexcept;                                                        // constexpr since C++20
        -:  157:
        -:  158:    void resize(size_type n, value_type c);                                                     // constexpr since C++20
        -:  159:    void resize(size_type n);                                                                   // constexpr since C++20
        -:  160:
        -:  161:    template<class Operation>
        -:  162:    constexpr void resize_and_overwrite(size_type n, Operation op); // since C++23
        -:  163:
        -:  164:    void reserve(size_type res_arg);                                                            // constexpr since C++20
        -:  165:    void reserve(); // deprecated in C++20
        -:  166:    void shrink_to_fit();                                                                       // constexpr since C++20
        -:  167:    void clear() noexcept;                                                                      // constexpr since C++20
        -:  168:    bool empty() const noexcept;                                                                // constexpr since C++20
        -:  169:
        -:  170:    const_reference operator[](size_type pos) const;                                            // constexpr since C++20
        -:  171:    reference       operator[](size_type pos);                                                  // constexpr since C++20
        -:  172:
        -:  173:    const_reference at(size_type n) const;                                                      // constexpr since C++20
        -:  174:    reference       at(size_type n);                                                            // constexpr since C++20
        -:  175:
        -:  176:    basic_string& operator+=(const basic_string& str);                                          // constexpr since C++20
        -:  177:    template <class T>
        -:  178:        basic_string& operator+=(const T& t);                                                   // C++17, constexpr since C++20
        -:  179:    basic_string& operator+=(const value_type* s);                                              // constexpr since C++20
        -:  180:    basic_string& operator+=(value_type c);                                                     // constexpr since C++20
        -:  181:    basic_string& operator+=(initializer_list<value_type>);                                     // constexpr since C++20
        -:  182:
        -:  183:    basic_string& append(const basic_string& str);                                              // constexpr since C++20
        -:  184:    template <class T>
        -:  185:        basic_string& append(const T& t);                                                       // C++17, constexpr since C++20
        -:  186:    basic_string& append(const basic_string& str, size_type pos, size_type n=npos);             // C++14, constexpr since C++20
        -:  187:    template <class T>
        -:  188:        basic_string& append(const T& t, size_type pos, size_type n=npos);                      // C++17, constexpr since C++20
        -:  189:    basic_string& append(const value_type* s, size_type n);                                     // constexpr since C++20
        -:  190:    basic_string& append(const value_type* s);                                                  // constexpr since C++20
        -:  191:    basic_string& append(size_type n, value_type c);                                            // constexpr since C++20
        -:  192:    template<class InputIterator>
        -:  193:        basic_string& append(InputIterator first, InputIterator last);                          // constexpr since C++20
        -:  194:    basic_string& append(initializer_list<value_type>);                                         // constexpr since C++20
        -:  195:
        -:  196:    void push_back(value_type c);                                                               // constexpr since C++20
        -:  197:    void pop_back();                                                                            // constexpr since C++20
        -:  198:    reference       front();                                                                    // constexpr since C++20
        -:  199:    const_reference front() const;                                                              // constexpr since C++20
        -:  200:    reference       back();                                                                     // constexpr since C++20
        -:  201:    const_reference back() const;                                                               // constexpr since C++20
        -:  202:
        -:  203:    basic_string& assign(const basic_string& str);                                              // constexpr since C++20
        -:  204:    template <class T>
        -:  205:        basic_string& assign(const T& t);                                                       // C++17, constexpr since C++20
        -:  206:    basic_string& assign(basic_string&& str);                                                   // constexpr since C++20
        -:  207:    basic_string& assign(const basic_string& str, size_type pos, size_type n=npos);             // C++14, constexpr since C++20
        -:  208:    template <class T>
        -:  209:        basic_string& assign(const T& t, size_type pos, size_type n=npos);                      // C++17, constexpr since C++20
        -:  210:    basic_string& assign(const value_type* s, size_type n);                                     // constexpr since C++20
        -:  211:    basic_string& assign(const value_type* s);                                                  // constexpr since C++20
        -:  212:    basic_string& assign(size_type n, value_type c);                                            // constexpr since C++20
        -:  213:    template<class InputIterator>
        -:  214:        basic_string& assign(InputIterator first, InputIterator last);                          // constexpr since C++20
        -:  215:    basic_string& assign(initializer_list<value_type>);                                         // constexpr since C++20
        -:  216:
        -:  217:    basic_string& insert(size_type pos1, const basic_string& str);                              // constexpr since C++20
        -:  218:    template <class T>
        -:  219:        basic_string& insert(size_type pos1, const T& t);                                       // constexpr since C++20
        -:  220:    basic_string& insert(size_type pos1, const basic_string& str,
        -:  221:                         size_type pos2, size_type n);                                          // constexpr since C++20
        -:  222:    template <class T>
        -:  223:        basic_string& insert(size_type pos1, const T& t, size_type pos2, size_type n);          // C++17, constexpr since C++20
        -:  224:    basic_string& insert(size_type pos, const value_type* s, size_type n=npos);                 // C++14, constexpr since C++20
        -:  225:    basic_string& insert(size_type pos, const value_type* s);                                   // constexpr since C++20
        -:  226:    basic_string& insert(size_type pos, size_type n, value_type c);                             // constexpr since C++20
        -:  227:    iterator      insert(const_iterator p, value_type c);                                       // constexpr since C++20
        -:  228:    iterator      insert(const_iterator p, size_type n, value_type c);                          // constexpr since C++20
        -:  229:    template<class InputIterator>
        -:  230:        iterator insert(const_iterator p, InputIterator first, InputIterator last);             // constexpr since C++20
        -:  231:    iterator      insert(const_iterator p, initializer_list<value_type>);                       // constexpr since C++20
        -:  232:
        -:  233:    basic_string& erase(size_type pos = 0, size_type n = npos);                                 // constexpr since C++20
        -:  234:    iterator      erase(const_iterator position);                                               // constexpr since C++20
        -:  235:    iterator      erase(const_iterator first, const_iterator last);                             // constexpr since C++20
        -:  236:
        -:  237:    basic_string& replace(size_type pos1, size_type n1, const basic_string& str);               // constexpr since C++20
        -:  238:    template <class T>
        -:  239:    basic_string& replace(size_type pos1, size_type n1, const T& t);                            // C++17, constexpr since C++20
        -:  240:    basic_string& replace(size_type pos1, size_type n1, const basic_string& str,
        -:  241:                          size_type pos2, size_type n2=npos);                                   // C++14, constexpr since C++20
        -:  242:    template <class T>
        -:  243:        basic_string& replace(size_type pos1, size_type n1, const T& t,
        -:  244:                              size_type pos2, size_type n);                                     // C++17, constexpr since C++20
        -:  245:    basic_string& replace(size_type pos, size_type n1, const value_type* s, size_type n2);      // constexpr since C++20
        -:  246:    basic_string& replace(size_type pos, size_type n1, const value_type* s);                    // constexpr since C++20
        -:  247:    basic_string& replace(size_type pos, size_type n1, size_type n2, value_type c);             // constexpr since C++20
        -:  248:    basic_string& replace(const_iterator i1, const_iterator i2, const basic_string& str);       // constexpr since C++20
        -:  249:    template <class T>
        -:  250:        basic_string& replace(const_iterator i1, const_iterator i2, const T& t);                // C++17, constexpr since C++20
        -:  251:    basic_string& replace(const_iterator i1, const_iterator i2, const value_type* s, size_type n); // constexpr since C++20
        -:  252:    basic_string& replace(const_iterator i1, const_iterator i2, const value_type* s);           // constexpr since C++20
        -:  253:    basic_string& replace(const_iterator i1, const_iterator i2, size_type n, value_type c);     // constexpr since C++20
        -:  254:    template<class InputIterator>
        -:  255:        basic_string& replace(const_iterator i1, const_iterator i2, InputIterator j1, InputIterator j2); // constexpr since C++20
        -:  256:    basic_string& replace(const_iterator i1, const_iterator i2, initializer_list<value_type>);  // constexpr since C++20
        -:  257:
        -:  258:    size_type copy(value_type* s, size_type n, size_type pos = 0) const;                        // constexpr since C++20
        -:  259:    basic_string substr(size_type pos = 0, size_type n = npos) const;                           // constexpr since C++20
        -:  260:
        -:  261:    void swap(basic_string& str)
        -:  262:        noexcept(allocator_traits<allocator_type>::propagate_on_container_swap::value ||
        -:  263:                 allocator_traits<allocator_type>::is_always_equal::value);                     // C++17, constexpr since C++20
        -:  264:
        -:  265:    const value_type* c_str() const noexcept;                                                   // constexpr since C++20
        -:  266:    const value_type* data() const noexcept;                                                    // constexpr since C++20
        -:  267:          value_type* data()       noexcept;                                                    // C++17, constexpr since C++20
        -:  268:
        -:  269:    allocator_type get_allocator() const noexcept;                                              // constexpr since C++20
        -:  270:
        -:  271:    size_type find(const basic_string& str, size_type pos = 0) const noexcept;                  // constexpr since C++20
        -:  272:    template <class T>
        -:  273:        size_type find(const T& t, size_type pos = 0) const noexcept;                           // C++17, noexcept as an extension, constexpr since C++20
        -:  274:    size_type find(const value_type* s, size_type pos, size_type n) const noexcept;             // constexpr since C++20
        -:  275:    size_type find(const value_type* s, size_type pos = 0) const noexcept;                      // constexpr since C++20
        -:  276:    size_type find(value_type c, size_type pos = 0) const noexcept;                             // constexpr since C++20
        -:  277:
        -:  278:    size_type rfind(const basic_string& str, size_type pos = npos) const noexcept;              // constexpr since C++20
        -:  279:    template <class T>
        -:  280:        size_type rfind(const T& t, size_type pos = npos) const noexcept;                       // C++17, noexcept as an extension, constexpr since C++20
        -:  281:    size_type rfind(const value_type* s, size_type pos, size_type n) const noexcept;            // constexpr since C++20
        -:  282:    size_type rfind(const value_type* s, size_type pos = npos) const noexcept;                  // constexpr since C++20
        -:  283:    size_type rfind(value_type c, size_type pos = npos) const noexcept;                         // constexpr since C++20
        -:  284:
        -:  285:    size_type find_first_of(const basic_string& str, size_type pos = 0) const noexcept;         // constexpr since C++20
        -:  286:    template <class T>
        -:  287:        size_type find_first_of(const T& t, size_type pos = 0) const noexcept;                  // C++17, noexcept as an extension, constexpr since C++20
        -:  288:    size_type find_first_of(const value_type* s, size_type pos, size_type n) const noexcept;    // constexpr since C++20
        -:  289:    size_type find_first_of(const value_type* s, size_type pos = 0) const noexcept;             // constexpr since C++20
        -:  290:    size_type find_first_of(value_type c, size_type pos = 0) const noexcept;                    // constexpr since C++20
        -:  291:
        -:  292:    size_type find_last_of(const basic_string& str, size_type pos = npos) const noexcept;       // constexpr since C++20
        -:  293:    template <class T>
        -:  294:        size_type find_last_of(const T& t, size_type pos = npos) const noexcept noexcept;       // C++17, noexcept as an extension, constexpr since C++20
        -:  295:    size_type find_last_of(const value_type* s, size_type pos, size_type n) const noexcept;     // constexpr since C++20
        -:  296:    size_type find_last_of(const value_type* s, size_type pos = npos) const noexcept;           // constexpr since C++20
        -:  297:    size_type find_last_of(value_type c, size_type pos = npos) const noexcept;                  // constexpr since C++20
        -:  298:
        -:  299:    size_type find_first_not_of(const basic_string& str, size_type pos = 0) const noexcept;     // constexpr since C++20
        -:  300:    template <class T>
        -:  301:        size_type find_first_not_of(const T& t, size_type pos = 0) const noexcept;              // C++17, noexcept as an extension, constexpr since C++20
        -:  302:    size_type find_first_not_of(const value_type* s, size_type pos, size_type n) const noexcept; // constexpr since C++20
        -:  303:    size_type find_first_not_of(const value_type* s, size_type pos = 0) const noexcept;         // constexpr since C++20
        -:  304:    size_type find_first_not_of(value_type c, size_type pos = 0) const noexcept;                // constexpr since C++20
        -:  305:
        -:  306:    size_type find_last_not_of(const basic_string& str, size_type pos = npos) const noexcept;   // constexpr since C++20
        -:  307:    template <class T>
        -:  308:        size_type find_last_not_of(const T& t, size_type pos = npos) const noexcept;            // C++17, noexcept as an extension, constexpr since C++20
        -:  309:    size_type find_last_not_of(const value_type* s, size_type pos, size_type n) const noexcept; // constexpr since C++20
        -:  310:    size_type find_last_not_of(const value_type* s, size_type pos = npos) const noexcept;       // constexpr since C++20
        -:  311:    size_type find_last_not_of(value_type c, size_type pos = npos) const noexcept;              // constexpr since C++20
        -:  312:
        -:  313:    int compare(const basic_string& str) const noexcept;                                        // constexpr since C++20
        -:  314:    template <class T>
        -:  315:        int compare(const T& t) const noexcept;                                                 // C++17, noexcept as an extension, constexpr since C++20
        -:  316:    int compare(size_type pos1, size_type n1, const basic_string& str) const;                   // constexpr since C++20
        -:  317:    template <class T>
        -:  318:        int compare(size_type pos1, size_type n1, const T& t) const;                            // C++17, constexpr since C++20
        -:  319:    int compare(size_type pos1, size_type n1, const basic_string& str,
        -:  320:                size_type pos2, size_type n2=npos) const;                                       // C++14, constexpr since C++20
        -:  321:    template <class T>
        -:  322:        int compare(size_type pos1, size_type n1, const T& t,
        -:  323:                    size_type pos2, size_type n2=npos) const;                                   // C++17, constexpr since C++20
        -:  324:    int compare(const value_type* s) const noexcept;                                            // constexpr since C++20
        -:  325:    int compare(size_type pos1, size_type n1, const value_type* s) const;                       // constexpr since C++20
        -:  326:    int compare(size_type pos1, size_type n1, const value_type* s, size_type n2) const;         // constexpr since C++20
        -:  327:
        -:  328:    constexpr bool starts_with(basic_string_view<charT, traits> sv) const noexcept;             // C++20
        -:  329:    constexpr bool starts_with(charT c) const noexcept;                                         // C++20
        -:  330:    constexpr bool starts_with(const charT* s) const;                                           // C++20
        -:  331:    constexpr bool ends_with(basic_string_view<charT, traits> sv) const noexcept;               // C++20
        -:  332:    constexpr bool ends_with(charT c) const noexcept;                                           // C++20
        -:  333:    constexpr bool ends_with(const charT* s) const;                                             // C++20
        -:  334:
        -:  335:    constexpr bool contains(basic_string_view<charT, traits> sv) const noexcept;                // C++2b
        -:  336:    constexpr bool contains(charT c) const noexcept;                                            // C++2b
        -:  337:    constexpr bool contains(const charT* s) const;                                              // C++2b
        -:  338:};
        -:  339:
        -:  340:template<class InputIterator,
        -:  341:         class Allocator = allocator<typename iterator_traits<InputIterator>::value_type>>
        -:  342:basic_string(InputIterator, InputIterator, Allocator = Allocator())
        -:  343:   -> basic_string<typename iterator_traits<InputIterator>::value_type,
        -:  344:                  char_traits<typename iterator_traits<InputIterator>::value_type>,
        -:  345:                  Allocator>;   // C++17
        -:  346:
        -:  347:template<class charT, class traits, class Allocator>
        -:  348:basic_string<charT, traits, Allocator>
        -:  349:operator+(const basic_string<charT, traits, Allocator>& lhs,
        -:  350:          const basic_string<charT, traits, Allocator>& rhs);                                   // constexpr since C++20
        -:  351:
        -:  352:template<class charT, class traits, class Allocator>
        -:  353:basic_string<charT, traits, Allocator>
        -:  354:operator+(const charT* lhs , const basic_string<charT,traits,Allocator>&rhs);                   // constexpr since C++20
        -:  355:
        -:  356:template<class charT, class traits, class Allocator>
        -:  357:basic_string<charT, traits, Allocator>
        -:  358:operator+(charT lhs, const basic_string<charT,traits,Allocator>& rhs);                          // constexpr since C++20
        -:  359:
        -:  360:template<class charT, class traits, class Allocator>
        -:  361:basic_string<charT, traits, Allocator>
        -:  362:operator+(const basic_string<charT, traits, Allocator>& lhs, const charT* rhs);                 // constexpr since C++20
        -:  363:
        -:  364:template<class charT, class traits, class Allocator>
        -:  365:basic_string<charT, traits, Allocator>
        -:  366:operator+(const basic_string<charT, traits, Allocator>& lhs, charT rhs);                        // constexpr since C++20
        -:  367:
        -:  368:template<class charT, class traits, class Allocator>
        -:  369:bool operator==(const basic_string<charT, traits, Allocator>& lhs,
        -:  370:                const basic_string<charT, traits, Allocator>& rhs) noexcept;                    // constexpr since C++20
        -:  371:
        -:  372:template<class charT, class traits, class Allocator>
        -:  373:bool operator==(const charT* lhs, const basic_string<charT, traits, Allocator>& rhs) noexcept;  // constexpr since C++20
        -:  374:
        -:  375:template<class charT, class traits, class Allocator>
        -:  376:bool operator==(const basic_string<charT,traits,Allocator>& lhs, const charT* rhs) noexcept;    // constexpr since C++20
        -:  377:
        -:  378:template<class charT, class traits, class Allocator>
        -:  379:bool operator!=(const basic_string<charT,traits,Allocator>& lhs,
        -:  380:                const basic_string<charT, traits, Allocator>& rhs) noexcept;                    // constexpr since C++20
        -:  381:
        -:  382:template<class charT, class traits, class Allocator>
        -:  383:bool operator!=(const charT* lhs, const basic_string<charT, traits, Allocator>& rhs) noexcept;  // constexpr since C++20
        -:  384:
        -:  385:template<class charT, class traits, class Allocator>
        -:  386:bool operator!=(const basic_string<charT, traits, Allocator>& lhs, const charT* rhs) noexcept;  // constexpr since C++20
        -:  387:
        -:  388:template<class charT, class traits, class Allocator>
        -:  389:bool operator< (const basic_string<charT, traits, Allocator>& lhs,
        -:  390:                const basic_string<charT, traits, Allocator>& rhs) noexcept;                    // constexpr since C++20
        -:  391:
        -:  392:template<class charT, class traits, class Allocator>
        -:  393:bool operator< (const basic_string<charT, traits, Allocator>& lhs, const charT* rhs) noexcept;  // constexpr since C++20
        -:  394:
        -:  395:template<class charT, class traits, class Allocator>
        -:  396:bool operator< (const charT* lhs, const basic_string<charT, traits, Allocator>& rhs) noexcept;  // constexpr since C++20
        -:  397:
        -:  398:template<class charT, class traits, class Allocator>
        -:  399:bool operator> (const basic_string<charT, traits, Allocator>& lhs,
        -:  400:                const basic_string<charT, traits, Allocator>& rhs) noexcept;                    // constexpr since C++20
        -:  401:
        -:  402:template<class charT, class traits, class Allocator>
        -:  403:bool operator> (const basic_string<charT, traits, Allocator>& lhs, const charT* rhs) noexcept;  // constexpr since C++20
        -:  404:
        -:  405:template<class charT, class traits, class Allocator>
        -:  406:bool operator> (const charT* lhs, const basic_string<charT, traits, Allocator>& rhs) noexcept;  // constexpr since C++20
        -:  407:
        -:  408:template<class charT, class traits, class Allocator>
        -:  409:bool operator<=(const basic_string<charT, traits, Allocator>& lhs,
        -:  410:                const basic_string<charT, traits, Allocator>& rhs) noexcept;                    // constexpr since C++20
        -:  411:
        -:  412:template<class charT, class traits, class Allocator>
        -:  413:bool operator<=(const basic_string<charT, traits, Allocator>& lhs, const charT* rhs) noexcept;  // constexpr since C++20
        -:  414:
        -:  415:template<class charT, class traits, class Allocator>
        -:  416:bool operator<=(const charT* lhs, const basic_string<charT, traits, Allocator>& rhs) noexcept;  // constexpr since C++20
        -:  417:
        -:  418:template<class charT, class traits, class Allocator>
        -:  419:bool operator>=(const basic_string<charT, traits, Allocator>& lhs,
        -:  420:                const basic_string<charT, traits, Allocator>& rhs) noexcept;                    // constexpr since C++20
        -:  421:
        -:  422:template<class charT, class traits, class Allocator>
        -:  423:bool operator>=(const basic_string<charT, traits, Allocator>& lhs, const charT* rhs) noexcept;  // constexpr since C++20
        -:  424:
        -:  425:template<class charT, class traits, class Allocator>
        -:  426:bool operator>=(const charT* lhs, const basic_string<charT, traits, Allocator>& rhs) noexcept;  // constexpr since C++20
        -:  427:
        -:  428:template<class charT, class traits, class Allocator>
        -:  429:void swap(basic_string<charT, traits, Allocator>& lhs,
        -:  430:          basic_string<charT, traits, Allocator>& rhs)
        -:  431:            noexcept(noexcept(lhs.swap(rhs)));                                                  // constexpr since C++20
        -:  432:
        -:  433:template<class charT, class traits, class Allocator>
        -:  434:basic_istream<charT, traits>&
        -:  435:operator>>(basic_istream<charT, traits>& is, basic_string<charT, traits, Allocator>& str);
        -:  436:
        -:  437:template<class charT, class traits, class Allocator>
        -:  438:basic_ostream<charT, traits>&
        -:  439:operator<<(basic_ostream<charT, traits>& os, const basic_string<charT, traits, Allocator>& str);
        -:  440:
        -:  441:template<class charT, class traits, class Allocator>
        -:  442:basic_istream<charT, traits>&
        -:  443:getline(basic_istream<charT, traits>& is, basic_string<charT, traits, Allocator>& str,
        -:  444:        charT delim);
        -:  445:
        -:  446:template<class charT, class traits, class Allocator>
        -:  447:basic_istream<charT, traits>&
        -:  448:getline(basic_istream<charT, traits>& is, basic_string<charT, traits, Allocator>& str);
        -:  449:
        -:  450:template<class charT, class traits, class Allocator, class U>
        -:  451:typename basic_string<charT, traits, Allocator>::size_type
        -:  452:erase(basic_string<charT, traits, Allocator>& c, const U& value);    // C++20
        -:  453:template<class charT, class traits, class Allocator, class Predicate>
        -:  454:typename basic_string<charT, traits, Allocator>::size_type
        -:  455:erase_if(basic_string<charT, traits, Allocator>& c, Predicate pred); // C++20
        -:  456:
        -:  457:typedef basic_string<char>    string;
        -:  458:typedef basic_string<wchar_t> wstring;
        -:  459:typedef basic_string<char8_t> u8string; // C++20
        -:  460:typedef basic_string<char16_t> u16string;
        -:  461:typedef basic_string<char32_t> u32string;
        -:  462:
        -:  463:int                stoi  (const string& str, size_t* idx = nullptr, int base = 10);
        -:  464:long               stol  (const string& str, size_t* idx = nullptr, int base = 10);
        -:  465:unsigned long      stoul (const string& str, size_t* idx = nullptr, int base = 10);
        -:  466:long long          stoll (const string& str, size_t* idx = nullptr, int base = 10);
        -:  467:unsigned long long stoull(const string& str, size_t* idx = nullptr, int base = 10);
        -:  468:
        -:  469:float       stof (const string& str, size_t* idx = nullptr);
        -:  470:double      stod (const string& str, size_t* idx = nullptr);
        -:  471:long double stold(const string& str, size_t* idx = nullptr);
        -:  472:
        -:  473:string to_string(int val);
        -:  474:string to_string(unsigned val);
        -:  475:string to_string(long val);
        -:  476:string to_string(unsigned long val);
        -:  477:string to_string(long long val);
        -:  478:string to_string(unsigned long long val);
        -:  479:string to_string(float val);
        -:  480:string to_string(double val);
        -:  481:string to_string(long double val);
        -:  482:
        -:  483:int                stoi  (const wstring& str, size_t* idx = nullptr, int base = 10);
        -:  484:long               stol  (const wstring& str, size_t* idx = nullptr, int base = 10);
        -:  485:unsigned long      stoul (const wstring& str, size_t* idx = nullptr, int base = 10);
        -:  486:long long          stoll (const wstring& str, size_t* idx = nullptr, int base = 10);
        -:  487:unsigned long long stoull(const wstring& str, size_t* idx = nullptr, int base = 10);
        -:  488:
        -:  489:float       stof (const wstring& str, size_t* idx = nullptr);
        -:  490:double      stod (const wstring& str, size_t* idx = nullptr);
        -:  491:long double stold(const wstring& str, size_t* idx = nullptr);
        -:  492:
        -:  493:wstring to_wstring(int val);
        -:  494:wstring to_wstring(unsigned val);
        -:  495:wstring to_wstring(long val);
        -:  496:wstring to_wstring(unsigned long val);
        -:  497:wstring to_wstring(long long val);
        -:  498:wstring to_wstring(unsigned long long val);
        -:  499:wstring to_wstring(float val);
        -:  500:wstring to_wstring(double val);
        -:  501:wstring to_wstring(long double val);
        -:  502:
        -:  503:template <> struct hash<string>;
        -:  504:template <> struct hash<u8string>; // C++20
        -:  505:template <> struct hash<u16string>;
        -:  506:template <> struct hash<u32string>;
        -:  507:template <> struct hash<wstring>;
        -:  508:
        -:  509:basic_string<char>     operator "" s( const char *str,     size_t len );           // C++14, constexpr since C++20
        -:  510:basic_string<wchar_t>  operator "" s( const wchar_t *str,  size_t len );           // C++14, constexpr since C++20
        -:  511:constexpr basic_string<char8_t>  operator "" s( const char8_t *str,  size_t len ); // C++20
        -:  512:basic_string<char16_t> operator "" s( const char16_t *str, size_t len );           // C++14, constexpr since C++20
        -:  513:basic_string<char32_t> operator "" s( const char32_t *str, size_t len );           // C++14, constexpr since C++20
        -:  514:
        -:  515:}  // std
        -:  516:
        -:  517:*/
        -:  518:
        -:  519:#include <__algorithm/max.h>
        -:  520:#include <__algorithm/min.h>
        -:  521:#include <__algorithm/remove.h>
        -:  522:#include <__algorithm/remove_if.h>
        -:  523:#include <__assert> // all public C++ headers provide the assertion handler
        -:  524:#include <__config>
        -:  525:#include <__debug>
        -:  526:#include <__format/enable_insertable.h>
        -:  527:#include <__functional/hash.h>
        -:  528:#include <__functional/unary_function.h>
        -:  529:#include <__ios/fpos.h>
        -:  530:#include <__iterator/distance.h>
        -:  531:#include <__iterator/iterator_traits.h>
        -:  532:#include <__iterator/reverse_iterator.h>
        -:  533:#include <__iterator/wrap_iter.h>
        -:  534:#include <__memory/allocate_at_least.h>
        -:  535:#include <__memory/swap_allocator.h>
        -:  536:#include <__string/char_traits.h>
        -:  537:#include <__string/extern_template_lists.h>
        -:  538:#include <__utility/auto_cast.h>
        -:  539:#include <__utility/move.h>
        -:  540:#include <__utility/swap.h>
        -:  541:#include <__utility/unreachable.h>
        -:  542:#include <climits>
        -:  543:#include <cstdint>
        -:  544:#include <cstdio>  // EOF
        -:  545:#include <cstdlib>
        -:  546:#include <cstring>
        -:  547:#include <iosfwd>
        -:  548:#include <limits>
        -:  549:#include <memory>
        -:  550:#include <stdexcept>
        -:  551:#include <string_view>
        -:  552:#include <type_traits>
        -:  553:#include <version>
        -:  554:
        -:  555:#ifndef _LIBCPP_HAS_NO_WIDE_CHARACTERS
        -:  556:#  include <cwchar>
        -:  557:#endif
        -:  558:
        -:  559:#ifndef _LIBCPP_REMOVE_TRANSITIVE_INCLUDES
        -:  560:#  include <algorithm>
        -:  561:#  include <functional>
        -:  562:#  include <iterator>
        -:  563:#  include <new>
        -:  564:#  include <typeinfo>
        -:  565:#  include <utility>
        -:  566:#  include <vector>
        -:  567:#endif
        -:  568:
        -:  569:// standard-mandated includes
        -:  570:
        -:  571:// [iterator.range]
        -:  572:#include <__iterator/access.h>
        -:  573:#include <__iterator/data.h>
        -:  574:#include <__iterator/empty.h>
        -:  575:#include <__iterator/reverse_access.h>
        -:  576:#include <__iterator/size.h>
        -:  577:
        -:  578:// [string.syn]
        -:  579:#include <compare>
        -:  580:#include <initializer_list>
        -:  581:
        -:  582:#if !defined(_LIBCPP_HAS_NO_PRAGMA_SYSTEM_HEADER)
        -:  583:#  pragma GCC system_header
        -:  584:#endif
        -:  585:
        -:  586:_LIBCPP_PUSH_MACROS
        -:  587:#include <__undef_macros>
        -:  588:
        -:  589:
        -:  590:_LIBCPP_BEGIN_NAMESPACE_STD
        -:  591:
        -:  592:// basic_string
        -:  593:
        -:  594:template<class _CharT, class _Traits, class _Allocator>
        -:  595:basic_string<_CharT, _Traits, _Allocator>
        -:  596:_LIBCPP_CONSTEXPR_AFTER_CXX17
        -:  597:operator+(const basic_string<_CharT, _Traits, _Allocator>& __x,
        -:  598:          const basic_string<_CharT, _Traits, _Allocator>& __y);
        -:  599:
        -:  600:template<class _CharT, class _Traits, class _Allocator>
        -:  601:_LIBCPP_CONSTEXPR_AFTER_CXX17
        -:  602:basic_string<_CharT, _Traits, _Allocator>
        -:  603:operator+(const _CharT* __x, const basic_string<_CharT,_Traits,_Allocator>& __y);
        -:  604:
        -:  605:template<class _CharT, class _Traits, class _Allocator>
        -:  606:_LIBCPP_CONSTEXPR_AFTER_CXX17
        -:  607:basic_string<_CharT, _Traits, _Allocator>
        -:  608:operator+(_CharT __x, const basic_string<_CharT,_Traits,_Allocator>& __y);
        -:  609:
        -:  610:template<class _CharT, class _Traits, class _Allocator>
        -:  611:inline _LIBCPP_HIDE_FROM_ABI _LIBCPP_CONSTEXPR_AFTER_CXX17
        -:  612:basic_string<_CharT, _Traits, _Allocator>
        -:  613:operator+(const basic_string<_CharT, _Traits, _Allocator>& __x, const _CharT* __y);
        -:  614:
        -:  615:template<class _CharT, class _Traits, class _Allocator>
        -:  616:_LIBCPP_CONSTEXPR_AFTER_CXX17
        -:  617:basic_string<_CharT, _Traits, _Allocator>
        -:  618:operator+(const basic_string<_CharT, _Traits, _Allocator>& __x, _CharT __y);
        -:  619:
        -:  620:extern template _LIBCPP_FUNC_VIS string operator+<char, char_traits<char>, allocator<char> >(char const*, string const&);
        -:  621:
        -:  622:template <class _Iter>
        -:  623:struct __string_is_trivial_iterator : public false_type {};
        -:  624:
        -:  625:template <class _Tp>
        -:  626:struct __string_is_trivial_iterator<_Tp*>
        -:  627:    : public is_arithmetic<_Tp> {};
        -:  628:
        -:  629:template <class _Iter>
        -:  630:struct __string_is_trivial_iterator<__wrap_iter<_Iter> >
        -:  631:    : public __string_is_trivial_iterator<_Iter> {};
        -:  632:
        -:  633:template <class _CharT, class _Traits, class _Tp>
        -:  634:struct __can_be_converted_to_string_view : public _BoolConstant<
        -:  635:      is_convertible<const _Tp&, basic_string_view<_CharT, _Traits> >::value &&
        -:  636:     !is_convertible<const _Tp&, const _CharT*>::value
        -:  637:    > {};
        -:  638:
        -:  639:#ifndef _LIBCPP_HAS_NO_CHAR8_T
        -:  640:typedef basic_string<char8_t> u8string;
        -:  641:#endif
        -:  642:typedef basic_string<char16_t> u16string;
        -:  643:typedef basic_string<char32_t> u32string;
        -:  644:
        -:  645:struct __uninitialized_size_tag {};
        -:  646:
        -:  647:template<class _CharT, class _Traits, class _Allocator>
        -:  648:class
        -:  649:    _LIBCPP_TEMPLATE_VIS
        -:  650:#ifndef _LIBCPP_HAS_NO_CHAR8_T
        -:  651:    _LIBCPP_PREFERRED_NAME(u8string)
        -:  652:#endif
        -:  653:    _LIBCPP_PREFERRED_NAME(u16string)
        -:  654:    _LIBCPP_PREFERRED_NAME(u32string)
        -:  655:    basic_string
        -:  656:{
        -:  657:public:
        -:  658:    typedef basic_string                                 __self;
        -:  659:    typedef basic_string_view<_CharT, _Traits>           __self_view;
        -:  660:    typedef _Traits                                      traits_type;
        -:  661:    typedef _CharT                                       value_type;
        -:  662:    typedef _Allocator                                   allocator_type;
        -:  663:    typedef allocator_traits<allocator_type>             __alloc_traits;
        -:  664:    typedef typename __alloc_traits::size_type           size_type;
        -:  665:    typedef typename __alloc_traits::difference_type     difference_type;
        -:  666:    typedef value_type&                                  reference;
        -:  667:    typedef const value_type&                            const_reference;
        -:  668:    typedef typename __alloc_traits::pointer             pointer;
        -:  669:    typedef typename __alloc_traits::const_pointer       const_pointer;
        -:  670:
        -:  671:    static_assert((!is_array<value_type>::value), "Character type of basic_string must not be an array");
        -:  672:    static_assert(( is_standard_layout<value_type>::value), "Character type of basic_string must be standard-layout");
        -:  673:    static_assert(( is_trivial<value_type>::value), "Character type of basic_string must be trivial");
        -:  674:    static_assert(( is_same<_CharT, typename traits_type::char_type>::value),
        -:  675:                  "traits_type::char_type must be the same type as CharT");
        -:  676:    static_assert(( is_same<typename allocator_type::value_type, value_type>::value),
        -:  677:                  "Allocator::value_type must be same type as value_type");
        -:  678:
        -:  679:    typedef __wrap_iter<pointer>                         iterator;
        -:  680:    typedef __wrap_iter<const_pointer>                   const_iterator;
        -:  681:    typedef std::reverse_iterator<iterator>              reverse_iterator;
        -:  682:    typedef std::reverse_iterator<const_iterator>        const_reverse_iterator;
        -:  683:
        -:  684:private:
        -:  685:    static_assert(CHAR_BIT == 8, "This implementation assumes that one byte contains 8 bits");
        -:  686:
        -:  687:#ifdef _LIBCPP_ABI_ALTERNATE_STRING_LAYOUT
        -:  688:
        -:  689:    struct __long
        -:  690:    {
        -:  691:        pointer   __data_;
        -:  692:        size_type __size_;
        -:  693:        size_type __cap_ : sizeof(size_type) * CHAR_BIT - 1;
        -:  694:        size_type __is_long_ : 1;
        -:  695:    };
        -:  696:
        -:  697:    enum {__min_cap = (sizeof(__long) - 1)/sizeof(value_type) > 2 ?
        -:  698:                      (sizeof(__long) - 1)/sizeof(value_type) : 2};
        -:  699:
        -:  700:    struct __short
        -:  701:    {
        -:  702:        value_type __data_[__min_cap];
        -:  703:        unsigned char __padding_[sizeof(value_type) - 1];
        -:  704:        unsigned char __size_ : 7;
        -:  705:        unsigned char __is_long_ : 1;
        -:  706:    };
        -:  707:
        -:  708:// The __endian_factor is required because the field we use to store the size
        -:  709:// has one fewer bit than it would if it were not a bitfield.
        -:  710://
        -:  711:// If the LSB is used to store the short-flag in the short string representation,
        -:  712:// we have to multiply the size by two when it is stored and divide it by two when
        -:  713:// it is loaded to make sure that we always store an even number. In the long string
        -:  714:// representation, we can ignore this because we can assume that we always allocate
        -:  715:// an even amount of value_types.
        -:  716://
        -:  717:// If the MSB is used for the short-flag, the max_size() is numeric_limits<size_type>::max() / 2.
        -:  718:// This does not impact the short string representation, since we never need the MSB
        -:  719:// for representing the size of a short string anyway.
        -:  720:
        -:  721:#ifdef _LIBCPP_BIG_ENDIAN
        -:  722:    static const size_type __endian_factor = 2;
        -:  723:#else
        -:  724:    static const size_type __endian_factor = 1;
        -:  725:#endif
        -:  726:
        -:  727:#else // _LIBCPP_ABI_ALTERNATE_STRING_LAYOUT
        -:  728:
        -:  729:#ifdef _LIBCPP_BIG_ENDIAN
        -:  730:    static const size_type __endian_factor = 1;
        -:  731:#else
        -:  732:    static const size_type __endian_factor = 2;
        -:  733:#endif
        -:  734:
        -:  735:    // Attribute 'packed' is used to keep the layout compatible with the
        -:  736:    // previous definition that did not use bit fields. This is because on
        -:  737:    // some platforms bit fields have a default size rather than the actual
        -:  738:    // size used, e.g., it is 4 bytes on AIX. See D128285 for details.
        -:  739:    struct __long
        -:  740:    {
        -:  741:        struct _LIBCPP_PACKED {
        -:  742:            size_type __is_long_ : 1;
        -:  743:            size_type __cap_ : sizeof(size_type) * CHAR_BIT - 1;
        -:  744:        };
        -:  745:        size_type __size_;
        -:  746:        pointer   __data_;
        -:  747:    };
        -:  748:
        -:  749:    enum {__min_cap = (sizeof(__long) - 1)/sizeof(value_type) > 2 ?
        -:  750:                      (sizeof(__long) - 1)/sizeof(value_type) : 2};
        -:  751:
        -:  752:    struct __short
        -:  753:    {
        -:  754:        struct _LIBCPP_PACKED {
        -:  755:            unsigned char __is_long_ : 1;
        -:  756:            unsigned char __size_ : 7;
        -:  757:        };
        -:  758:        char __padding_[sizeof(value_type) - 1];
        -:  759:        value_type __data_[__min_cap];
        -:  760:    };
        -:  761:
        -:  762:#endif // _LIBCPP_ABI_ALTERNATE_STRING_LAYOUT
        -:  763:
        -:  764:    static_assert(sizeof(__short) == (sizeof(value_type) * (__min_cap + 1)), "__short has an unexpected size.");
        -:  765:
        -:  766:    union __ulx{__long __lx; __short __lxx;};
        -:  767:
        -:  768:    enum {__n_words = sizeof(__ulx) / sizeof(size_type)};
        -:  769:
        -:  770:    struct __raw
        -:  771:    {
        -:  772:        size_type __words[__n_words];
        -:  773:    };
        -:  774:
        -:  775:    struct __rep
        -:  776:    {
        -:  777:        union
        -:  778:        {
        -:  779:            __long  __l;
        -:  780:            __short __s;
        -:  781:            __raw   __r;
        -:  782:        };
        -:  783:    };
        -:  784:
        -:  785:    __compressed_pair<__rep, allocator_type> __r_;
        -:  786:
        -:  787:    // Construct a string with the given allocator and enough storage to hold `__size` characters, but
        -:  788:    // don't initialize the characters. The contents of the string, including the null terminator, must be
        -:  789:    // initialized separately.
        -:  790:    _LIBCPP_HIDE_FROM_ABI _LIBCPP_CONSTEXPR_AFTER_CXX17
        -:  791:    explicit basic_string(__uninitialized_size_tag, size_type __size, const allocator_type& __a)
        -:  792:            : __r_(__default_init_tag(), __a) {
        -:  793:        if (__size > max_size())
        -:  794:            __throw_length_error();
        -:  795:        if (__fits_in_sso(__size)) {
        -:  796:            __zero();
        -:  797:            __set_short_size(__size);
        -:  798:        } else {
        -:  799:            auto __capacity = __recommend(__size) + 1;
        -:  800:            auto __allocation = __alloc_traits::allocate(__alloc(), __capacity);
        -:  801:            __begin_lifetime(__allocation, __capacity);
        -:  802:            __set_long_cap(__capacity);
        -:  803:            __set_long_pointer(__allocation);
        -:  804:            __set_long_size(__size);
        -:  805:        }
        -:  806:        std::__debug_db_insert_c(this);
        -:  807:    }
        -:  808:
        -:  809:public:
        -:  810:    _LIBCPP_TEMPLATE_DATA_VIS
        -:  811:    static const size_type npos = -1;
        -:  812:
        -:  813:    _LIBCPP_HIDE_FROM_ABI _LIBCPP_CONSTEXPR_AFTER_CXX17 basic_string()
        -:  814:        _NOEXCEPT_(is_nothrow_default_constructible<allocator_type>::value);
        -:  815:
        -:  816:    _LIBCPP_HIDE_FROM_ABI _LIBCPP_CONSTEXPR_AFTER_CXX17 explicit basic_string(const allocator_type& __a)
        -:  817:#if _LIBCPP_STD_VER <= 14
        -:  818:        _NOEXCEPT_(is_nothrow_copy_constructible<allocator_type>::value);
        -:  819:#else
        -:  820:        _NOEXCEPT;
        -:  821:#endif
        -:  822:
        -:  823:    _LIBCPP_CONSTEXPR_AFTER_CXX17 basic_string(const basic_string& __str);
        -:  824:    _LIBCPP_CONSTEXPR_AFTER_CXX17 basic_string(const basic_string& __str, const allocator_type& __a);
        -:  825:
        -:  826:#ifndef _LIBCPP_CXX03_LANG
        -:  827:    _LIBCPP_HIDE_FROM_ABI _LIBCPP_CONSTEXPR_AFTER_CXX17
        -:  828:    basic_string(basic_string&& __str)
        -:  829:#if _LIBCPP_STD_VER <= 14
        -:  830:        _NOEXCEPT_(is_nothrow_move_constructible<allocator_type>::value);
        -:  831:#else
        -:  832:        _NOEXCEPT;
        -:  833:#endif
        -:  834:
        -:  835:    _LIBCPP_HIDE_FROM_ABI _LIBCPP_CONSTEXPR_AFTER_CXX17
        -:  836:    basic_string(basic_string&& __str, const allocator_type& __a);
        -:  837:#endif // _LIBCPP_CXX03_LANG
        -:  838:
        -:  839:    template <class = __enable_if_t<__is_allocator<_Allocator>::value, nullptr_t> >
        -:  840:    _LIBCPP_HIDE_FROM_ABI _LIBCPP_CONSTEXPR_AFTER_CXX17
        -:  841:    basic_string(const _CharT* __s) : __r_(__default_init_tag(), __default_init_tag()) {
        -:  842:      _LIBCPP_ASSERT(__s != nullptr, "basic_string(const char*) detected nullptr");
        -:  843:      __init(__s, traits_type::length(__s));
        -:  844:      std::__debug_db_insert_c(this);
        -:  845:    }
        -:  846:
        -:  847:    template <class = __enable_if_t<__is_allocator<_Allocator>::value, nullptr_t> >
        -:  848:        _LIBCPP_HIDE_FROM_ABI _LIBCPP_CONSTEXPR_AFTER_CXX17
        -:  849:        basic_string(const _CharT* __s, const _Allocator& __a);
        -:  850:
        -:  851:#if _LIBCPP_STD_VER > 20
        -:  852:    basic_string(nullptr_t) = delete;
        -:  853:#endif
        -:  854:
        -:  855:    _LIBCPP_HIDE_FROM_ABI _LIBCPP_CONSTEXPR_AFTER_CXX17
        -:  856:    basic_string(const _CharT* __s, size_type __n);
        -:  857:    _LIBCPP_HIDE_FROM_ABI _LIBCPP_CONSTEXPR_AFTER_CXX17
        -:  858:    basic_string(const _CharT* __s, size_type __n, const _Allocator& __a);
        -:  859:    _LIBCPP_HIDE_FROM_ABI _LIBCPP_CONSTEXPR_AFTER_CXX17
        -:  860:    basic_string(size_type __n, _CharT __c);
        -:  861:
        -:  862:    template <class = __enable_if_t<__is_allocator<_Allocator>::value, nullptr_t> >
        -:  863:        _LIBCPP_HIDE_FROM_ABI _LIBCPP_CONSTEXPR_AFTER_CXX17
        -:  864:        basic_string(size_type __n, _CharT __c, const _Allocator& __a);
        -:  865:
        -:  866:    _LIBCPP_CONSTEXPR_AFTER_CXX17
        -:  867:    basic_string(const basic_string& __str, size_type __pos, size_type __n,
        -:  868:                 const _Allocator& __a = _Allocator());
        -:  869:    _LIBCPP_HIDE_FROM_ABI _LIBCPP_CONSTEXPR_AFTER_CXX17
        -:  870:    basic_string(const basic_string& __str, size_type __pos,
        -:  871:                 const _Allocator& __a = _Allocator());
        -:  872:
        -:  873:    template<class _Tp, class = __enable_if_t<__can_be_converted_to_string_view<_CharT, _Traits, _Tp>::value && !__is_same_uncvref<_Tp, basic_string>::value> >
        -:  874:        _LIBCPP_METHOD_TEMPLATE_IMPLICIT_INSTANTIATION_VIS _LIBCPP_CONSTEXPR_AFTER_CXX17
        -:  875:        basic_string(const _Tp& __t, size_type __pos, size_type __n,
        -:  876:                     const allocator_type& __a = allocator_type());
        -:  877:
        -:  878:    template<class _Tp, class = __enable_if_t<__can_be_converted_to_string_view<_CharT, _Traits, _Tp>::value &&
        -:  879:                                          !__is_same_uncvref<_Tp, basic_string>::value> >
        -:  880:        _LIBCPP_METHOD_TEMPLATE_IMPLICIT_INSTANTIATION_VIS _LIBCPP_CONSTEXPR_AFTER_CXX17
        -:  881:        explicit basic_string(const _Tp& __t);
        -:  882:
        -:  883:    template<class _Tp, class = __enable_if_t<__can_be_converted_to_string_view<_CharT, _Traits, _Tp>::value && !__is_same_uncvref<_Tp, basic_string>::value> >
        -:  884:        _LIBCPP_METHOD_TEMPLATE_IMPLICIT_INSTANTIATION_VIS _LIBCPP_CONSTEXPR_AFTER_CXX17
        -:  885:        explicit basic_string(const _Tp& __t, const allocator_type& __a);
        -:  886:
        -:  887:    template<class _InputIterator, class = __enable_if_t<__is_cpp17_input_iterator<_InputIterator>::value> >
        -:  888:        _LIBCPP_HIDE_FROM_ABI _LIBCPP_CONSTEXPR_AFTER_CXX17
        -:  889:        basic_string(_InputIterator __first, _InputIterator __last);
        -:  890:    template<class _InputIterator, class = __enable_if_t<__is_cpp17_input_iterator<_InputIterator>::value> >
        -:  891:        _LIBCPP_HIDE_FROM_ABI _LIBCPP_CONSTEXPR_AFTER_CXX17
        -:  892:        basic_string(_InputIterator __first, _InputIterator __last, const allocator_type& __a);
        -:  893:#ifndef _LIBCPP_CXX03_LANG
        -:  894:    _LIBCPP_HIDE_FROM_ABI _LIBCPP_CONSTEXPR_AFTER_CXX17
        -:  895:    basic_string(initializer_list<_CharT> __il);
        -:  896:    _LIBCPP_HIDE_FROM_ABI _LIBCPP_CONSTEXPR_AFTER_CXX17
        -:  897:    basic_string(initializer_list<_CharT> __il, const _Allocator& __a);
        -:  898:#endif // _LIBCPP_CXX03_LANG
        -:  899:
        -:  900:    inline _LIBCPP_CONSTEXPR_AFTER_CXX17 ~basic_string();
        -:  901:
        -:  902:    _LIBCPP_HIDE_FROM_ABI _LIBCPP_CONSTEXPR_AFTER_CXX17
        -:  903:    operator __self_view() const _NOEXCEPT { return __self_view(data(), size()); }
        -:  904:
        -:  905:    _LIBCPP_CONSTEXPR_AFTER_CXX17 basic_string& operator=(const basic_string& __str);
        -:  906:
        -:  907:    template <class _Tp, class = __enable_if_t<__can_be_converted_to_string_view<_CharT, _Traits, _Tp>::value &&
        -:  908:                                               !__is_same_uncvref<_Tp, basic_string>::value> >
        -:  909:    _LIBCPP_CONSTEXPR_AFTER_CXX17 basic_string& operator=(const _Tp& __t) {
        -:  910:      __self_view __sv = __t;
        -:  911:      return assign(__sv);
        -:  912:    }
        -:  913:
        -:  914:#ifndef _LIBCPP_CXX03_LANG
        -:  915:    _LIBCPP_HIDE_FROM_ABI _LIBCPP_CONSTEXPR_AFTER_CXX17
        -:  916:    basic_string& operator=(basic_string&& __str)
        -:  917:        _NOEXCEPT_((__noexcept_move_assign_container<_Allocator, __alloc_traits>::value));
        -:  918:     _LIBCPP_HIDE_FROM_ABI _LIBCPP_CONSTEXPR_AFTER_CXX17
        -:  919:    basic_string& operator=(initializer_list<value_type> __il) {return assign(__il.begin(), __il.size());}
        -:  920:#endif
        -:  921:    _LIBCPP_HIDE_FROM_ABI _LIBCPP_CONSTEXPR_AFTER_CXX17
        -:  922:    basic_string& operator=(const value_type* __s) {return assign(__s);}
        -:  923:#if _LIBCPP_STD_VER > 20
        -:  924:    basic_string& operator=(nullptr_t) = delete;
        -:  925:#endif
        -:  926:    _LIBCPP_CONSTEXPR_AFTER_CXX17 basic_string& operator=(value_type __c);
        -:  927:
        -:  928:    _LIBCPP_HIDE_FROM_ABI _LIBCPP_CONSTEXPR_AFTER_CXX17
        -:  929:    iterator begin() _NOEXCEPT
        -:  930:        {return iterator(this, __get_pointer());}
        -:  931:    _LIBCPP_HIDE_FROM_ABI _LIBCPP_CONSTEXPR_AFTER_CXX17
        -:  932:    const_iterator begin() const _NOEXCEPT
        -:  933:        {return const_iterator(this, __get_pointer());}
        -:  934:    _LIBCPP_HIDE_FROM_ABI _LIBCPP_CONSTEXPR_AFTER_CXX17
        -:  935:    iterator end() _NOEXCEPT
        -:  936:        {return iterator(this, __get_pointer() + size());}
        -:  937:    _LIBCPP_HIDE_FROM_ABI _LIBCPP_CONSTEXPR_AFTER_CXX17
        -:  938:    const_iterator end() const _NOEXCEPT
        -:  939:        {return const_iterator(this, __get_pointer() + size());}
        -:  940:
        -:  941:    _LIBCPP_HIDE_FROM_ABI _LIBCPP_CONSTEXPR_AFTER_CXX17
        -:  942:    reverse_iterator rbegin() _NOEXCEPT
        -:  943:        {return reverse_iterator(end());}
        -:  944:    _LIBCPP_HIDE_FROM_ABI _LIBCPP_CONSTEXPR_AFTER_CXX17
        -:  945:    const_reverse_iterator rbegin() const _NOEXCEPT
        -:  946:        {return const_reverse_iterator(end());}
        -:  947:    _LIBCPP_HIDE_FROM_ABI _LIBCPP_CONSTEXPR_AFTER_CXX17
        -:  948:    reverse_iterator rend() _NOEXCEPT
        -:  949:        {return reverse_iterator(begin());}
        -:  950:    _LIBCPP_HIDE_FROM_ABI _LIBCPP_CONSTEXPR_AFTER_CXX17
        -:  951:    const_reverse_iterator rend() const _NOEXCEPT
        -:  952:        {return const_reverse_iterator(begin());}
        -:  953:
        -:  954:    _LIBCPP_HIDE_FROM_ABI _LIBCPP_CONSTEXPR_AFTER_CXX17
        -:  955:    const_iterator cbegin() const _NOEXCEPT
        -:  956:        {return begin();}
        -:  957:    _LIBCPP_HIDE_FROM_ABI _LIBCPP_CONSTEXPR_AFTER_CXX17
        -:  958:    const_iterator cend() const _NOEXCEPT
        -:  959:        {return end();}
        -:  960:    _LIBCPP_HIDE_FROM_ABI _LIBCPP_CONSTEXPR_AFTER_CXX17
        -:  961:    const_reverse_iterator crbegin() const _NOEXCEPT
        -:  962:        {return rbegin();}
        -:  963:    _LIBCPP_HIDE_FROM_ABI _LIBCPP_CONSTEXPR_AFTER_CXX17
        -:  964:    const_reverse_iterator crend() const _NOEXCEPT
        -:  965:        {return rend();}
        -:  966:
        -:  967:    _LIBCPP_HIDE_FROM_ABI _LIBCPP_CONSTEXPR_AFTER_CXX17 size_type size() const _NOEXCEPT
        -:  968:        {return __is_long() ? __get_long_size() : __get_short_size();}
        -:  969:    _LIBCPP_HIDE_FROM_ABI _LIBCPP_CONSTEXPR_AFTER_CXX17 size_type length() const _NOEXCEPT {return size();}
        -:  970:    _LIBCPP_HIDE_FROM_ABI _LIBCPP_CONSTEXPR_AFTER_CXX17 size_type max_size() const _NOEXCEPT;
        -:  971:    _LIBCPP_HIDE_FROM_ABI _LIBCPP_CONSTEXPR_AFTER_CXX17 size_type capacity() const _NOEXCEPT {
        -:  972:        return (__is_long() ? __get_long_cap() : static_cast<size_type>(__min_cap)) - 1;
        -:  973:    }
        -:  974:
        -:  975:    _LIBCPP_CONSTEXPR_AFTER_CXX17 void resize(size_type __n, value_type __c);
        -:  976:    _LIBCPP_HIDE_FROM_ABI _LIBCPP_CONSTEXPR_AFTER_CXX17 void resize(size_type __n) { resize(__n, value_type()); }
        -:  977:
        -:  978:    _LIBCPP_CONSTEXPR_AFTER_CXX17 void reserve(size_type __requested_capacity);
        -:  979:
        -:  980:#if _LIBCPP_STD_VER > 20
        -:  981:    template <class _Op>
        -:  982:    _LIBCPP_HIDE_FROM_ABI constexpr
        -:  983:    void resize_and_overwrite(size_type __n, _Op __op) {
        -:  984:      __resize_default_init(__n);
        -:  985:      __erase_to_end(std::move(__op)(data(), _LIBCPP_AUTO_CAST(__n)));
        -:  986:    }
        -:  987:#endif
        -:  988:
        -:  989:    _LIBCPP_HIDE_FROM_ABI _LIBCPP_CONSTEXPR_AFTER_CXX17 void __resize_default_init(size_type __n);
        -:  990:
        -:  991:    _LIBCPP_DEPRECATED_IN_CXX20 _LIBCPP_HIDE_FROM_ABI void reserve() _NOEXCEPT { shrink_to_fit(); }
        -:  992:    _LIBCPP_HIDE_FROM_ABI _LIBCPP_CONSTEXPR_AFTER_CXX17 void shrink_to_fit() _NOEXCEPT;
        -:  993:    _LIBCPP_HIDE_FROM_ABI _LIBCPP_CONSTEXPR_AFTER_CXX17 void clear() _NOEXCEPT;
        -:  994:
        -:  995:    _LIBCPP_NODISCARD_AFTER_CXX17 _LIBCPP_HIDE_FROM_ABI _LIBCPP_CONSTEXPR_AFTER_CXX17
        -:  996:    bool empty() const _NOEXCEPT {return size() == 0;}
        -:  997:
        -:  998:    _LIBCPP_HIDE_FROM_ABI _LIBCPP_CONSTEXPR_AFTER_CXX17
        -:  999:    const_reference operator[](size_type __pos) const _NOEXCEPT;
        -: 1000:    _LIBCPP_HIDE_FROM_ABI _LIBCPP_CONSTEXPR_AFTER_CXX17 reference operator[](size_type __pos) _NOEXCEPT;
        -: 1001:
        -: 1002:    _LIBCPP_CONSTEXPR_AFTER_CXX17 const_reference at(size_type __n) const;
        -: 1003:    _LIBCPP_CONSTEXPR_AFTER_CXX17 reference       at(size_type __n);
        -: 1004:
        -: 1005:    _LIBCPP_HIDE_FROM_ABI _LIBCPP_CONSTEXPR_AFTER_CXX17 basic_string& operator+=(const basic_string& __str) {
        -: 1006:        return append(__str);
        -: 1007:    }
        -: 1008:
        -: 1009:    template <class _Tp>
        -: 1010:    _LIBCPP_METHOD_TEMPLATE_IMPLICIT_INSTANTIATION_VIS _LIBCPP_CONSTEXPR_AFTER_CXX17
        -: 1011:    __enable_if_t
        -: 1012:        <
        -: 1013:            __can_be_converted_to_string_view<_CharT, _Traits, _Tp>::value
        -: 1014:            && !__is_same_uncvref<_Tp, basic_string >::value,
        -: 1015:            basic_string&
        -: 1016:        >
        -: 1017:    operator+=(const _Tp& __t) {
        -: 1018:        __self_view __sv = __t; return append(__sv);
        -: 1019:    }
        -: 1020:
        -: 1021:    _LIBCPP_HIDE_FROM_ABI _LIBCPP_CONSTEXPR_AFTER_CXX17 basic_string& operator+=(const value_type* __s) {
        -: 1022:        return append(__s);
        -: 1023:    }
        -: 1024:
        -: 1025:    _LIBCPP_HIDE_FROM_ABI _LIBCPP_CONSTEXPR_AFTER_CXX17 basic_string& operator+=(value_type __c) {
        -: 1026:        push_back(__c);
        -: 1027:        return *this;
        -: 1028:    }
        -: 1029:
        -: 1030:#ifndef _LIBCPP_CXX03_LANG
        -: 1031:    _LIBCPP_HIDE_FROM_ABI _LIBCPP_CONSTEXPR_AFTER_CXX17
        -: 1032:    basic_string& operator+=(initializer_list<value_type> __il) { return append(__il); }
        -: 1033:#endif // _LIBCPP_CXX03_LANG
        -: 1034:
        -: 1035:    _LIBCPP_HIDE_FROM_ABI _LIBCPP_CONSTEXPR_AFTER_CXX17
        -: 1036:    basic_string& append(const basic_string& __str);
        -: 1037:
        -: 1038:    template <class _Tp>
        -: 1039:    _LIBCPP_METHOD_TEMPLATE_IMPLICIT_INSTANTIATION_VIS _LIBCPP_CONSTEXPR_AFTER_CXX17
        -: 1040:    __enable_if_t<
        -: 1041:            __can_be_converted_to_string_view<_CharT, _Traits, _Tp>::value
        -: 1042:            && !__is_same_uncvref<_Tp, basic_string>::value,
        -: 1043:            basic_string&
        -: 1044:        >
        -: 1045:                  append(const _Tp& __t) { __self_view __sv = __t; return append(__sv.data(), __sv.size()); }
        -: 1046:    _LIBCPP_CONSTEXPR_AFTER_CXX17 basic_string& append(const basic_string& __str, size_type __pos, size_type __n=npos);
        -: 1047:
        -: 1048:    template <class _Tp>
        -: 1049:    _LIBCPP_METHOD_TEMPLATE_IMPLICIT_INSTANTIATION_VIS _LIBCPP_CONSTEXPR_AFTER_CXX17
        -: 1050:    __enable_if_t
        -: 1051:        <
        -: 1052:            __can_be_converted_to_string_view<_CharT, _Traits, _Tp>::value
        -: 1053:            && !__is_same_uncvref<_Tp, basic_string>::value,
        -: 1054:            basic_string&
        -: 1055:        >
        -: 1056:                  append(const _Tp& __t, size_type __pos, size_type __n=npos);
        -: 1057:    _LIBCPP_CONSTEXPR_AFTER_CXX17 basic_string& append(const value_type* __s, size_type __n);
        -: 1058:    _LIBCPP_CONSTEXPR_AFTER_CXX17 basic_string& append(const value_type* __s);
        -: 1059:    _LIBCPP_CONSTEXPR_AFTER_CXX17 basic_string& append(size_type __n, value_type __c);
        -: 1060:
        -: 1061:    _LIBCPP_HIDE_FROM_ABI _LIBCPP_CONSTEXPR_AFTER_CXX17
        -: 1062:    void __append_default_init(size_type __n);
        -: 1063:
        -: 1064:    template<class _InputIterator>
        -: 1065:    _LIBCPP_METHOD_TEMPLATE_IMPLICIT_INSTANTIATION_VIS
        -: 1066:    __enable_if_t
        -: 1067:        <
        -: 1068:            __is_exactly_cpp17_input_iterator<_InputIterator>::value,
        -: 1069:            basic_string&
        -: 1070:        >
        -: 1071:    _LIBCPP_HIDE_FROM_ABI _LIBCPP_CONSTEXPR_AFTER_CXX17
        -: 1072:    append(_InputIterator __first, _InputIterator __last) {
        -: 1073:      const basic_string __temp(__first, __last, __alloc());
        -: 1074:      append(__temp.data(), __temp.size());
        -: 1075:      return *this;
        -: 1076:    }
        -: 1077:    template<class _ForwardIterator>
        -: 1078:    _LIBCPP_METHOD_TEMPLATE_IMPLICIT_INSTANTIATION_VIS
        -: 1079:    __enable_if_t
        -: 1080:        <
        -: 1081:            __is_cpp17_forward_iterator<_ForwardIterator>::value,
        -: 1082:            basic_string&
        -: 1083:        >
        -: 1084:    _LIBCPP_HIDE_FROM_ABI _LIBCPP_CONSTEXPR_AFTER_CXX17
        -: 1085:    append(_ForwardIterator __first, _ForwardIterator __last);
        -: 1086:
        -: 1087:#ifndef _LIBCPP_CXX03_LANG
        -: 1088:    _LIBCPP_HIDE_FROM_ABI _LIBCPP_CONSTEXPR_AFTER_CXX17
        -: 1089:    basic_string& append(initializer_list<value_type> __il) {return append(__il.begin(), __il.size());}
        -: 1090:#endif // _LIBCPP_CXX03_LANG
        -: 1091:
        -: 1092:    _LIBCPP_CONSTEXPR_AFTER_CXX17 void push_back(value_type __c);
        -: 1093:    _LIBCPP_HIDE_FROM_ABI _LIBCPP_CONSTEXPR_AFTER_CXX17 void pop_back();
        -: 1094:    _LIBCPP_HIDE_FROM_ABI _LIBCPP_CONSTEXPR_AFTER_CXX17 reference       front() _NOEXCEPT;
        -: 1095:    _LIBCPP_HIDE_FROM_ABI _LIBCPP_CONSTEXPR_AFTER_CXX17 const_reference front() const _NOEXCEPT;
        -: 1096:    _LIBCPP_HIDE_FROM_ABI _LIBCPP_CONSTEXPR_AFTER_CXX17 reference       back() _NOEXCEPT;
        -: 1097:    _LIBCPP_HIDE_FROM_ABI _LIBCPP_CONSTEXPR_AFTER_CXX17 const_reference back() const _NOEXCEPT;
        -: 1098:
        -: 1099:    template <class _Tp>
        -: 1100:    _LIBCPP_METHOD_TEMPLATE_IMPLICIT_INSTANTIATION_VIS _LIBCPP_CONSTEXPR_AFTER_CXX17
        -: 1101:    __enable_if_t
        -: 1102:        <
        -: 1103:            __can_be_converted_to_string_view<_CharT, _Traits, _Tp>::value,
        -: 1104:            basic_string&
        -: 1105:        >
        -: 1106:                 assign(const _Tp & __t) { __self_view __sv = __t; return assign(__sv.data(), __sv.size()); }
        -: 1107:    _LIBCPP_HIDE_FROM_ABI _LIBCPP_CONSTEXPR_AFTER_CXX17
        -: 1108:    basic_string& assign(const basic_string& __str) { return *this = __str; }
        -: 1109:#ifndef _LIBCPP_CXX03_LANG
        -: 1110:    _LIBCPP_HIDE_FROM_ABI _LIBCPP_CONSTEXPR_AFTER_CXX17
        -: 1111:    basic_string& assign(basic_string&& __str)
        -: 1112:        _NOEXCEPT_((__noexcept_move_assign_container<_Allocator, __alloc_traits>::value))
        -: 1113:        {*this = std::move(__str); return *this;}
        -: 1114:#endif
        -: 1115:    _LIBCPP_CONSTEXPR_AFTER_CXX17 basic_string& assign(const basic_string& __str, size_type __pos, size_type __n=npos);
        -: 1116:    template <class _Tp>
        -: 1117:    _LIBCPP_METHOD_TEMPLATE_IMPLICIT_INSTANTIATION_VIS _LIBCPP_CONSTEXPR_AFTER_CXX17
        -: 1118:    __enable_if_t
        -: 1119:        <
        -: 1120:            __can_be_converted_to_string_view<_CharT, _Traits, _Tp>::value
        -: 1121:            && !__is_same_uncvref<_Tp, basic_string>::value,
        -: 1122:            basic_string&
        -: 1123:        >
        -: 1124:                  assign(const _Tp & __t, size_type __pos, size_type __n=npos);
        -: 1125:    _LIBCPP_CONSTEXPR_AFTER_CXX17 basic_string& assign(const value_type* __s, size_type __n);
        -: 1126:    _LIBCPP_CONSTEXPR_AFTER_CXX17 basic_string& assign(const value_type* __s);
        -: 1127:    _LIBCPP_CONSTEXPR_AFTER_CXX17 basic_string& assign(size_type __n, value_type __c);
        -: 1128:    template<class _InputIterator>
        -: 1129:    _LIBCPP_METHOD_TEMPLATE_IMPLICIT_INSTANTIATION_VIS _LIBCPP_CONSTEXPR_AFTER_CXX17
        -: 1130:    __enable_if_t
        -: 1131:        <
        -: 1132:            __is_exactly_cpp17_input_iterator<_InputIterator>::value,
        -: 1133:            basic_string&
        -: 1134:        >
        -: 1135:        assign(_InputIterator __first, _InputIterator __last);
        -: 1136:    template<class _ForwardIterator>
        -: 1137:    _LIBCPP_METHOD_TEMPLATE_IMPLICIT_INSTANTIATION_VIS _LIBCPP_CONSTEXPR_AFTER_CXX17
        -: 1138:    __enable_if_t
        -: 1139:        <
        -: 1140:            __is_cpp17_forward_iterator<_ForwardIterator>::value,
        -: 1141:            basic_string&
        -: 1142:        >
        -: 1143:        assign(_ForwardIterator __first, _ForwardIterator __last);
        -: 1144:#ifndef _LIBCPP_CXX03_LANG
        -: 1145:    _LIBCPP_HIDE_FROM_ABI _LIBCPP_CONSTEXPR_AFTER_CXX17
        -: 1146:    basic_string& assign(initializer_list<value_type> __il) {return assign(__il.begin(), __il.size());}
        -: 1147:#endif // _LIBCPP_CXX03_LANG
        -: 1148:
        -: 1149:    _LIBCPP_HIDE_FROM_ABI _LIBCPP_CONSTEXPR_AFTER_CXX17
        -: 1150:    basic_string& insert(size_type __pos1, const basic_string& __str);
        -: 1151:
        -: 1152:    template <class _Tp>
        -: 1153:    _LIBCPP_METHOD_TEMPLATE_IMPLICIT_INSTANTIATION_VIS _LIBCPP_CONSTEXPR_AFTER_CXX17
        -: 1154:    __enable_if_t
        -: 1155:        <
        -: 1156:            __can_be_converted_to_string_view<_CharT, _Traits, _Tp>::value,
        -: 1157:            basic_string&
        -: 1158:        >
        -: 1159:                 insert(size_type __pos1, const _Tp& __t)
        -: 1160:    { __self_view __sv = __t; return insert(__pos1, __sv.data(), __sv.size()); }
        -: 1161:
        -: 1162:    template <class _Tp>
        -: 1163:    _LIBCPP_METHOD_TEMPLATE_IMPLICIT_INSTANTIATION_VIS _LIBCPP_CONSTEXPR_AFTER_CXX17
        -: 1164:    __enable_if_t
        -: 1165:        <
        -: 1166:            __can_be_converted_to_string_view<_CharT, _Traits, _Tp>::value && !__is_same_uncvref<_Tp, basic_string>::value,
        -: 1167:            basic_string&
        -: 1168:        >
[...]
        -: 4358:                __lhs_sz + __rhs_sz,
        -: 4359:                _String::__alloc_traits::select_on_container_copy_construction(__lhs.get_allocator()));
        -: 4360:    auto __ptr = std::__to_address(__r.__get_pointer());
        -: 4361:    _Traits::copy(__ptr, __lhs.data(), __lhs_sz);
        -: 4362:    _Traits::copy(__ptr + __lhs_sz, __rhs.data(), __rhs_sz);
        -: 4363:    _Traits::assign(__ptr + __lhs_sz + __rhs_sz, 1, _CharT());
        -: 4364:    return __r;
        -: 4365:}
        -: 4366:
        -: 4367:template<class _CharT, class _Traits, class _Allocator>
        -: 4368:_LIBCPP_CONSTEXPR_AFTER_CXX17
        -: 4369:basic_string<_CharT, _Traits, _Allocator>
        -: 4370:operator+(const _CharT* __lhs , const basic_string<_CharT,_Traits,_Allocator>& __rhs)
        -: 4371:{
        -: 4372:    using _String = basic_string<_CharT, _Traits, _Allocator>;
        -: 4373:    auto __lhs_sz = _Traits::length(__lhs);
        -: 4374:    auto __rhs_sz = __rhs.size();
        -: 4375:    _String __r(__uninitialized_size_tag(),
        -: 4376:                __lhs_sz + __rhs_sz,
        -: 4377:                _String::__alloc_traits::select_on_container_copy_construction(__rhs.get_allocator()));
        -: 4378:    auto __ptr = std::__to_address(__r.__get_pointer());
        -: 4379:    _Traits::copy(__ptr, __lhs, __lhs_sz);
        -: 4380:    _Traits::copy(__ptr + __lhs_sz, __rhs.data(), __rhs_sz);
        -: 4381:    _Traits::assign(__ptr + __lhs_sz + __rhs_sz, 1, _CharT());
        -: 4382:    return __r;
        -: 4383:}
        -: 4384:
        -: 4385:template<class _CharT, class _Traits, class _Allocator>
        -: 4386:_LIBCPP_CONSTEXPR_AFTER_CXX17
        -: 4387:basic_string<_CharT, _Traits, _Allocator>
        -: 4388:operator+(_CharT __lhs, const basic_string<_CharT,_Traits,_Allocator>& __rhs)
        -: 4389:{
        -: 4390:    using _String = basic_string<_CharT, _Traits, _Allocator>;
        -: 4391:    typename _String::size_type __rhs_sz = __rhs.size();
        -: 4392:    _String __r(__uninitialized_size_tag(),
        -: 4393:                __rhs_sz + 1,
        -: 4394:                _String::__alloc_traits::select_on_container_copy_construction(__rhs.get_allocator()));
        -: 4395:    auto __ptr = std::__to_address(__r.__get_pointer());
        -: 4396:    _Traits::assign(__ptr, 1, __lhs);
        -: 4397:    _Traits::copy(__ptr + 1, __rhs.data(), __rhs_sz);
        -: 4398:    _Traits::assign(__ptr + 1 + __rhs_sz, 1, _CharT());
        -: 4399:    return __r;
        -: 4400:}
        -: 4401:
        -: 4402:template<class _CharT, class _Traits, class _Allocator>
        -: 4403:inline _LIBCPP_CONSTEXPR_AFTER_CXX17
        -: 4404:basic_string<_CharT, _Traits, _Allocator>
        -: 4405:operator+(const basic_string<_CharT, _Traits, _Allocator>& __lhs, const _CharT* __rhs)
        -: 4406:{
        -: 4407:    using _String = basic_string<_CharT, _Traits, _Allocator>;
        -: 4408:    typename _String::size_type __lhs_sz = __lhs.size();
        -: 4409:    typename _String::size_type __rhs_sz = _Traits::length(__rhs);
        -: 4410:    _String __r(__uninitialized_size_tag(),
        -: 4411:                __lhs_sz + __rhs_sz,
        -: 4412:                _String::__alloc_traits::select_on_container_copy_construction(__lhs.get_allocator()));
        -: 4413:    auto __ptr = std::__to_address(__r.__get_pointer());
        -: 4414:    _Traits::copy(__ptr, __lhs.data(), __lhs_sz);
        -: 4415:    _Traits::copy(__ptr + __lhs_sz, __rhs, __rhs_sz);
        -: 4416:    _Traits::assign(__ptr + __lhs_sz + __rhs_sz, 1, _CharT());
        -: 4417:    return __r;
        -: 4418:}
        -: 4419:
        -: 4420:template<class _CharT, class _Traits, class _Allocator>
        -: 4421:_LIBCPP_CONSTEXPR_AFTER_CXX17
        -: 4422:basic_string<_CharT, _Traits, _Allocator>
        -: 4423:operator+(const basic_string<_CharT, _Traits, _Allocator>& __lhs, _CharT __rhs)
        -: 4424:{
        -: 4425:    using _String = basic_string<_CharT, _Traits, _Allocator>;
        -: 4426:    typename _String::size_type __lhs_sz = __lhs.size();
        -: 4427:    _String __r(__uninitialized_size_tag(),
        -: 4428:                __lhs_sz + 1,
        -: 4429:                _String::__alloc_traits::select_on_container_copy_construction(__lhs.get_allocator()));
        -: 4430:    auto __ptr = std::__to_address(__r.__get_pointer());
        -: 4431:    _Traits::copy(__ptr, __lhs.data(), __lhs_sz);
        -: 4432:    _Traits::assign(__ptr + __lhs_sz, 1, __rhs);
        -: 4433:    _Traits::assign(__ptr + 1 + __lhs_sz, 1, _CharT());
        -: 4434:    return __r;
        -: 4435:}
        -: 4436:
        -: 4437:#ifndef _LIBCPP_CXX03_LANG
        -: 4438:
        -: 4439:template<class _CharT, class _Traits, class _Allocator>
        -: 4440:inline _LIBCPP_HIDE_FROM_ABI _LIBCPP_CONSTEXPR_AFTER_CXX17
        -: 4441:basic_string<_CharT, _Traits, _Allocator>
        -: 4442:operator+(basic_string<_CharT, _Traits, _Allocator>&& __lhs, const basic_string<_CharT, _Traits, _Allocator>& __rhs)
        -: 4443:{
        -: 4444:    return std::move(__lhs.append(__rhs));
        -: 4445:}
        -: 4446:
        -: 4447:template<class _CharT, class _Traits, class _Allocator>
        -: 4448:inline _LIBCPP_HIDE_FROM_ABI _LIBCPP_CONSTEXPR_AFTER_CXX17
        -: 4449:basic_string<_CharT, _Traits, _Allocator>
        -: 4450:operator+(const basic_string<_CharT, _Traits, _Allocator>& __lhs, basic_string<_CharT, _Traits, _Allocator>&& __rhs)
        -: 4451:{
        -: 4452:    return std::move(__rhs.insert(0, __lhs));
        -: 4453:}
        -: 4454:
        -: 4455:template<class _CharT, class _Traits, class _Allocator>
        -: 4456:inline _LIBCPP_HIDE_FROM_ABI _LIBCPP_CONSTEXPR_AFTER_CXX17
        -: 4457:basic_string<_CharT, _Traits, _Allocator>
        -: 4458:operator+(basic_string<_CharT, _Traits, _Allocator>&& __lhs, basic_string<_CharT, _Traits, _Allocator>&& __rhs)
        -: 4459:{
        -: 4460:    return std::move(__lhs.append(__rhs));
        -: 4461:}
        -: 4462:
        -: 4463:template<class _CharT, class _Traits, class _Allocator>
        -: 4464:inline _LIBCPP_HIDE_FROM_ABI _LIBCPP_CONSTEXPR_AFTER_CXX17
        -: 4465:basic_string<_CharT, _Traits, _Allocator>
        -: 4466:operator+(const _CharT* __lhs , basic_string<_CharT,_Traits,_Allocator>&& __rhs)
        -: 4467:{
        -: 4468:    return std::move(__rhs.insert(0, __lhs));
        -: 4469:}
        -: 4470:
        -: 4471:template<class _CharT, class _Traits, class _Allocator>
        -: 4472:inline _LIBCPP_HIDE_FROM_ABI _LIBCPP_CONSTEXPR_AFTER_CXX17
        -: 4473:basic_string<_CharT, _Traits, _Allocator>
        -: 4474:operator+(_CharT __lhs, basic_string<_CharT,_Traits,_Allocator>&& __rhs)
        -: 4475:{
        -: 4476:    __rhs.insert(__rhs.begin(), __lhs);
        -: 4477:    return std::move(__rhs);
        -: 4478:}
        -: 4479:
        -: 4480:template<class _CharT, class _Traits, class _Allocator>
        -: 4481:inline _LIBCPP_HIDE_FROM_ABI _LIBCPP_CONSTEXPR_AFTER_CXX17
        -: 4482:basic_string<_CharT, _Traits, _Allocator>
        -: 4483:operator+(basic_string<_CharT, _Traits, _Allocator>&& __lhs, const _CharT* __rhs)
        -: 4484:{
        -: 4485:    return std::move(__lhs.append(__rhs));
        -: 4486:}
        -: 4487:
        -: 4488:template<class _CharT, class _Traits, class _Allocator>
        -: 4489:inline _LIBCPP_HIDE_FROM_ABI _LIBCPP_CONSTEXPR_AFTER_CXX17
        -: 4490:basic_string<_CharT, _Traits, _Allocator>
        -: 4491:operator+(basic_string<_CharT, _Traits, _Allocator>&& __lhs, _CharT __rhs)
        -: 4492:{
        -: 4493:    __lhs.push_back(__rhs);
        -: 4494:    return std::move(__lhs);
        -: 4495:}
        -: 4496:
        -: 4497:#endif // _LIBCPP_CXX03_LANG
        -: 4498:
        -: 4499:// swap
        -: 4500:
        -: 4501:template<class _CharT, class _Traits, class _Allocator>
        -: 4502:inline _LIBCPP_HIDE_FROM_ABI _LIBCPP_CONSTEXPR_AFTER_CXX17
        -: 4503:void
        -: 4504:swap(basic_string<_CharT, _Traits, _Allocator>& __lhs,
        -: 4505:     basic_string<_CharT, _Traits, _Allocator>& __rhs)
        -: 4506:     _NOEXCEPT_(_NOEXCEPT_(__lhs.swap(__rhs)))
        -: 4507:{
        -: 4508:    __lhs.swap(__rhs);
        -: 4509:}
        -: 4510:
        -: 4511:_LIBCPP_FUNC_VIS int                stoi  (const string& __str, size_t* __idx = nullptr, int __base = 10);
        -: 4512:_LIBCPP_FUNC_VIS long               stol  (const string& __str, size_t* __idx = nullptr, int __base = 10);
        -: 4513:_LIBCPP_FUNC_VIS unsigned long      stoul (const string& __str, size_t* __idx = nullptr, int __base = 10);
        -: 4514:_LIBCPP_FUNC_VIS long long          stoll (const string& __str, size_t* __idx = nullptr, int __base = 10);
        -: 4515:_LIBCPP_FUNC_VIS unsigned long long stoull(const string& __str, size_t* __idx = nullptr, int __base = 10);
        -: 4516:
        -: 4517:_LIBCPP_FUNC_VIS float       stof (const string& __str, size_t* __idx = nullptr);
        -: 4518:_LIBCPP_FUNC_VIS double      stod (const string& __str, size_t* __idx = nullptr);
        -: 4519:_LIBCPP_FUNC_VIS long double stold(const string& __str, size_t* __idx = nullptr);
        -: 4520:
        -: 4521:_LIBCPP_FUNC_VIS string to_string(int __val);
        -: 4522:_LIBCPP_FUNC_VIS string to_string(unsigned __val);
        -: 4523:_LIBCPP_FUNC_VIS string to_string(long __val);
        -: 4524:_LIBCPP_FUNC_VIS string to_string(unsigned long __val);
        -: 4525:_LIBCPP_FUNC_VIS string to_string(long long __val);
        -: 4526:_LIBCPP_FUNC_VIS string to_string(unsigned long long __val);
        -: 4527:_LIBCPP_FUNC_VIS string to_string(float __val);
        -: 4528:_LIBCPP_FUNC_VIS string to_string(double __val);
        -: 4529:_LIBCPP_FUNC_VIS string to_string(long double __val);
        -: 4530:
        -: 4531:#ifndef _LIBCPP_HAS_NO_WIDE_CHARACTERS
        -: 4532:_LIBCPP_FUNC_VIS int                stoi  (const wstring& __str, size_t* __idx = nullptr, int __base = 10);
        -: 4533:_LIBCPP_FUNC_VIS long               stol  (const wstring& __str, size_t* __idx = nullptr, int __base = 10);
        -: 4534:_LIBCPP_FUNC_VIS unsigned long      stoul (const wstring& __str, size_t* __idx = nullptr, int __base = 10);
        -: 4535:_LIBCPP_FUNC_VIS long long          stoll (const wstring& __str, size_t* __idx = nullptr, int __base = 10);
        -: 4536:_LIBCPP_FUNC_VIS unsigned long long stoull(const wstring& __str, size_t* __idx = nullptr, int __base = 10);
        -: 4537:
        -: 4538:_LIBCPP_FUNC_VIS float       stof (const wstring& __str, size_t* __idx = nullptr);
        -: 4539:_LIBCPP_FUNC_VIS double      stod (const wstring& __str, size_t* __idx = nullptr);
        -: 4540:_LIBCPP_FUNC_VIS long double stold(const wstring& __str, size_t* __idx = nullptr);
        -: 4541:
        -: 4542:_LIBCPP_FUNC_VIS wstring to_wstring(int __val);
        -: 4543:_LIBCPP_FUNC_VIS wstring to_wstring(unsigned __val);
        -: 4544:_LIBCPP_FUNC_VIS wstring to_wstring(long __val);
        -: 4545:_LIBCPP_FUNC_VIS wstring to_wstring(unsigned long __val);
        -: 4546:_LIBCPP_FUNC_VIS wstring to_wstring(long long __val);
        -: 4547:_LIBCPP_FUNC_VIS wstring to_wstring(unsigned long long __val);
        -: 4548:_LIBCPP_FUNC_VIS wstring to_wstring(float __val);
        -: 4549:_LIBCPP_FUNC_VIS wstring to_wstring(double __val);
        -: 4550:_LIBCPP_FUNC_VIS wstring to_wstring(long double __val);
        -: 4551:#endif // _LIBCPP_HAS_NO_WIDE_CHARACTERS
        -: 4552:
        -: 4553:template<class _CharT, class _Traits, class _Allocator>
        -: 4554:_LIBCPP_TEMPLATE_DATA_VIS
        -: 4555:const typename basic_string<_CharT, _Traits, _Allocator>::size_type
        -: 4556:               basic_string<_CharT, _Traits, _Allocator>::npos;
        -: 4557:
        -: 4558:template <class _CharT, class _Allocator>
        -: 4559:struct _LIBCPP_TEMPLATE_VIS
        -: 4560:    hash<basic_string<_CharT, char_traits<_CharT>, _Allocator> >
        -: 4561:    : public __unary_function<basic_string<_CharT, char_traits<_CharT>, _Allocator>, size_t>
        -: 4562:{
        -: 4563:    size_t
        -: 4564:    operator()(const basic_string<_CharT, char_traits<_CharT>, _Allocator>& __val) const _NOEXCEPT
        -: 4565:    { return __do_string_hash(__val.data(), __val.data() + __val.size()); }
        -: 4566:};
        -: 4567:
        -: 4568:template<class _CharT, class _Traits, class _Allocator>
        -: 4569:basic_ostream<_CharT, _Traits>&
        -: 4570:operator<<(basic_ostream<_CharT, _Traits>& __os,
        -: 4571:           const basic_string<_CharT, _Traits, _Allocator>& __str);
        -: 4572:
        -: 4573:template<class _CharT, class _Traits, class _Allocator>
        -: 4574:basic_istream<_CharT, _Traits>&
        -: 4575:operator>>(basic_istream<_CharT, _Traits>& __is,
        -: 4576:           basic_string<_CharT, _Traits, _Allocator>& __str);
        -: 4577:
        -: 4578:template<class _CharT, class _Traits, class _Allocator>
        -: 4579:basic_istream<_CharT, _Traits>&
        -: 4580:getline(basic_istream<_CharT, _Traits>& __is,
        -: 4581:        basic_string<_CharT, _Traits, _Allocator>& __str, _CharT __dlm);
        -: 4582:
        -: 4583:template<class _CharT, class _Traits, class _Allocator>
        -: 4584:inline _LIBCPP_HIDE_FROM_ABI
        -: 4585:basic_istream<_CharT, _Traits>&
        -: 4586:getline(basic_istream<_CharT, _Traits>& __is,
        -: 4587:        basic_string<_CharT, _Traits, _Allocator>& __str);
        -: 4588:
        -: 4589:template<class _CharT, class _Traits, class _Allocator>
        -: 4590:inline _LIBCPP_HIDE_FROM_ABI
        -: 4591:basic_istream<_CharT, _Traits>&
        -: 4592:getline(basic_istream<_CharT, _Traits>&& __is,
        -: 4593:        basic_string<_CharT, _Traits, _Allocator>& __str, _CharT __dlm);
        -: 4594:
        -: 4595:template<class _CharT, class _Traits, class _Allocator>
        -: 4596:inline _LIBCPP_HIDE_FROM_ABI
        -: 4597:basic_istream<_CharT, _Traits>&
        -: 4598:getline(basic_istream<_CharT, _Traits>&& __is,
        -: 4599:        basic_string<_CharT, _Traits, _Allocator>& __str);
        -: 4600:
        -: 4601:#if _LIBCPP_STD_VER > 17
        -: 4602:template <class _CharT, class _Traits, class _Allocator, class _Up>
        -: 4603:inline _LIBCPP_HIDE_FROM_ABI
        -: 4604:    typename basic_string<_CharT, _Traits, _Allocator>::size_type
        -: 4605:    erase(basic_string<_CharT, _Traits, _Allocator>& __str, const _Up& __v) {
        -: 4606:  auto __old_size = __str.size();
        -: 4607:  __str.erase(std::remove(__str.begin(), __str.end(), __v), __str.end());
        -: 4608:  return __old_size - __str.size();
        -: 4609:}
        -: 4610:
        -: 4611:template <class _CharT, class _Traits, class _Allocator, class _Predicate>
        -: 4612:inline _LIBCPP_HIDE_FROM_ABI
        -: 4613:    typename basic_string<_CharT, _Traits, _Allocator>::size_type
        -: 4614:    erase_if(basic_string<_CharT, _Traits, _Allocator>& __str,
        -: 4615:             _Predicate __pred) {
        -: 4616:  auto __old_size = __str.size();
        -: 4617:  __str.erase(std::remove_if(__str.begin(), __str.end(), __pred),
        -: 4618:              __str.end());
        -: 4619:  return __old_size - __str.size();
        -: 4620:}
        -: 4621:#endif
        -: 4622:
        -: 4623:#ifdef _LIBCPP_ENABLE_DEBUG_MODE
        -: 4624:
        -: 4625:template<class _CharT, class _Traits, class _Allocator>
        -: 4626:bool
        -: 4627:basic_string<_CharT, _Traits, _Allocator>::__dereferenceable(const const_iterator* __i) const
        -: 4628:{
        -: 4629:    return data() <= std::__to_address(__i->base()) &&
        -: 4630:           std::__to_address(__i->base()) < data() + size();
        -: 4631:}
        -: 4632:
        -: 4633:template<class _CharT, class _Traits, class _Allocator>
        -: 4634:bool
        -: 4635:basic_string<_CharT, _Traits, _Allocator>::__decrementable(const const_iterator* __i) const
        -: 4636:{
        -: 4637:    return data() < std::__to_address(__i->base()) &&
        -: 4638:           std::__to_address(__i->base()) <= data() + size();
        -: 4639:}
        -: 4640:
        -: 4641:template<class _CharT, class _Traits, class _Allocator>
        -: 4642:bool
        -: 4643:basic_string<_CharT, _Traits, _Allocator>::__addable(const const_iterator* __i, ptrdiff_t __n) const
        -: 4644:{
        -: 4645:    const value_type* __p = std::__to_address(__i->base()) + __n;
        -: 4646:    return data() <= __p && __p <= data() + size();
        -: 4647:}
        -: 4648:
        -: 4649:template<class _CharT, class _Traits, class _Allocator>
        -: 4650:bool
        -: 4651:basic_string<_CharT, _Traits, _Allocator>::__subscriptable(const const_iterator* __i, ptrdiff_t __n) const
        -: 4652:{
        -: 4653:    const value_type* __p = std::__to_address(__i->base()) + __n;
        -: 4654:    return data() <= __p && __p < data() + size();
        -: 4655:}
        -: 4656:
        -: 4657:#endif // _LIBCPP_ENABLE_DEBUG_MODE
        -: 4658:
        -: 4659:#if _LIBCPP_STD_VER > 11
        -: 4660:// Literal suffixes for basic_string [basic.string.literals]
        -: 4661:inline namespace literals
        -: 4662:{
        -: 4663:  inline namespace string_literals
        -: 4664:  {
        -: 4665:    inline _LIBCPP_HIDE_FROM_ABI _LIBCPP_CONSTEXPR_AFTER_CXX17
        -: 4666:    basic_string<char> operator "" s( const char *__str, size_t __len )
        -: 4667:    {
        -: 4668:        return basic_string<char> (__str, __len);
        -: 4669:    }
        -: 4670:
        -: 4671:#ifndef _LIBCPP_HAS_NO_WIDE_CHARACTERS
        -: 4672:    inline _LIBCPP_HIDE_FROM_ABI _LIBCPP_CONSTEXPR_AFTER_CXX17
        -: 4673:    basic_string<wchar_t> operator "" s( const wchar_t *__str, size_t __len )
        -: 4674:    {
        -: 4675:        return basic_string<wchar_t> (__str, __len);
        -: 4676:    }
        -: 4677:#endif
        -: 4678:
        -: 4679:#ifndef _LIBCPP_HAS_NO_CHAR8_T
        -: 4680:    inline _LIBCPP_HIDE_FROM_ABI constexpr
        -: 4681:    basic_string<char8_t> operator "" s(const char8_t *__str, size_t __len) _NOEXCEPT
        -: 4682:    {
        -: 4683:        return basic_string<char8_t> (__str, __len);
        -: 4684:    }
        -: 4685:#endif
        -: 4686:
        -: 4687:    inline _LIBCPP_HIDE_FROM_ABI _LIBCPP_CONSTEXPR_AFTER_CXX17
        -: 4688:    basic_string<char16_t> operator "" s( const char16_t *__str, size_t __len )
        -: 4689:    {
        -: 4690:        return basic_string<char16_t> (__str, __len);
        -: 4691:    }
        -: 4692:
        -: 4693:    inline _LIBCPP_HIDE_FROM_ABI _LIBCPP_CONSTEXPR_AFTER_CXX17
        -: 4694:    basic_string<char32_t> operator "" s( const char32_t *__str, size_t __len )
        -: 4695:    {
        -: 4696:        return basic_string<char32_t> (__str, __len);
        -: 4697:    }
        -: 4698:  } // namespace string_literals
        -: 4699:} // namespace literals
        -: 4700:
        -: 4701:#if _LIBCPP_STD_VER > 17
        -: 4702:template <>
        -: 4703:inline constexpr bool __format::__enable_insertable<std::basic_string<char>> = true;
        -: 4704:#ifndef _LIBCPP_HAS_NO_WIDE_CHARACTERS
        -: 4705:template <>
        -: 4706:inline constexpr bool __format::__enable_insertable<std::basic_string<wchar_t>> = true;
        -: 4707:#endif
        -: 4708:#endif
        -: 4709:
        -: 4710:#endif
        -: 4711:
        -: 4712:_LIBCPP_END_NAMESPACE_STD
        -: 4713:
        -: 4714:_LIBCPP_POP_MACROS
        -: 4715:
        -: 4716:#endif // _LIBCPP_STRING
